
=== START 2025-08-13T12:17:04.005460 | ch=18 ===
[in#0 @ 000001b393b06540] Error opening input: Invalid argument
Error opening input file .
Error opening input files: Invalid argument

=== START 2025-08-13T12:17:09.389062 | ch=18 ===
[in#0 @ 000002f36ca56540] Error opening input: Invalid argument
Error opening input file .
Error opening input files: Invalid argument

=== START 2025-08-13T12:17:14.727754 | ch=18 ===
[in#0 @ 0000026ce1f16540] Error opening input: Invalid argument
Error opening input file .
Error opening input files: Invalid argument

=== START 2025-08-13T12:17:20.065800 | ch=18 ===
[in#0 @ 000001c1a5456540] Error opening input: Invalid argument
Error opening input file .
Error opening input files: Invalid argument

=== START 2025-08-13T12:17:25.384771 | ch=18 ===
[in#0 @ 000001e9e31e6540] Error opening input: Invalid argument
Error opening input file .
Error opening input files: Invalid argument

=== START 2025-08-13T12:17:30.713031 | ch=18 ===
[in#0 @ 000001c4bb116540] Error opening input: Invalid argument
Error opening input file .
Error opening input files: Invalid argument

=== START 2025-08-13T12:17:36.040193 | ch=18 ===
[in#0 @ 0000027ddf346540] Error opening input: Invalid argument
Error opening input file .
Error opening input files: Invalid argument

=== START 2025-08-13T12:17:41.365632 | ch=18 ===
[in#0 @ 0000019ee3e06540] Error opening input: Invalid argument
Error opening input file .
Error opening input files: Invalid argument

=== START 2025-08-13T12:17:46.743594 | ch=18 ===
[in#0 @ 00000140f8a66540] Error opening input: Invalid argument
Error opening input file .
Error opening input files: Invalid argument

=== START 2025-08-13T12:17:52.087330 | ch=18 ===
[in#0 @ 0000029b0f526540] Error opening input: Invalid argument
Error opening input file .
Error opening input files: Invalid argument

=== START 2025-08-13T12:17:57.406024 | ch=18 ===
[in#0 @ 000001e54cd76540] Error opening input: Invalid argument
Error opening input file .
Error opening input files: Invalid argument

=== START 2025-08-13T12:18:02.737903 | ch=18 ===
[in#0 @ 0000026b87686540] Error opening input: Invalid argument
Error opening input file .
Error opening input files: Invalid argument

=== START 2025-08-13T12:18:08.070058 | ch=18 ===
[in#0 @ 000001c0e0306540] Error opening input: Invalid argument
Error opening input file .
Error opening input files: Invalid argument

=== START 2025-08-13T12:18:13.406328 | ch=18 ===
[in#0 @ 000001b7936a6540] Error opening input: Invalid argument
Error opening input file .
Error opening input files: Invalid argument

=== START 2025-08-13T12:18:18.725688 | ch=18 ===
[in#0 @ 000002729e396540] Error opening input: Invalid argument
Error opening input file .
Error opening input files: Invalid argument

=== START 2025-08-13T12:18:24.055551 | ch=18 ===
[in#0 @ 0000027186396540] Error opening input: Invalid argument
Error opening input file .
Error opening input files: Invalid argument

=== START 2025-08-13T12:18:29.392008 | ch=18 ===
[in#0 @ 0000018284436540] Error opening input: Invalid argument
Error opening input file .
Error opening input files: Invalid argument

=== START 2025-08-13T12:18:34.719797 | ch=18 ===
[in#0 @ 000001d7a88c6540] Error opening input: Invalid argument
Error opening input file .
Error opening input files: Invalid argument

=== START 2025-08-13T12:18:40.046676 | ch=18 ===
[in#0 @ 0000020d0bb96540] Error opening input: Invalid argument
Error opening input file .
Error opening input files: Invalid argument

=== START 2025-08-13T12:18:45.377388 | ch=18 ===
[in#0 @ 000001ab33e16540] Error opening input: Invalid argument
Error opening input file .
Error opening input files: Invalid argument

=== START 2025-08-13T12:18:50.696872 | ch=18 ===
[in#0 @ 000001a493506540] Error opening input: Invalid argument
Error opening input file .
Error opening input files: Invalid argument

=== START 2025-08-13T12:18:56.023614 | ch=18 ===
[in#0 @ 00000271899c6540] Error opening input: Invalid argument
Error opening input file .
Error opening input files: Invalid argument

=== START 2025-08-13T12:19:01.353601 | ch=18 ===
[in#0 @ 000002b897806540] Error opening input: Invalid argument
Error opening input file .
Error opening input files: Invalid argument

=== START 2025-08-13T12:19:06.675068 | ch=18 ===
[in#0 @ 000001e0f0566540] Error opening input: Invalid argument
Error opening input file .
Error opening input files: Invalid argument

=== START 2025-08-13T12:19:11.999041 | ch=18 ===
[in#0 @ 000001d0ae5b6540] Error opening input: Invalid argument
Error opening input file .
Error opening input files: Invalid argument

=== START 2025-08-13T12:19:17.327634 | ch=18 ===
[in#0 @ 000002eb0ad96540] Error opening input: Invalid argument
Error opening input file .
Error opening input files: Invalid argument

=== START 2025-08-13T12:19:22.654410 | ch=18 ===
[in#0 @ 0000017b9ea56540] Error opening input: Invalid argument
Error opening input file .
Error opening input files: Invalid argument

=== START 2025-08-13T12:19:27.975219 | ch=18 ===
[in#0 @ 0000019aaf2a6540] Error opening input: Invalid argument
Error opening input file .
Error opening input files: Invalid argument

=== START 2025-08-13T12:19:33.297257 | ch=18 ===
[in#0 @ 00000292afa26540] Error opening input: Invalid argument
Error opening input file .
Error opening input files: Invalid argument

=== START 2025-08-13T12:19:38.615253 | ch=18 ===
[in#0 @ 00000234205d6540] Error opening input: Invalid argument
Error opening input file .
Error opening input files: Invalid argument

=== START 2025-08-13T12:19:43.931944 | ch=18 ===
[in#0 @ 0000015c926c6540] Error opening input: Invalid argument
Error opening input file .
Error opening input files: Invalid argument

=== START 2025-08-13T12:19:49.257339 | ch=18 ===
[in#0 @ 000001b185786540] Error opening input: Invalid argument
Error opening input file .
Error opening input files: Invalid argument

=== START 2025-08-13T12:19:54.579984 | ch=18 ===
[in#0 @ 00000254f8c26540] Error opening input: Invalid argument
Error opening input file .
Error opening input files: Invalid argument

=== START 2025-08-13T12:19:59.904514 | ch=18 ===
[in#0 @ 0000010c59316540] Error opening input: Invalid argument
Error opening input file .
Error opening input files: Invalid argument

=== START 2025-08-13T12:20:05.241581 | ch=18 ===
[in#0 @ 0000021b080e6540] Error opening input: Invalid argument
Error opening input file .
Error opening input files: Invalid argument

=== START 2025-08-13T12:20:10.569870 | ch=18 ===
[in#0 @ 0000025b7f6c6540] Error opening input: Invalid argument
Error opening input file .
Error opening input files: Invalid argument

=== START 2025-08-13T12:20:15.895010 | ch=18 ===
[in#0 @ 000001e3f6c36540] Error opening input: Invalid argument
Error opening input file .
Error opening input files: Invalid argument

=== START 2025-08-13T12:20:21.238835 | ch=18 ===
[in#0 @ 0000021455576540] Error opening input: Invalid argument
Error opening input file .
Error opening input files: Invalid argument

=== START 2025-08-13T12:20:26.575468 | ch=18 ===
[in#0 @ 000001d579cc6540] Error opening input: Invalid argument
Error opening input file .
Error opening input files: Invalid argument

=== START 2025-08-13T12:20:31.904200 | ch=18 ===
[in#0 @ 000002716cbb6540] Error opening input: Invalid argument
Error opening input file .
Error opening input files: Invalid argument

=== START 2025-08-13T12:20:37.233485 | ch=18 ===
[in#0 @ 000002a07e816540] Error opening input: Invalid argument
Error opening input file .
Error opening input files: Invalid argument

=== START 2025-08-13T12:20:42.579771 | ch=18 ===
[in#0 @ 0000020fce226540] Error opening input: Invalid argument
Error opening input file .
Error opening input files: Invalid argument

=== START 2025-08-13T12:20:47.909002 | ch=18 ===
[in#0 @ 00000261d79e6540] Error opening input: Invalid argument
Error opening input file .
Error opening input files: Invalid argument

=== START 2025-08-13T12:20:53.239546 | ch=18 ===
[in#0 @ 000001411a1f6540] Error opening input: Invalid argument
Error opening input file .
Error opening input files: Invalid argument

=== START 2025-08-13T12:20:58.577953 | ch=18 ===
[in#0 @ 0000024aa3a16540] Error opening input: Invalid argument
Error opening input file .
Error opening input files: Invalid argument

=== START 2025-08-13T12:21:03.906093 | ch=18 ===
[in#0 @ 000001d3e9de6540] Error opening input: Invalid argument
Error opening input file .
Error opening input files: Invalid argument

=== START 2025-08-13T12:21:09.232830 | ch=18 ===
[in#0 @ 0000017a38936540] Error opening input: Invalid argument
Error opening input file .
Error opening input files: Invalid argument

=== START 2025-08-13T12:21:14.562922 | ch=18 ===
[in#0 @ 00000234b0366540] Error opening input: Invalid argument
Error opening input file .
Error opening input files: Invalid argument

=== START 2025-08-13T12:21:19.896372 | ch=18 ===
[in#0 @ 00000204eb1e6540] Error opening input: Invalid argument
Error opening input file .
Error opening input files: Invalid argument

=== START 2025-08-13T12:21:25.243051 | ch=18 ===
[in#0 @ 00000281d95a6540] Error opening input: Invalid argument
Error opening input file .
Error opening input files: Invalid argument

=== START 2025-08-13T12:21:30.573126 | ch=18 ===
[in#0 @ 000001d4935b6540] Error opening input: Invalid argument
Error opening input file .
Error opening input files: Invalid argument

=== START 2025-08-13T12:21:35.901166 | ch=18 ===
[in#0 @ 0000016f20b86540] Error opening input: Invalid argument
Error opening input file .
Error opening input files: Invalid argument

=== START 2025-08-13T12:21:41.227994 | ch=18 ===
[in#0 @ 0000022afe9c6540] Error opening input: Invalid argument
Error opening input file .
Error opening input files: Invalid argument

=== START 2025-08-13T12:21:46.562865 | ch=18 ===
[in#0 @ 00000244665e6540] Error opening input: Invalid argument
Error opening input file .
Error opening input files: Invalid argument

=== START 2025-08-13T12:21:51.899073 | ch=18 ===
[in#0 @ 0000017be8f36540] Error opening input: Invalid argument
Error opening input file .
Error opening input files: Invalid argument

=== START 2025-08-13T12:21:57.234368 | ch=18 ===
[in#0 @ 000001e01ade6540] Error opening input: Invalid argument
Error opening input file .
Error opening input files: Invalid argument

=== START 2025-08-13T12:22:02.569056 | ch=18 ===
[in#0 @ 000002313b776540] Error opening input: Invalid argument
Error opening input file .
Error opening input files: Invalid argument

=== START 2025-08-13T12:22:07.893335 | ch=18 ===
[in#0 @ 000001fe55b06540] Error opening input: Invalid argument
Error opening input file .
Error opening input files: Invalid argument

=== START 2025-08-13T12:22:13.220068 | ch=18 ===
[in#0 @ 000001d53dad6540] Error opening input: Invalid argument
Error opening input file .
Error opening input files: Invalid argument

=== START 2025-08-13T12:22:18.551102 | ch=18 ===
[in#0 @ 00000254b8e16540] Error opening input: Invalid argument
Error opening input file .
Error opening input files: Invalid argument

=== START 2025-08-13T12:22:23.883475 | ch=18 ===
[in#0 @ 00000248e3686540] Error opening input: Invalid argument
Error opening input file .
Error opening input files: Invalid argument

=== START 2025-08-13T12:22:29.202610 | ch=18 ===
[in#0 @ 00000255d0736540] Error opening input: Invalid argument
Error opening input file .
Error opening input files: Invalid argument

=== START 2025-08-13T12:22:34.528798 | ch=18 ===
[in#0 @ 0000021c96576540] Error opening input: Invalid argument
Error opening input file .
Error opening input files: Invalid argument

=== START 2025-08-13T12:22:39.860101 | ch=18 ===
[in#0 @ 000001bfbb906540] Error opening input: Invalid argument
Error opening input file .
Error opening input files: Invalid argument

=== START 2025-08-13T12:22:45.187102 | ch=18 ===
[in#0 @ 000001e2e5ca6540] Error opening input: Invalid argument
Error opening input file .
Error opening input files: Invalid argument

=== START 2025-08-13T12:22:50.509299 | ch=18 ===
[in#0 @ 0000021773ca6540] Error opening input: Invalid argument
Error opening input file .
Error opening input files: Invalid argument

=== START 2025-08-13T12:22:55.845119 | ch=18 ===
[in#0 @ 000001de751a6540] Error opening input: Invalid argument
Error opening input file .
Error opening input files: Invalid argument

=== START 2025-08-13T12:23:01.190925 | ch=18 ===
[in#0 @ 000001a5910f6540] Error opening input: Invalid argument
Error opening input file .
Error opening input files: Invalid argument

=== START 2025-08-13T12:23:06.522296 | ch=18 ===
[in#0 @ 0000021d7abe6540] Error opening input: Invalid argument
Error opening input file .
Error opening input files: Invalid argument

=== START 2025-08-13T12:23:11.855671 | ch=18 ===
[in#0 @ 00000231dfcd6540] Error opening input: Invalid argument
Error opening input file .
Error opening input files: Invalid argument

=== START 2025-08-13T12:23:17.181727 | ch=18 ===
[in#0 @ 0000021fe8896540] Error opening input: Invalid argument
Error opening input file .
Error opening input files: Invalid argument

=== START 2025-08-13T12:23:22.516006 | ch=18 ===
[in#0 @ 00000294cbee6540] Error opening input: Invalid argument
Error opening input file .
Error opening input files: Invalid argument

=== START 2025-08-13T12:23:27.844876 | ch=18 ===
[in#0 @ 000001d8df256540] Error opening input: Invalid argument
Error opening input file .
Error opening input files: Invalid argument

=== START 2025-08-13T12:23:33.173714 | ch=18 ===
[in#0 @ 000001ea5a656540] Error opening input: Invalid argument
Error opening input file .
Error opening input files: Invalid argument

=== START 2025-08-13T12:23:38.504680 | ch=18 ===
[in#0 @ 000002942e6c6540] Error opening input: Invalid argument
Error opening input file .
Error opening input files: Invalid argument

=== START 2025-08-13T12:23:43.833672 | ch=18 ===
[in#0 @ 000001322eab6540] Error opening input: Invalid argument
Error opening input file .
Error opening input files: Invalid argument

=== START 2025-08-13T12:23:49.163718 | ch=18 ===
[in#0 @ 0000017bfe686540] Error opening input: Invalid argument
Error opening input file .
Error opening input files: Invalid argument

=== START 2025-08-13T12:23:54.502309 | ch=18 ===
[in#0 @ 0000021c6e2f6540] Error opening input: Invalid argument
Error opening input file .
Error opening input files: Invalid argument

=== START 2025-08-13T12:23:59.838456 | ch=18 ===
[in#0 @ 000001c6b3436540] Error opening input: Invalid argument
Error opening input file .
Error opening input files: Invalid argument

=== START 2025-08-13T12:24:05.167082 | ch=18 ===
[in#0 @ 0000024b67686540] Error opening input: Invalid argument
Error opening input file .
Error opening input files: Invalid argument

=== START 2025-08-13T12:24:10.501804 | ch=18 ===
[in#0 @ 0000020bc58f6540] Error opening input: Invalid argument
Error opening input file .
Error opening input files: Invalid argument

=== START 2025-08-13T12:24:15.839156 | ch=18 ===
[in#0 @ 000001ec8cbf6540] Error opening input: Invalid argument
Error opening input file .
Error opening input files: Invalid argument

=== START 2025-08-13T12:24:21.163869 | ch=18 ===
[in#0 @ 0000010aebf16540] Error opening input: Invalid argument
Error opening input file .
Error opening input files: Invalid argument

=== START 2025-08-13T12:24:26.485208 | ch=18 ===
[in#0 @ 0000025f72516540] Error opening input: Invalid argument
Error opening input file .
Error opening input files: Invalid argument

=== START 2025-08-13T12:24:31.814736 | ch=18 ===
[in#0 @ 0000022d8b976540] Error opening input: Invalid argument
Error opening input file .
Error opening input files: Invalid argument

=== START 2025-08-13T12:24:37.155409 | ch=18 ===
[in#0 @ 0000023c70026540] Error opening input: Invalid argument
Error opening input file .
Error opening input files: Invalid argument

=== START 2025-08-13T12:24:42.482509 | ch=18 ===
[in#0 @ 000002ab69f96540] Error opening input: Invalid argument
Error opening input file .
Error opening input files: Invalid argument

=== START 2025-08-13T12:24:47.813861 | ch=18 ===
[in#0 @ 000002639e906540] Error opening input: Invalid argument
Error opening input file .
Error opening input files: Invalid argument

=== START 2025-08-13T12:24:53.141963 | ch=18 ===
[in#0 @ 000001dfa1216540] Error opening input: Invalid argument
Error opening input file .
Error opening input files: Invalid argument

=== START 2025-08-13T12:24:58.476420 | ch=18 ===
[in#0 @ 0000022432676540] Error opening input: Invalid argument
Error opening input file .
Error opening input files: Invalid argument

=== START 2025-08-13T12:25:03.802119 | ch=18 ===
[in#0 @ 000001e042db6540] Error opening input: Invalid argument
Error opening input file .
Error opening input files: Invalid argument

=== START 2025-08-13T12:25:09.138979 | ch=18 ===
[in#0 @ 000002338c1b6540] Error opening input: Invalid argument
Error opening input file .
Error opening input files: Invalid argument

=== START 2025-08-13T12:25:14.466139 | ch=18 ===
[in#0 @ 00000251e2fa6540] Error opening input: Invalid argument
Error opening input file .
Error opening input files: Invalid argument

=== START 2025-08-13T12:25:19.784846 | ch=18 ===
[in#0 @ 000001b2e8b46540] Error opening input: Invalid argument
Error opening input file .
Error opening input files: Invalid argument

=== START 2025-08-13T12:25:25.126767 | ch=18 ===
[in#0 @ 0000029a195c6540] Error opening input: Invalid argument
Error opening input file .
Error opening input files: Invalid argument

=== START 2025-08-13T12:25:30.461569 | ch=18 ===
[in#0 @ 0000010b48e26540] Error opening input: Invalid argument
Error opening input file .
Error opening input files: Invalid argument

=== START 2025-08-13T12:25:35.792381 | ch=18 ===
[in#0 @ 000001fb476e6540] Error opening input: Invalid argument
Error opening input file .
Error opening input files: Invalid argument

=== START 2025-08-13T12:25:41.114477 | ch=18 ===
[in#0 @ 000002b6d22d6540] Error opening input: Invalid argument
Error opening input file .
Error opening input files: Invalid argument

=== START 2025-08-13T12:25:46.438550 | ch=18 ===
[in#0 @ 0000023a0a146540] Error opening input: Invalid argument
Error opening input file .
Error opening input files: Invalid argument

=== START 2025-08-13T12:25:51.773948 | ch=18 ===
[in#0 @ 0000022dc3df6540] Error opening input: Invalid argument
Error opening input file .
Error opening input files: Invalid argument

=== START 2025-08-13T12:25:57.101198 | ch=18 ===
[in#0 @ 0000029efef16540] Error opening input: Invalid argument
Error opening input file .
Error opening input files: Invalid argument

=== START 2025-08-13T12:26:02.434217 | ch=18 ===
[in#0 @ 0000020044866540] Error opening input: Invalid argument
Error opening input file .
Error opening input files: Invalid argument

=== START 2025-08-13T12:26:07.756390 | ch=18 ===
[in#0 @ 00000232b8456540] Error opening input: Invalid argument
Error opening input file .
Error opening input files: Invalid argument

=== START 2025-08-13T12:26:13.079790 | ch=18 ===
[in#0 @ 000001dfd8a56540] Error opening input: Invalid argument
Error opening input file .
Error opening input files: Invalid argument

=== START 2025-08-13T12:26:18.411489 | ch=18 ===
[in#0 @ 0000028de93b6540] Error opening input: Invalid argument
Error opening input file .
Error opening input files: Invalid argument

=== START 2025-08-13T12:26:23.739317 | ch=18 ===
[in#0 @ 000001a285096540] Error opening input: Invalid argument
Error opening input file .
Error opening input files: Invalid argument

=== START 2025-08-13T12:26:29.066218 | ch=18 ===
[in#0 @ 00000240754c6540] Error opening input: Invalid argument
Error opening input file .
Error opening input files: Invalid argument

=== START 2025-08-13T12:26:34.401823 | ch=18 ===
[in#0 @ 00000295b0386540] Error opening input: Invalid argument
Error opening input file .
Error opening input files: Invalid argument

=== START 2025-08-13T12:26:39.734923 | ch=18 ===
[in#0 @ 0000024d63bd6540] Error opening input: Invalid argument
Error opening input file .
Error opening input files: Invalid argument

=== START 2025-08-13T12:26:45.066843 | ch=18 ===
[in#0 @ 000001e16f836540] Error opening input: Invalid argument
Error opening input file .
Error opening input files: Invalid argument

=== START 2025-08-13T12:26:50.390817 | ch=18 ===
[in#0 @ 000002fd06ee6540] Error opening input: Invalid argument
Error opening input file .
Error opening input files: Invalid argument

=== START 2025-08-13T12:26:55.724392 | ch=18 ===
[in#0 @ 000001e066186540] Error opening input: Invalid argument
Error opening input file .
Error opening input files: Invalid argument

=== START 2025-08-13T12:27:01.084662 | ch=18 ===
[in#0 @ 00000173e60a6540] Error opening input: Invalid argument
Error opening input file .
Error opening input files: Invalid argument

=== START 2025-08-13T12:27:06.406574 | ch=18 ===
[in#0 @ 000002023f426540] Error opening input: Invalid argument
Error opening input file .
Error opening input files: Invalid argument

=== START 2025-08-13T12:27:11.734577 | ch=18 ===
[in#0 @ 000001e77f5e6540] Error opening input: Invalid argument
Error opening input file .
Error opening input files: Invalid argument

=== START 2025-08-13T12:27:17.061930 | ch=18 ===
[in#0 @ 0000028881976540] Error opening input: Invalid argument
Error opening input file .
Error opening input files: Invalid argument

=== START 2025-08-13T12:27:22.390854 | ch=18 ===
[in#0 @ 0000022888cd6540] Error opening input: Invalid argument
Error opening input file .
Error opening input files: Invalid argument

=== START 2025-08-13T12:27:27.730704 | ch=18 ===
[in#0 @ 000001b66bcd6540] Error opening input: Invalid argument
Error opening input file .
Error opening input files: Invalid argument

=== START 2025-08-13T12:37:01.732661 | ch=18 ===
[in#0 @ 000002c03a836540] Error opening input: Invalid argument
Error opening input file .
Error opening input files: Invalid argument

=== START 2025-08-13T12:37:07.068217 | ch=18 ===
[in#0 @ 000002915d9b6540] Error opening input: Invalid argument
Error opening input file .
Error opening input files: Invalid argument

=== START 2025-08-13T12:37:12.400889 | ch=18 ===
[in#0 @ 000002bacf9e6540] Error opening input: Invalid argument
Error opening input file .
Error opening input files: Invalid argument

=== START 2025-08-13T12:37:17.722907 | ch=18 ===
[in#0 @ 000001c610c36540] Error opening input: Invalid argument
Error opening input file .
Error opening input files: Invalid argument

=== START 2025-08-13T12:37:23.053992 | ch=18 ===
[in#0 @ 0000021f94226540] Error opening input: Invalid argument
Error opening input file .
Error opening input files: Invalid argument

=== START 2025-08-13T12:37:28.402590 | ch=18 ===
[in#0 @ 000001ff24da6540] Error opening input: Invalid argument
Error opening input file .
Error opening input files: Invalid argument

=== START 2025-08-13T12:37:33.726601 | ch=18 ===
[in#0 @ 000001902d766540] Error opening input: Invalid argument
Error opening input file .
Error opening input files: Invalid argument

=== START 2025-08-13T12:37:39.098294 | ch=18 ===
[in#0 @ 000001d3e3376540] Error opening input: Invalid argument
Error opening input file .
Error opening input files: Invalid argument

=== START 2025-08-13T12:37:44.409507 | ch=18 ===
[in#0 @ 00000262549b6540] Error opening input: Invalid argument
Error opening input file .
Error opening input files: Invalid argument

=== START 2025-08-13T12:37:49.744356 | ch=18 ===
[in#0 @ 0000025507486540] Error opening input: Invalid argument
Error opening input file .
Error opening input files: Invalid argument

=== START 2025-08-13T12:37:55.082434 | ch=18 ===
[in#0 @ 000001d2ee7c6540] Error opening input: Invalid argument
Error opening input file .
Error opening input files: Invalid argument

=== START 2025-08-13T12:38:00.418584 | ch=18 ===
[in#0 @ 000001847e406540] Error opening input: Invalid argument
Error opening input file .
Error opening input files: Invalid argument

=== START 2025-08-13T12:38:05.748681 | ch=18 ===
[in#0 @ 0000020246336540] Error opening input: Invalid argument
Error opening input file .
Error opening input files: Invalid argument

=== START 2025-08-13T12:38:11.072627 | ch=18 ===
[in#0 @ 000002970cb16540] Error opening input: Invalid argument
Error opening input file .
Error opening input files: Invalid argument

=== START 2025-08-13T12:38:16.406642 | ch=18 ===
[in#0 @ 00000179697e6540] Error opening input: Invalid argument
Error opening input file .
Error opening input files: Invalid argument

=== START 2025-08-13T12:38:21.736042 | ch=18 ===
[in#0 @ 00000233a90c6540] Error opening input: Invalid argument
Error opening input file .
Error opening input files: Invalid argument

=== START 2025-08-13T12:38:27.075633 | ch=18 ===
[in#0 @ 0000021be5136540] Error opening input: Invalid argument
Error opening input file .
Error opening input files: Invalid argument

=== START 2025-08-13T12:38:32.424146 | ch=18 ===
[in#0 @ 000001c7588c6540] Error opening input: Invalid argument
Error opening input file .
Error opening input files: Invalid argument

=== START 2025-08-13T12:38:37.772094 | ch=18 ===
[in#0 @ 000001a549d16540] Error opening input: Invalid argument
Error opening input file .
Error opening input files: Invalid argument

=== START 2025-08-13T12:38:43.121205 | ch=18 ===
[in#0 @ 0000020177066540] Error opening input: Invalid argument
Error opening input file .
Error opening input files: Invalid argument

=== START 2025-08-13T12:38:48.469607 | ch=18 ===
[in#0 @ 000002424f096540] Error opening input: Invalid argument
Error opening input file .
Error opening input files: Invalid argument

=== START 2025-08-13T12:38:53.811086 | ch=18 ===
[in#0 @ 0000026bd6c86540] Error opening input: Invalid argument
Error opening input file .
Error opening input files: Invalid argument

=== START 2025-08-13T12:38:59.161832 | ch=18 ===
[in#0 @ 000001e613ce6540] Error opening input: Invalid argument
Error opening input file .
Error opening input files: Invalid argument

=== START 2025-08-13T12:39:04.507782 | ch=18 ===
[in#0 @ 0000017b87426540] Error opening input: Invalid argument
Error opening input file .
Error opening input files: Invalid argument

=== START 2025-08-13T12:39:09.863670 | ch=18 ===
[in#0 @ 00000192d3a16540] Error opening input: Invalid argument
Error opening input file .
Error opening input files: Invalid argument

=== START 2025-08-13T12:39:15.223370 | ch=18 ===
[in#0 @ 0000013a4b106540] Error opening input: Invalid argument
Error opening input file .
Error opening input files: Invalid argument

=== START 2025-08-13T12:39:20.564136 | ch=18 ===
[in#0 @ 000002155e4f6540] Error opening input: Invalid argument
Error opening input file .
Error opening input files: Invalid argument

=== START 2025-08-13T12:40:27.031779 | ch=18 ===
[in#0 @ 0000025e14126540] Error opening input: Invalid argument
Error opening input file .
Error opening input files: Invalid argument

=== START 2025-08-13T12:40:32.392841 | ch=18 ===
[in#0 @ 000001f4e5f46540] Error opening input: Invalid argument
Error opening input file .
Error opening input files: Invalid argument

=== START 2025-08-13T12:40:37.721355 | ch=18 ===
[in#0 @ 00000289efe26540] Error opening input: Invalid argument
Error opening input file .
Error opening input files: Invalid argument

=== START 2025-08-13T12:40:43.043889 | ch=18 ===
[in#0 @ 000001b7ba0c6540] Error opening input: Invalid argument
Error opening input file .
Error opening input files: Invalid argument

=== START 2025-08-13T12:40:48.363105 | ch=18 ===
[in#0 @ 0000020507956540] Error opening input: Invalid argument
Error opening input file .
Error opening input files: Invalid argument

=== START 2025-08-13T12:40:53.683035 | ch=18 ===
[in#0 @ 0000028c795a6540] Error opening input: Invalid argument
Error opening input file .
Error opening input files: Invalid argument

=== START 2025-08-13T12:40:58.996736 | ch=18 ===
[in#0 @ 0000027752806540] Error opening input: Invalid argument
Error opening input file .
Error opening input files: Invalid argument

=== START 2025-08-13T12:41:04.314095 | ch=18 ===
[in#0 @ 000001b18be66540] Error opening input: Invalid argument
Error opening input file .
Error opening input files: Invalid argument

=== START 2025-08-13T12:41:09.627848 | ch=18 ===
[in#0 @ 000001a82dce6540] Error opening input: Invalid argument
Error opening input file .
Error opening input files: Invalid argument

=== START 2025-08-13T12:41:14.951313 | ch=18 ===
[in#0 @ 000002002fe66540] Error opening input: Invalid argument
Error opening input file .
Error opening input files: Invalid argument

=== START 2025-08-13T12:41:20.279299 | ch=18 ===
[in#0 @ 000002625b3d6540] Error opening input: Invalid argument
Error opening input file .
Error opening input files: Invalid argument

=== START 2025-08-13T12:41:25.600219 | ch=18 ===
[in#0 @ 0000020a5b3a6540] Error opening input: Invalid argument
Error opening input file .
Error opening input files: Invalid argument

=== START 2025-08-13T12:41:30.926581 | ch=18 ===
[in#0 @ 0000022349996540] Error opening input: Invalid argument
Error opening input file .
Error opening input files: Invalid argument

=== START 2025-08-13T12:41:36.252703 | ch=18 ===
[in#0 @ 0000025201bb6540] Error opening input: Invalid argument
Error opening input file .
Error opening input files: Invalid argument

=== START 2025-08-13T12:41:41.594842 | ch=18 ===
[in#0 @ 000002d133486540] Error opening input: Invalid argument
Error opening input file .
Error opening input files: Invalid argument

=== START 2025-08-13T12:41:46.915136 | ch=18 ===
[in#0 @ 0000024fb5fc6540] Error opening input: Invalid argument
Error opening input file .
Error opening input files: Invalid argument

=== START 2025-08-13T12:41:52.232370 | ch=18 ===
[in#0 @ 00000234c3456540] Error opening input: Invalid argument
Error opening input file .
Error opening input files: Invalid argument

=== START 2025-08-13T12:41:57.551368 | ch=18 ===
[in#0 @ 0000029c12a16540] Error opening input: Invalid argument
Error opening input file .
Error opening input files: Invalid argument

=== START 2025-08-13T12:42:02.875311 | ch=18 ===
[in#0 @ 000002ec2fe76540] Error opening input: Invalid argument
Error opening input file .
Error opening input files: Invalid argument

=== START 2025-08-13T12:42:08.188114 | ch=18 ===
[in#0 @ 000001beca176540] Error opening input: Invalid argument
Error opening input file .
Error opening input files: Invalid argument

=== START 2025-08-13T12:42:13.508161 | ch=18 ===
[in#0 @ 00000255ddfe6540] Error opening input: Invalid argument
Error opening input file .
Error opening input files: Invalid argument

=== START 2025-08-13T12:42:18.834057 | ch=18 ===
[in#0 @ 000001701e006540] Error opening input: Invalid argument
Error opening input file .
Error opening input files: Invalid argument

=== START 2025-08-13T12:42:24.161811 | ch=18 ===
[in#0 @ 00000199150f6540] Error opening input: Invalid argument
Error opening input file .
Error opening input files: Invalid argument

=== START 2025-08-13T12:42:29.486539 | ch=18 ===
[in#0 @ 0000019865a86540] Error opening input: Invalid argument
Error opening input file .
Error opening input files: Invalid argument

=== START 2025-08-13T12:42:34.812888 | ch=18 ===
[in#0 @ 00000257a6936540] Error opening input: Invalid argument
Error opening input file .
Error opening input files: Invalid argument

=== START 2025-08-13T12:42:40.142441 | ch=18 ===
[in#0 @ 0000024e4a336540] Error opening input: Invalid argument
Error opening input file .
Error opening input files: Invalid argument

=== START 2025-08-13T12:42:45.474929 | ch=18 ===
[in#0 @ 000001d6a46d6540] Error opening input: Invalid argument
Error opening input file .
Error opening input files: Invalid argument

=== START 2025-08-13T12:42:50.798361 | ch=18 ===
[in#0 @ 0000024f402b6540] Error opening input: Invalid argument
Error opening input file .
Error opening input files: Invalid argument

=== START 2025-08-13T12:42:56.112949 | ch=18 ===
[in#0 @ 000002619f0b6540] Error opening input: Invalid argument
Error opening input file .
Error opening input files: Invalid argument

=== START 2025-08-13T12:43:01.426773 | ch=18 ===
[in#0 @ 000002e418606540] Error opening input: Invalid argument
Error opening input file .
Error opening input files: Invalid argument

=== START 2025-08-13T12:43:06.747665 | ch=18 ===
[in#0 @ 000002020e946540] Error opening input: Invalid argument
Error opening input file .
Error opening input files: Invalid argument

=== START 2025-08-13T12:43:12.072131 | ch=18 ===
[in#0 @ 00000280f5e06540] Error opening input: Invalid argument
Error opening input file .
Error opening input files: Invalid argument

=== START 2025-08-13T12:43:17.407153 | ch=18 ===
[in#0 @ 0000027b248b6540] Error opening input: Invalid argument
Error opening input file .
Error opening input files: Invalid argument

=== START 2025-08-13T12:43:22.718347 | ch=18 ===
[in#0 @ 0000015c32f46540] Error opening input: Invalid argument
Error opening input file .
Error opening input files: Invalid argument

=== START 2025-08-13T12:43:28.030985 | ch=18 ===
[in#0 @ 0000022b65856540] Error opening input: Invalid argument
Error opening input file .
Error opening input files: Invalid argument

=== START 2025-08-13T12:43:33.357259 | ch=18 ===
[in#0 @ 0000016ad8296540] Error opening input: Invalid argument
Error opening input file .
Error opening input files: Invalid argument

=== START 2025-08-13T12:43:38.689995 | ch=18 ===
[in#0 @ 0000015f9fd76540] Error opening input: Invalid argument
Error opening input file .
Error opening input files: Invalid argument

=== START 2025-08-13T12:43:44.019319 | ch=18 ===
[in#0 @ 0000018e7b706540] Error opening input: Invalid argument
Error opening input file .
Error opening input files: Invalid argument

=== START 2025-08-13T12:43:49.342879 | ch=18 ===
[in#0 @ 00000215a16e6540] Error opening input: Invalid argument
Error opening input file .
Error opening input files: Invalid argument

=== START 2025-08-13T12:43:54.668403 | ch=18 ===
[in#0 @ 000001bf3ebf6540] Error opening input: Invalid argument
Error opening input file .
Error opening input files: Invalid argument

=== START 2025-08-13T12:43:59.992352 | ch=18 ===
[in#0 @ 0000012185d76540] Error opening input: Invalid argument
Error opening input file .
Error opening input files: Invalid argument

=== START 2025-08-13T12:44:05.314042 | ch=18 ===
[in#0 @ 000002bec6386540] Error opening input: Invalid argument
Error opening input file .
Error opening input files: Invalid argument

=== START 2025-08-13T12:44:10.636483 | ch=18 ===
[in#0 @ 000002740e566540] Error opening input: Invalid argument
Error opening input file .
Error opening input files: Invalid argument

=== START 2025-08-13T12:44:15.956633 | ch=18 ===
[in#0 @ 000001f6fd486540] Error opening input: Invalid argument
Error opening input file .
Error opening input files: Invalid argument

=== START 2025-08-13T12:44:21.276634 | ch=18 ===
[in#0 @ 0000023a07b26540] Error opening input: Invalid argument
Error opening input file .
Error opening input files: Invalid argument

=== START 2025-08-13T12:44:26.602620 | ch=18 ===
[in#0 @ 00000263e7826540] Error opening input: Invalid argument
Error opening input file .
Error opening input files: Invalid argument

=== START 2025-08-13T12:44:31.922242 | ch=18 ===
[in#0 @ 0000024208246540] Error opening input: Invalid argument
Error opening input file .
Error opening input files: Invalid argument

=== START 2025-08-13T12:44:37.232751 | ch=18 ===
[in#0 @ 0000023348636540] Error opening input: Invalid argument
Error opening input file .
Error opening input files: Invalid argument

=== START 2025-08-13T12:44:42.554604 | ch=18 ===
[in#0 @ 0000025329b76540] Error opening input: Invalid argument
Error opening input file .
Error opening input files: Invalid argument

=== START 2025-08-13T12:44:47.641835 | ch=18 ===
[in#0 @ 000001713bfd6540] Error opening input: Invalid argument
Error opening input file .
Error opening input files: Invalid argument

=== START 2025-08-13T12:44:52.963356 | ch=18 ===
[in#0 @ 00000216ac506540] Error opening input: Invalid argument
Error opening input file .
Error opening input files: Invalid argument

=== START 2025-08-13T12:44:58.302174 | ch=18 ===
[in#0 @ 00000253c35c6540] Error opening input: Invalid argument
Error opening input file .
Error opening input files: Invalid argument

=== START 2025-08-13T12:45:03.624730 | ch=18 ===
[in#0 @ 000002a5bddf6540] Error opening input: Invalid argument
Error opening input file .
Error opening input files: Invalid argument

=== START 2025-08-13T12:45:08.960757 | ch=18 ===
[in#0 @ 0000013a33196540] Error opening input: Invalid argument
Error opening input file .
Error opening input files: Invalid argument

=== START 2025-08-13T12:45:14.287052 | ch=18 ===
[in#0 @ 00000200ebb66540] Error opening input: Invalid argument
Error opening input file .
Error opening input files: Invalid argument

=== START 2025-08-13T12:45:19.632061 | ch=18 ===
[in#0 @ 000001a3da7c6540] Error opening input: Invalid argument
Error opening input file .
Error opening input files: Invalid argument

=== START 2025-08-13T12:45:24.965516 | ch=18 ===
[in#0 @ 00000266b9aa6540] Error opening input: Invalid argument
Error opening input file .
Error opening input files: Invalid argument

=== START 2025-08-13T12:45:30.294514 | ch=18 ===
[in#0 @ 000001dffe126540] Error opening input: Invalid argument
Error opening input file .
Error opening input files: Invalid argument

=== START 2025-08-13T12:45:35.618204 | ch=18 ===
[in#0 @ 00000267c7846540] Error opening input: Invalid argument
Error opening input file .
Error opening input files: Invalid argument

=== START 2025-08-13T12:45:40.955295 | ch=18 ===
[in#0 @ 00000249a9b56540] Error opening input: Invalid argument
Error opening input file .
Error opening input files: Invalid argument

=== START 2025-08-13T12:45:46.293356 | ch=18 ===
[in#0 @ 000001274aa66540] Error opening input: Invalid argument
Error opening input file .
Error opening input files: Invalid argument

=== START 2025-08-13T12:45:51.630841 | ch=18 ===
[in#0 @ 0000025782576540] Error opening input: Invalid argument
Error opening input file .
Error opening input files: Invalid argument

=== START 2025-08-13T12:45:56.967655 | ch=18 ===
[in#0 @ 000001d002276540] Error opening input: Invalid argument
Error opening input file .
Error opening input files: Invalid argument

=== START 2025-08-13T12:46:02.298858 | ch=18 ===
[in#0 @ 0000023f271d6540] Error opening input: Invalid argument
Error opening input file .
Error opening input files: Invalid argument

=== START 2025-08-13T12:46:07.631271 | ch=18 ===
[in#0 @ 000002803e8a6540] Error opening input: Invalid argument
Error opening input file .
Error opening input files: Invalid argument

=== START 2025-08-13T12:46:12.983172 | ch=18 ===
[in#0 @ 000002a114cc6540] Error opening input: Invalid argument
Error opening input file .
Error opening input files: Invalid argument

=== START 2025-08-13T12:46:18.326148 | ch=18 ===
[in#0 @ 0000018c96ec6540] Error opening input: Invalid argument
Error opening input file .
Error opening input files: Invalid argument

=== START 2025-08-13T12:46:23.657937 | ch=18 ===
[in#0 @ 0000022a66ce6540] Error opening input: Invalid argument
Error opening input file .
Error opening input files: Invalid argument

=== START 2025-08-13T12:46:28.983794 | ch=18 ===
[in#0 @ 0000019078bf6540] Error opening input: Invalid argument
Error opening input file .
Error opening input files: Invalid argument

=== START 2025-08-13T12:46:34.305223 | ch=18 ===
[in#0 @ 000002caa0e86540] Error opening input: Invalid argument
Error opening input file .
Error opening input files: Invalid argument

=== START 2025-08-13T12:46:39.642396 | ch=18 ===
[in#0 @ 000001cf5cfe6540] Error opening input: Invalid argument
Error opening input file .
Error opening input files: Invalid argument

=== START 2025-08-13T12:46:44.983242 | ch=18 ===
[in#0 @ 000002409a3e6540] Error opening input: Invalid argument
Error opening input file .
Error opening input files: Invalid argument

=== START 2025-08-13T12:46:50.318493 | ch=18 ===
[in#0 @ 000001c379a76540] Error opening input: Invalid argument
Error opening input file .
Error opening input files: Invalid argument

=== START 2025-08-13T12:46:55.663770 | ch=18 ===
[in#0 @ 000001c70e096540] Error opening input: Invalid argument
Error opening input file .
Error opening input files: Invalid argument

=== START 2025-08-13T12:47:00.982973 | ch=18 ===
[in#0 @ 0000019792566540] Error opening input: Invalid argument
Error opening input file .
Error opening input files: Invalid argument

=== START 2025-08-13T12:47:06.317145 | ch=18 ===
[in#0 @ 00000147fa236540] Error opening input: Invalid argument
Error opening input file .
Error opening input files: Invalid argument

=== START 2025-08-13T12:47:11.647616 | ch=18 ===
[in#0 @ 0000018001af6540] Error opening input: Invalid argument
Error opening input file .
Error opening input files: Invalid argument

=== START 2025-08-13T12:47:16.974136 | ch=18 ===
[in#0 @ 000001d7b69b6540] Error opening input: Invalid argument
Error opening input file .
Error opening input files: Invalid argument

=== START 2025-08-13T12:47:22.304842 | ch=18 ===
[in#0 @ 000001b124b16540] Error opening input: Invalid argument
Error opening input file .
Error opening input files: Invalid argument

=== START 2025-08-13T12:47:27.634461 | ch=18 ===
[in#0 @ 000002162b876540] Error opening input: Invalid argument
Error opening input file .
Error opening input files: Invalid argument

=== START 2025-08-13T12:47:32.962125 | ch=18 ===
[in#0 @ 000001c3acf26540] Error opening input: Invalid argument
Error opening input file .
Error opening input files: Invalid argument

=== START 2025-08-13T12:47:38.288693 | ch=18 ===
[in#0 @ 0000018ffac86540] Error opening input: Invalid argument
Error opening input file .
Error opening input files: Invalid argument

=== START 2025-08-13T12:47:43.614311 | ch=18 ===
[in#0 @ 000001cbbe776540] Error opening input: Invalid argument
Error opening input file .
Error opening input files: Invalid argument

=== START 2025-08-13T12:47:48.934888 | ch=18 ===
[in#0 @ 000001f6acd26540] Error opening input: Invalid argument
Error opening input file .
Error opening input files: Invalid argument

=== START 2025-08-13T12:47:54.260552 | ch=18 ===
[in#0 @ 0000028b647e6540] Error opening input: Invalid argument
Error opening input file .
Error opening input files: Invalid argument

=== START 2025-08-13T12:47:59.602182 | ch=18 ===
[in#0 @ 00000238271d6540] Error opening input: Invalid argument
Error opening input file .
Error opening input files: Invalid argument

=== START 2025-08-13T12:48:04.927299 | ch=18 ===
[in#0 @ 000002b093ad6540] Error opening input: Invalid argument
Error opening input file .
Error opening input files: Invalid argument

=== START 2025-08-13T12:48:10.259152 | ch=18 ===
[in#0 @ 0000014989046540] Error opening input: Invalid argument
Error opening input file .
Error opening input files: Invalid argument

=== START 2025-08-13T12:48:15.593737 | ch=18 ===
[in#0 @ 0000018514a36540] Error opening input: Invalid argument
Error opening input file .
Error opening input files: Invalid argument

=== START 2025-08-13T12:48:20.933308 | ch=18 ===
[in#0 @ 000001db8a3e6540] Error opening input: Invalid argument
Error opening input file .
Error opening input files: Invalid argument

=== START 2025-08-13T12:48:26.270156 | ch=18 ===
[in#0 @ 000001fe21bd6540] Error opening input: Invalid argument
Error opening input file .
Error opening input files: Invalid argument

=== START 2025-08-13T12:48:31.599032 | ch=18 ===
[in#0 @ 0000027e842e6540] Error opening input: Invalid argument
Error opening input file .
Error opening input files: Invalid argument

=== START 2025-08-13T12:48:36.929896 | ch=18 ===
[in#0 @ 0000027ca9126540] Error opening input: Invalid argument
Error opening input file .
Error opening input files: Invalid argument

=== START 2025-08-13T12:48:42.265659 | ch=18 ===
[in#0 @ 000001543c606540] Error opening input: Invalid argument
Error opening input file .
Error opening input files: Invalid argument

=== START 2025-08-13T12:48:47.593335 | ch=18 ===
[in#0 @ 000001db5b056540] Error opening input: Invalid argument
Error opening input file .
Error opening input files: Invalid argument

=== START 2025-08-13T12:48:52.930768 | ch=18 ===
[in#0 @ 000001442ff56540] Error opening input: Invalid argument
Error opening input file .
Error opening input files: Invalid argument

=== START 2025-08-13T12:48:58.245479 | ch=18 ===
[in#0 @ 0000022a34116540] Error opening input: Invalid argument
Error opening input file .
Error opening input files: Invalid argument

=== START 2025-08-13T12:49:03.577869 | ch=18 ===
[in#0 @ 000001e9dd096540] Error opening input: Invalid argument
Error opening input file .
Error opening input files: Invalid argument

=== START 2025-08-13T12:49:08.912483 | ch=18 ===
[in#0 @ 0000029003416540] Error opening input: Invalid argument
Error opening input file .
Error opening input files: Invalid argument

=== START 2025-08-13T12:49:14.251959 | ch=18 ===
[in#0 @ 000001ff22816540] Error opening input: Invalid argument
Error opening input file .
Error opening input files: Invalid argument

=== START 2025-08-13T12:49:19.585440 | ch=18 ===
[in#0 @ 000002924dc36540] Error opening input: Invalid argument
Error opening input file .
Error opening input files: Invalid argument

=== START 2025-08-13T12:49:24.917599 | ch=18 ===
[in#0 @ 000001cd34bc6540] Error opening input: Invalid argument
Error opening input file .
Error opening input files: Invalid argument

=== START 2025-08-13T12:49:30.248185 | ch=18 ===
[in#0 @ 0000017b82276540] Error opening input: Invalid argument
Error opening input file .
Error opening input files: Invalid argument

=== START 2025-08-13T12:49:35.580380 | ch=18 ===
[in#0 @ 000001dcd8ef6540] Error opening input: Invalid argument
Error opening input file .
Error opening input files: Invalid argument

=== START 2025-08-13T12:49:40.915056 | ch=18 ===
[in#0 @ 000002b569876540] Error opening input: Invalid argument
Error opening input file .
Error opening input files: Invalid argument

=== START 2025-08-13T12:49:46.249569 | ch=18 ===
[in#0 @ 000001a2ea806540] Error opening input: Invalid argument
Error opening input file .
Error opening input files: Invalid argument

=== START 2025-08-13T12:49:51.582199 | ch=18 ===
[in#0 @ 00000241bba26540] Error opening input: Invalid argument
Error opening input file .
Error opening input files: Invalid argument

=== START 2025-08-13T12:49:56.918434 | ch=18 ===
[in#0 @ 00000268a63b6540] Error opening input: Invalid argument
Error opening input file .
Error opening input files: Invalid argument

=== START 2025-08-13T12:50:02.245258 | ch=18 ===
[in#0 @ 000001ea35a36540] Error opening input: Invalid argument
Error opening input file .
Error opening input files: Invalid argument

=== START 2025-08-13T12:50:07.569295 | ch=18 ===
[in#0 @ 0000025251236540] Error opening input: Invalid argument
Error opening input file .
Error opening input files: Invalid argument

=== START 2025-08-13T12:50:12.898305 | ch=18 ===
[in#0 @ 000002bfe0936540] Error opening input: Invalid argument
Error opening input file .
Error opening input files: Invalid argument

=== START 2025-08-13T12:50:18.226980 | ch=18 ===
[in#0 @ 00000234dc876540] Error opening input: Invalid argument
Error opening input file .
Error opening input files: Invalid argument

=== START 2025-08-13T12:50:23.562723 | ch=18 ===
[in#0 @ 000001d5ccca6540] Error opening input: Invalid argument
Error opening input file .
Error opening input files: Invalid argument

=== START 2025-08-13T12:50:28.895255 | ch=18 ===
[in#0 @ 000002bdfe476540] Error opening input: Invalid argument
Error opening input file .
Error opening input files: Invalid argument

=== START 2025-08-13T12:50:34.230228 | ch=18 ===
[in#0 @ 00000245916a6540] Error opening input: Invalid argument
Error opening input file .
Error opening input files: Invalid argument

=== START 2025-08-13T12:50:39.565646 | ch=18 ===
[in#0 @ 0000024322926540] Error opening input: Invalid argument
Error opening input file .
Error opening input files: Invalid argument

=== START 2025-08-13T12:50:44.895981 | ch=18 ===
[in#0 @ 000001b2c1146540] Error opening input: Invalid argument
Error opening input file .
Error opening input files: Invalid argument

=== START 2025-08-13T12:50:50.231363 | ch=18 ===
[in#0 @ 0000017c7b1b6540] Error opening input: Invalid argument
Error opening input file .
Error opening input files: Invalid argument

=== START 2025-08-13T12:50:55.567520 | ch=18 ===
[in#0 @ 00000292e98f6540] Error opening input: Invalid argument
Error opening input file .
Error opening input files: Invalid argument

=== START 2025-08-13T12:51:00.895709 | ch=18 ===
[in#0 @ 000001eac9b06540] Error opening input: Invalid argument
Error opening input file .
Error opening input files: Invalid argument

=== START 2025-08-13T12:51:06.226655 | ch=18 ===
[in#0 @ 0000023f32b66540] Error opening input: Invalid argument
Error opening input file .
Error opening input files: Invalid argument

=== START 2025-08-13T12:51:11.559019 | ch=18 ===
[in#0 @ 000001c2b4886540] Error opening input: Invalid argument
Error opening input file .
Error opening input files: Invalid argument

=== START 2025-08-13T12:51:16.889152 | ch=18 ===
[in#0 @ 000001d9fda16540] Error opening input: Invalid argument
Error opening input file .
Error opening input files: Invalid argument

=== START 2025-08-13T12:51:22.227165 | ch=18 ===
[in#0 @ 0000016dbac66540] Error opening input: Invalid argument
Error opening input file .
Error opening input files: Invalid argument

=== START 2025-08-13T12:51:27.575087 | ch=18 ===
[in#0 @ 0000022ca1fb6540] Error opening input: Invalid argument
Error opening input file .
Error opening input files: Invalid argument

=== START 2025-08-13T12:51:32.899187 | ch=18 ===
[in#0 @ 000001e44b6d6540] Error opening input: Invalid argument
Error opening input file .
Error opening input files: Invalid argument

=== START 2025-08-13T12:51:38.222690 | ch=18 ===
[in#0 @ 0000027608b26540] Error opening input: Invalid argument
Error opening input file .
Error opening input files: Invalid argument

=== START 2025-08-13T12:51:43.555336 | ch=18 ===
[in#0 @ 000001c273636540] Error opening input: Invalid argument
Error opening input file .
Error opening input files: Invalid argument

=== START 2025-08-13T12:51:48.887336 | ch=18 ===
[in#0 @ 000001adcd486540] Error opening input: Invalid argument
Error opening input file .
Error opening input files: Invalid argument
