
=== START 2025-08-13T12:17:04.026328 | ch=31 ===
[in#0 @ 000001f285cd6540] Error opening input: Invalid argument
Error opening input file .
Error opening input files: Invalid argument

=== START 2025-08-13T12:17:09.402324 | ch=31 ===
[in#0 @ 0000023f20276540] Error opening input: Invalid argument
Error opening input file .
Error opening input files: Invalid argument

=== START 2025-08-13T12:17:14.742350 | ch=31 ===
[in#0 @ 0000016213e86540] Error opening input: Invalid argument
Error opening input file .
Error opening input files: Invalid argument

=== START 2025-08-13T12:17:20.079743 | ch=31 ===
[in#0 @ 000001c256d26540] Error opening input: Invalid argument
Error opening input file .
Error opening input files: Invalid argument

=== START 2025-08-13T12:17:25.398986 | ch=31 ===
[in#0 @ 000002b7dfbc6540] Error opening input: Invalid argument
Error opening input file .
Error opening input files: Invalid argument

=== START 2025-08-13T12:17:30.727144 | ch=31 ===
[in#0 @ 00000289045f6540] Error opening input: Invalid argument
Error opening input file .
Error opening input files: Invalid argument

=== START 2025-08-13T12:17:36.053481 | ch=31 ===
[in#0 @ 00000282823a6540] Error opening input: Invalid argument
Error opening input file .
Error opening input files: Invalid argument

=== START 2025-08-13T12:17:41.379974 | ch=31 ===
[in#0 @ 000001931f646540] Error opening input: Invalid argument
Error opening input file .
Error opening input files: Invalid argument

=== START 2025-08-13T12:17:46.762183 | ch=31 ===
[in#0 @ 0000016fdb026540] Error opening input: Invalid argument
Error opening input file .
Error opening input files: Invalid argument

=== START 2025-08-13T12:17:52.101180 | ch=31 ===
[in#0 @ 00000249d7d36540] Error opening input: Invalid argument
Error opening input file .
Error opening input files: Invalid argument

=== START 2025-08-13T12:17:57.420416 | ch=31 ===
[in#0 @ 00000200d2f76540] Error opening input: Invalid argument
Error opening input file .
Error opening input files: Invalid argument

=== START 2025-08-13T12:18:02.751152 | ch=31 ===
[in#0 @ 0000014b11b36540] Error opening input: Invalid argument
Error opening input file .
Error opening input files: Invalid argument

=== START 2025-08-13T12:18:08.084116 | ch=31 ===
[in#0 @ 000001b65e566540] Error opening input: Invalid argument
Error opening input file .
Error opening input files: Invalid argument

=== START 2025-08-13T12:18:13.419335 | ch=31 ===
[in#0 @ 0000019576f16540] Error opening input: Invalid argument
Error opening input file .
Error opening input files: Invalid argument

=== START 2025-08-13T12:18:18.739950 | ch=31 ===
[in#0 @ 00000202273b6540] Error opening input: Invalid argument
Error opening input file .
Error opening input files: Invalid argument

=== START 2025-08-13T12:18:24.068797 | ch=31 ===
[in#0 @ 00000174c32a6540] Error opening input: Invalid argument
Error opening input file .
Error opening input files: Invalid argument

=== START 2025-08-13T12:18:29.405004 | ch=31 ===
[in#0 @ 000002053a596540] Error opening input: Invalid argument
Error opening input file .
Error opening input files: Invalid argument

=== START 2025-08-13T12:18:34.732776 | ch=31 ===
[in#0 @ 00000201cb846540] Error opening input: Invalid argument
Error opening input file .
Error opening input files: Invalid argument

=== START 2025-08-13T12:18:40.061035 | ch=31 ===
[in#0 @ 0000016535ee6540] Error opening input: Invalid argument
Error opening input file .
Error opening input files: Invalid argument

=== START 2025-08-13T12:18:45.390397 | ch=31 ===
[in#0 @ 00000269a4e46540] Error opening input: Invalid argument
Error opening input file .
Error opening input files: Invalid argument

=== START 2025-08-13T12:18:50.711867 | ch=31 ===
[in#0 @ 0000023f4d096540] Error opening input: Invalid argument
Error opening input file .
Error opening input files: Invalid argument

=== START 2025-08-13T12:18:56.036500 | ch=31 ===
[in#0 @ 0000025e91ad6540] Error opening input: Invalid argument
Error opening input file .
Error opening input files: Invalid argument

=== START 2025-08-13T12:19:01.366744 | ch=31 ===
[in#0 @ 000001dd47de6540] Error opening input: Invalid argument
Error opening input file .
Error opening input files: Invalid argument

=== START 2025-08-13T12:19:06.688304 | ch=31 ===
[in#0 @ 000001a2bc0f6540] Error opening input: Invalid argument
Error opening input file .
Error opening input files: Invalid argument

=== START 2025-08-13T12:19:12.012142 | ch=31 ===
[in#0 @ 000002a163ac6540] Error opening input: Invalid argument
Error opening input file .
Error opening input files: Invalid argument

=== START 2025-08-13T12:19:17.341521 | ch=31 ===
[in#0 @ 00000232f69d6540] Error opening input: Invalid argument
Error opening input file .
Error opening input files: Invalid argument

=== START 2025-08-13T12:19:22.668711 | ch=31 ===
[in#0 @ 000001bd160d6540] Error opening input: Invalid argument
Error opening input file .
Error opening input files: Invalid argument

=== START 2025-08-13T12:19:27.989290 | ch=31 ===
[in#0 @ 00000176be6e6540] Error opening input: Invalid argument
Error opening input file .
Error opening input files: Invalid argument

=== START 2025-08-13T12:19:33.311728 | ch=31 ===
[in#0 @ 00000225f7496540] Error opening input: Invalid argument
Error opening input file .
Error opening input files: Invalid argument

=== START 2025-08-13T12:19:38.629493 | ch=31 ===
[in#0 @ 00000134fabb6540] Error opening input: Invalid argument
Error opening input file .
Error opening input files: Invalid argument

=== START 2025-08-13T12:19:43.946374 | ch=31 ===
[in#0 @ 000001ac8da76540] Error opening input: Invalid argument
Error opening input file .
Error opening input files: Invalid argument

=== START 2025-08-13T12:19:49.271693 | ch=31 ===
[in#0 @ 0000028f01796540] Error opening input: Invalid argument
Error opening input file .
Error opening input files: Invalid argument

=== START 2025-08-13T12:19:54.594189 | ch=31 ===
[in#0 @ 00000271e0c36540] Error opening input: Invalid argument
Error opening input file .
Error opening input files: Invalid argument

=== START 2025-08-13T12:19:59.918967 | ch=31 ===
[in#0 @ 0000023037ed6540] Error opening input: Invalid argument
Error opening input file .
Error opening input files: Invalid argument

=== START 2025-08-13T12:20:05.254849 | ch=31 ===
[in#0 @ 000002440b986540] Error opening input: Invalid argument
Error opening input file .
Error opening input files: Invalid argument

=== START 2025-08-13T12:20:10.582959 | ch=31 ===
[in#0 @ 0000020cdf0e6540] Error opening input: Invalid argument
Error opening input file .
Error opening input files: Invalid argument

=== START 2025-08-13T12:20:15.909489 | ch=31 ===
[in#0 @ 00000264ceff6540] Error opening input: Invalid argument
Error opening input file .
Error opening input files: Invalid argument

=== START 2025-08-13T12:20:21.251980 | ch=31 ===
[in#0 @ 000001fbaba56540] Error opening input: Invalid argument
Error opening input file .
Error opening input files: Invalid argument

=== START 2025-08-13T12:20:26.588292 | ch=31 ===
[in#0 @ 00000279838f6540] Error opening input: Invalid argument
Error opening input file .
Error opening input files: Invalid argument

=== START 2025-08-13T12:20:31.917498 | ch=31 ===
[in#0 @ 000001c5ff746540] Error opening input: Invalid argument
Error opening input file .
Error opening input files: Invalid argument

=== START 2025-08-13T12:20:37.246670 | ch=31 ===
[in#0 @ 0000024e01606540] Error opening input: Invalid argument
Error opening input file .
Error opening input files: Invalid argument

=== START 2025-08-13T12:20:42.594296 | ch=31 ===
[in#0 @ 000001fe71076540] Error opening input: Invalid argument
Error opening input file .
Error opening input files: Invalid argument

=== START 2025-08-13T12:20:47.921937 | ch=31 ===
[in#0 @ 00000217a7de6540] Error opening input: Invalid argument
Error opening input file .
Error opening input files: Invalid argument

=== START 2025-08-13T12:20:53.253091 | ch=31 ===
[in#0 @ 000002a2cad06540] Error opening input: Invalid argument
Error opening input file .
Error opening input files: Invalid argument

=== START 2025-08-13T12:20:58.591147 | ch=31 ===
[in#0 @ 0000016b16d86540] Error opening input: Invalid argument
Error opening input file .
Error opening input files: Invalid argument

=== START 2025-08-13T12:21:03.919298 | ch=31 ===
[in#0 @ 0000021e2b616540] Error opening input: Invalid argument
Error opening input file .
Error opening input files: Invalid argument

=== START 2025-08-13T12:21:09.245976 | ch=31 ===
[in#0 @ 0000024403c66540] Error opening input: Invalid argument
Error opening input file .
Error opening input files: Invalid argument

=== START 2025-08-13T12:21:14.576105 | ch=31 ===
[in#0 @ 00000208909e6540] Error opening input: Invalid argument
Error opening input file .
Error opening input files: Invalid argument

=== START 2025-08-13T12:21:19.909554 | ch=31 ===
[in#0 @ 00000292f9046540] Error opening input: Invalid argument
Error opening input file .
Error opening input files: Invalid argument

=== START 2025-08-13T12:21:25.256143 | ch=31 ===
[in#0 @ 0000026295b56540] Error opening input: Invalid argument
Error opening input file .
Error opening input files: Invalid argument

=== START 2025-08-13T12:21:30.586151 | ch=31 ===
[in#0 @ 000002496c986540] Error opening input: Invalid argument
Error opening input file .
Error opening input files: Invalid argument

=== START 2025-08-13T12:21:35.914494 | ch=31 ===
[in#0 @ 000002063a886540] Error opening input: Invalid argument
Error opening input file .
Error opening input files: Invalid argument

=== START 2025-08-13T12:21:41.242465 | ch=31 ===
[in#0 @ 000001abf9336540] Error opening input: Invalid argument
Error opening input file .
Error opening input files: Invalid argument

=== START 2025-08-13T12:21:46.575897 | ch=31 ===
[in#0 @ 000002399f746540] Error opening input: Invalid argument
Error opening input file .
Error opening input files: Invalid argument

=== START 2025-08-13T12:21:51.912231 | ch=31 ===
[in#0 @ 000002390a5f6540] Error opening input: Invalid argument
Error opening input file .
Error opening input files: Invalid argument

=== START 2025-08-13T12:21:57.248723 | ch=31 ===
[in#0 @ 00000247766d6540] Error opening input: Invalid argument
Error opening input file .
Error opening input files: Invalid argument

=== START 2025-08-13T12:22:02.582549 | ch=31 ===
[in#0 @ 0000021f20916540] Error opening input: Invalid argument
Error opening input file .
Error opening input files: Invalid argument

=== START 2025-08-13T12:22:07.907594 | ch=31 ===
[in#0 @ 000002950fb46540] Error opening input: Invalid argument
Error opening input file .
Error opening input files: Invalid argument

=== START 2025-08-13T12:22:13.233159 | ch=31 ===
[in#0 @ 00000292fb6e6540] Error opening input: Invalid argument
Error opening input file .
Error opening input files: Invalid argument

=== START 2025-08-13T12:22:18.564252 | ch=31 ===
[in#0 @ 000002a73ee96540] Error opening input: Invalid argument
Error opening input file .
Error opening input files: Invalid argument

=== START 2025-08-13T12:22:23.896467 | ch=31 ===
[in#0 @ 000001ea7dcd6540] Error opening input: Invalid argument
Error opening input file .
Error opening input files: Invalid argument

=== START 2025-08-13T12:22:29.217333 | ch=31 ===
[in#0 @ 000001e5c28b6540] Error opening input: Invalid argument
Error opening input file .
Error opening input files: Invalid argument

=== START 2025-08-13T12:22:34.543826 | ch=31 ===
[in#0 @ 00000172e8a36540] Error opening input: Invalid argument
Error opening input file .
Error opening input files: Invalid argument

=== START 2025-08-13T12:22:39.874908 | ch=31 ===
[in#0 @ 00000224ae1c6540] Error opening input: Invalid argument
Error opening input file .
Error opening input files: Invalid argument

=== START 2025-08-13T12:22:45.200252 | ch=31 ===
[in#0 @ 000001fb51ba6540] Error opening input: Invalid argument
Error opening input file .
Error opening input files: Invalid argument

=== START 2025-08-13T12:22:50.523846 | ch=31 ===
[in#0 @ 0000014c35e86540] Error opening input: Invalid argument
Error opening input file .
Error opening input files: Invalid argument

=== START 2025-08-13T12:22:55.858148 | ch=31 ===
[in#0 @ 00000233dee96540] Error opening input: Invalid argument
Error opening input file .
Error opening input files: Invalid argument

=== START 2025-08-13T12:23:01.204424 | ch=31 ===
[in#0 @ 00000238939f6540] Error opening input: Invalid argument
Error opening input file .
Error opening input files: Invalid argument

=== START 2025-08-13T12:23:06.535607 | ch=31 ===
[in#0 @ 0000021849b66540] Error opening input: Invalid argument
Error opening input file .
Error opening input files: Invalid argument

=== START 2025-08-13T12:23:11.868901 | ch=31 ===
[in#0 @ 00000193c3c26540] Error opening input: Invalid argument
Error opening input file .
Error opening input files: Invalid argument

=== START 2025-08-13T12:23:17.194846 | ch=31 ===
[in#0 @ 000002bf6d736540] Error opening input: Invalid argument
Error opening input file .
Error opening input files: Invalid argument

=== START 2025-08-13T12:23:22.529034 | ch=31 ===
[in#0 @ 000002333f676540] Error opening input: Invalid argument
Error opening input file .
Error opening input files: Invalid argument

=== START 2025-08-13T12:23:27.858011 | ch=31 ===
[in#0 @ 0000021ab0e46540] Error opening input: Invalid argument
Error opening input file .
Error opening input files: Invalid argument

=== START 2025-08-13T12:23:33.186919 | ch=31 ===
[in#0 @ 0000024bab916540] Error opening input: Invalid argument
Error opening input file .
Error opening input files: Invalid argument

=== START 2025-08-13T12:23:38.517846 | ch=31 ===
[in#0 @ 000001fd1a586540] Error opening input: Invalid argument
Error opening input file .
Error opening input files: Invalid argument

=== START 2025-08-13T12:23:43.847720 | ch=31 ===
[in#0 @ 000002a34a266540] Error opening input: Invalid argument
Error opening input file .
Error opening input files: Invalid argument

=== START 2025-08-13T12:23:49.176946 | ch=31 ===
[in#0 @ 0000017f0eaa6540] Error opening input: Invalid argument
Error opening input file .
Error opening input files: Invalid argument

=== START 2025-08-13T12:23:54.515469 | ch=31 ===
[in#0 @ 0000021bd6836540] Error opening input: Invalid argument
Error opening input file .
Error opening input files: Invalid argument

=== START 2025-08-13T12:23:59.851528 | ch=31 ===
[in#0 @ 000001eb8e6f6540] Error opening input: Invalid argument
Error opening input file .
Error opening input files: Invalid argument

=== START 2025-08-13T12:24:05.180196 | ch=31 ===
[in#0 @ 000001f1ca546540] Error opening input: Invalid argument
Error opening input file .
Error opening input files: Invalid argument

=== START 2025-08-13T12:24:10.515139 | ch=31 ===
[in#0 @ 000001b477bf6540] Error opening input: Invalid argument
Error opening input file .
Error opening input files: Invalid argument

=== START 2025-08-13T12:24:15.852339 | ch=31 ===
[in#0 @ 000001a8d6ed6540] Error opening input: Invalid argument
Error opening input file .
Error opening input files: Invalid argument

=== START 2025-08-13T12:24:21.176839 | ch=31 ===
[in#0 @ 00000186852a6540] Error opening input: Invalid argument
Error opening input file .
Error opening input files: Invalid argument

=== START 2025-08-13T12:24:26.499368 | ch=31 ===
[in#0 @ 000001857b506540] Error opening input: Invalid argument
Error opening input file .
Error opening input files: Invalid argument

=== START 2025-08-13T12:24:31.827850 | ch=31 ===
[in#0 @ 000001e53f626540] Error opening input: Invalid argument
Error opening input file .
Error opening input files: Invalid argument

=== START 2025-08-13T12:24:37.168694 | ch=31 ===
[in#0 @ 000002656ff86540] Error opening input: Invalid argument
Error opening input file .
Error opening input files: Invalid argument

=== START 2025-08-13T12:24:42.496933 | ch=31 ===
[in#0 @ 000001fa73466540] Error opening input: Invalid argument
Error opening input file .
Error opening input files: Invalid argument

=== START 2025-08-13T12:24:47.827064 | ch=31 ===
[in#0 @ 000001f692d46540] Error opening input: Invalid argument
Error opening input file .
Error opening input files: Invalid argument

=== START 2025-08-13T12:24:53.156432 | ch=31 ===
[in#0 @ 0000023a69fb6540] Error opening input: Invalid argument
Error opening input file .
Error opening input files: Invalid argument

=== START 2025-08-13T12:24:58.489692 | ch=31 ===
[in#0 @ 000001bd44f76540] Error opening input: Invalid argument
Error opening input file .
Error opening input files: Invalid argument

=== START 2025-08-13T12:25:03.816337 | ch=31 ===
[in#0 @ 000001ef2d616540] Error opening input: Invalid argument
Error opening input file .
Error opening input files: Invalid argument

=== START 2025-08-13T12:25:09.152089 | ch=31 ===
[in#0 @ 000001d1c0ac6540] Error opening input: Invalid argument
Error opening input file .
Error opening input files: Invalid argument

=== START 2025-08-13T12:25:14.479423 | ch=31 ===
[in#0 @ 000002c8ffed6540] Error opening input: Invalid argument
Error opening input file .
Error opening input files: Invalid argument

=== START 2025-08-13T12:25:19.799241 | ch=31 ===
[in#0 @ 0000028df2876540] Error opening input: Invalid argument
Error opening input file .
Error opening input files: Invalid argument

=== START 2025-08-13T12:25:25.139813 | ch=31 ===
[in#0 @ 0000021fcc856540] Error opening input: Invalid argument
Error opening input file .
Error opening input files: Invalid argument

=== START 2025-08-13T12:25:30.475997 | ch=31 ===
[in#0 @ 0000024b825a6540] Error opening input: Invalid argument
Error opening input file .
Error opening input files: Invalid argument

=== START 2025-08-13T12:25:35.805481 | ch=31 ===
[in#0 @ 0000025cbe2a6540] Error opening input: Invalid argument
Error opening input file .
Error opening input files: Invalid argument

=== START 2025-08-13T12:25:41.127571 | ch=31 ===
[in#0 @ 00000215f4576540] Error opening input: Invalid argument
Error opening input file .
Error opening input files: Invalid argument

=== START 2025-08-13T12:25:46.453167 | ch=31 ===
[in#0 @ 00000196f6866540] Error opening input: Invalid argument
Error opening input file .
Error opening input files: Invalid argument

=== START 2025-08-13T12:25:51.787293 | ch=31 ===
[in#0 @ 000002413ba76540] Error opening input: Invalid argument
Error opening input file .
Error opening input files: Invalid argument

=== START 2025-08-13T12:25:57.114355 | ch=31 ===
[in#0 @ 000001dfa7846540] Error opening input: Invalid argument
Error opening input file .
Error opening input files: Invalid argument

=== START 2025-08-13T12:26:02.447416 | ch=31 ===
[in#0 @ 0000024a16406540] Error opening input: Invalid argument
Error opening input file .
Error opening input files: Invalid argument

=== START 2025-08-13T12:26:07.770537 | ch=31 ===
[in#0 @ 0000014b93f26540] Error opening input: Invalid argument
Error opening input file .
Error opening input files: Invalid argument

=== START 2025-08-13T12:26:13.094136 | ch=31 ===
[in#0 @ 0000014f85676540] Error opening input: Invalid argument
Error opening input file .
Error opening input files: Invalid argument

=== START 2025-08-13T12:26:18.424864 | ch=31 ===
[in#0 @ 000001e74aa56540] Error opening input: Invalid argument
Error opening input file .
Error opening input files: Invalid argument

=== START 2025-08-13T12:26:23.752563 | ch=31 ===
[in#0 @ 0000015d7fd56540] Error opening input: Invalid argument
Error opening input file .
Error opening input files: Invalid argument

=== START 2025-08-13T12:26:29.079289 | ch=31 ===
[in#0 @ 0000022498ac6540] Error opening input: Invalid argument
Error opening input file .
Error opening input files: Invalid argument

=== START 2025-08-13T12:26:34.414757 | ch=31 ===
[in#0 @ 000001ee46266540] Error opening input: Invalid argument
Error opening input file .
Error opening input files: Invalid argument

=== START 2025-08-13T12:26:39.749729 | ch=31 ===
[in#0 @ 000002610f276540] Error opening input: Invalid argument
Error opening input file .
Error opening input files: Invalid argument

=== START 2025-08-13T12:26:45.081318 | ch=31 ===
[in#0 @ 000001c5ee826540] Error opening input: Invalid argument
Error opening input file .
Error opening input files: Invalid argument

=== START 2025-08-13T12:26:50.405560 | ch=31 ===
[in#0 @ 00000181a5f66540] Error opening input: Invalid argument
Error opening input file .
Error opening input files: Invalid argument

=== START 2025-08-13T12:26:55.736994 | ch=31 ===
[in#0 @ 000001eb23d86540] Error opening input: Invalid argument
Error opening input file .
Error opening input files: Invalid argument

=== START 2025-08-13T12:27:01.097664 | ch=31 ===
[in#0 @ 000001e3e5986540] Error opening input: Invalid argument
Error opening input file .
Error opening input files: Invalid argument

=== START 2025-08-13T12:27:06.421405 | ch=31 ===
[in#0 @ 00000247d26d6540] Error opening input: Invalid argument
Error opening input file .
Error opening input files: Invalid argument

=== START 2025-08-13T12:27:11.747866 | ch=31 ===
[in#0 @ 0000023932686540] Error opening input: Invalid argument
Error opening input file .
Error opening input files: Invalid argument

=== START 2025-08-13T12:27:17.076120 | ch=31 ===
[in#0 @ 000001c381bc6540] Error opening input: Invalid argument
Error opening input file .
Error opening input files: Invalid argument

=== START 2025-08-13T12:27:22.404106 | ch=31 ===
[in#0 @ 000002613c116540] Error opening input: Invalid argument
Error opening input file .
Error opening input files: Invalid argument

=== START 2025-08-13T12:27:27.743737 | ch=31 ===
[in#0 @ 00000268eaa16540] Error opening input: Invalid argument
Error opening input file .
Error opening input files: Invalid argument

=== START 2025-08-13T12:37:01.747284 | ch=31 ===
[in#0 @ 000001511a1b6540] Error opening input: Invalid argument
Error opening input file .
Error opening input files: Invalid argument

=== START 2025-08-13T12:37:07.081339 | ch=31 ===
[in#0 @ 0000022da03c6540] Error opening input: Invalid argument
Error opening input file .
Error opening input files: Invalid argument

=== START 2025-08-13T12:37:12.412009 | ch=31 ===
[in#0 @ 00000236ffc36540] Error opening input: Invalid argument
Error opening input file .
Error opening input files: Invalid argument

=== START 2025-08-13T12:37:17.735084 | ch=31 ===
[in#0 @ 000001d21f9b6540] Error opening input: Invalid argument
Error opening input file .
Error opening input files: Invalid argument

=== START 2025-08-13T12:37:23.071792 | ch=31 ===
[in#0 @ 000001f885006540] Error opening input: Invalid argument
Error opening input file .
Error opening input files: Invalid argument

=== START 2025-08-13T12:37:28.414984 | ch=31 ===
[in#0 @ 000002b6fd3f6540] Error opening input: Invalid argument
Error opening input file .
Error opening input files: Invalid argument

=== START 2025-08-13T12:37:33.740227 | ch=31 ===
[in#0 @ 00000193dd4a6540] Error opening input: Invalid argument
Error opening input file .
Error opening input files: Invalid argument

=== START 2025-08-13T12:37:39.108520 | ch=31 ===
[in#0 @ 000001cd65b76540] Error opening input: Invalid argument
Error opening input file .
Error opening input files: Invalid argument

=== START 2025-08-13T12:37:44.422336 | ch=31 ===
[in#0 @ 000001f38b956540] Error opening input: Invalid argument
Error opening input file .
Error opening input files: Invalid argument

=== START 2025-08-13T12:37:49.757806 | ch=31 ===
[in#0 @ 000001657f156540] Error opening input: Invalid argument
Error opening input file .
Error opening input files: Invalid argument

=== START 2025-08-13T12:37:55.094607 | ch=31 ===
[in#0 @ 0000015ae5b96540] Error opening input: Invalid argument
Error opening input file .
Error opening input files: Invalid argument

=== START 2025-08-13T12:38:00.430876 | ch=31 ===
[in#0 @ 0000025e57116540] Error opening input: Invalid argument
Error opening input file .
Error opening input files: Invalid argument

=== START 2025-08-13T12:38:05.760728 | ch=31 ===
[in#0 @ 000001bd0f436540] Error opening input: Invalid argument
Error opening input file .
Error opening input files: Invalid argument

=== START 2025-08-13T12:38:11.086515 | ch=31 ===
[in#0 @ 00000202f6426540] Error opening input: Invalid argument
Error opening input file .
Error opening input files: Invalid argument

=== START 2025-08-13T12:38:16.419056 | ch=31 ===
[in#0 @ 00000284ff666540] Error opening input: Invalid argument
Error opening input file .
Error opening input files: Invalid argument

=== START 2025-08-13T12:38:21.748049 | ch=31 ===
[in#0 @ 00000292ce8f6540] Error opening input: Invalid argument
Error opening input file .
Error opening input files: Invalid argument

=== START 2025-08-13T12:38:27.088559 | ch=31 ===
[in#0 @ 000002e73fb46540] Error opening input: Invalid argument
Error opening input file .
Error opening input files: Invalid argument

=== START 2025-08-13T12:38:32.437302 | ch=31 ===
[in#0 @ 000001b6dce36540] Error opening input: Invalid argument
Error opening input file .
Error opening input files: Invalid argument

=== START 2025-08-13T12:38:37.784295 | ch=31 ===
[in#0 @ 000001a856446540] Error opening input: Invalid argument
Error opening input file .
Error opening input files: Invalid argument

=== START 2025-08-13T12:38:43.133989 | ch=31 ===
[in#0 @ 000001fae8456540] Error opening input: Invalid argument
Error opening input file .
Error opening input files: Invalid argument

=== START 2025-08-13T12:38:48.481795 | ch=31 ===
[in#0 @ 000002d7fe486540] Error opening input: Invalid argument
Error opening input file .
Error opening input files: Invalid argument

=== START 2025-08-13T12:38:53.823724 | ch=31 ===
[in#0 @ 000001898c746540] Error opening input: Invalid argument
Error opening input file .
Error opening input files: Invalid argument

=== START 2025-08-13T12:38:59.173877 | ch=31 ===
[in#0 @ 000001bae9a36540] Error opening input: Invalid argument
Error opening input file .
Error opening input files: Invalid argument

=== START 2025-08-13T12:39:04.520824 | ch=31 ===
[in#0 @ 00000140624d6540] Error opening input: Invalid argument
Error opening input file .
Error opening input files: Invalid argument

=== START 2025-08-13T12:39:09.876677 | ch=31 ===
[in#0 @ 0000021731006540] Error opening input: Invalid argument
Error opening input file .
Error opening input files: Invalid argument

=== START 2025-08-13T12:39:15.235191 | ch=31 ===
[in#0 @ 000001ea43ab6540] Error opening input: Invalid argument
Error opening input file .
Error opening input files: Invalid argument

=== START 2025-08-13T12:39:20.577428 | ch=31 ===
[in#0 @ 000001d4116c6540] Error opening input: Invalid argument
Error opening input file .
Error opening input files: Invalid argument

=== START 2025-08-13T12:40:27.049687 | ch=31 ===
[in#0 @ 0000029d42076540] Error opening input: Invalid argument
Error opening input file .
Error opening input files: Invalid argument

=== START 2025-08-13T12:40:32.406107 | ch=31 ===
[in#0 @ 0000018f8eb26540] Error opening input: Invalid argument
Error opening input file .
Error opening input files: Invalid argument

=== START 2025-08-13T12:40:37.734547 | ch=31 ===
[in#0 @ 000002c6e39a6540] Error opening input: Invalid argument
Error opening input file .
Error opening input files: Invalid argument

=== START 2025-08-13T12:40:43.057856 | ch=31 ===
[in#0 @ 000001d4c7f76540] Error opening input: Invalid argument
Error opening input file .
Error opening input files: Invalid argument

=== START 2025-08-13T12:40:48.376382 | ch=31 ===
[in#0 @ 0000026609c56540] Error opening input: Invalid argument
Error opening input file .
Error opening input files: Invalid argument

=== START 2025-08-13T12:40:53.696185 | ch=31 ===
[in#0 @ 00000119b6286540] Error opening input: Invalid argument
Error opening input file .
Error opening input files: Invalid argument

=== START 2025-08-13T12:40:59.009666 | ch=31 ===
[in#0 @ 000002562ba26540] Error opening input: Invalid argument
Error opening input file .
Error opening input files: Invalid argument

=== START 2025-08-13T12:41:04.327057 | ch=31 ===
[in#0 @ 0000027ecfe66540] Error opening input: Invalid argument
Error opening input file .
Error opening input files: Invalid argument

=== START 2025-08-13T12:41:09.640962 | ch=31 ===
[in#0 @ 0000020976756540] Error opening input: Invalid argument
Error opening input file .
Error opening input files: Invalid argument

=== START 2025-08-13T12:41:14.963774 | ch=31 ===
[in#0 @ 00000243a5b16540] Error opening input: Invalid argument
Error opening input file .
Error opening input files: Invalid argument

=== START 2025-08-13T12:41:20.291543 | ch=31 ===
[in#0 @ 000001eb7e106540] Error opening input: Invalid argument
Error opening input file .
Error opening input files: Invalid argument

=== START 2025-08-13T12:41:25.613253 | ch=31 ===
[in#0 @ 0000021b18656540] Error opening input: Invalid argument
Error opening input file .
Error opening input files: Invalid argument

=== START 2025-08-13T12:41:30.938383 | ch=31 ===
[in#0 @ 000001f679fa6540] Error opening input: Invalid argument
Error opening input file .
Error opening input files: Invalid argument

=== START 2025-08-13T12:41:36.266105 | ch=31 ===
[in#0 @ 000001f241a56540] Error opening input: Invalid argument
Error opening input file .
Error opening input files: Invalid argument

=== START 2025-08-13T12:41:41.606679 | ch=31 ===
[in#0 @ 0000020093906540] Error opening input: Invalid argument
Error opening input file .
Error opening input files: Invalid argument

=== START 2025-08-13T12:41:46.928786 | ch=31 ===
[in#0 @ 00000272180d6540] Error opening input: Invalid argument
Error opening input file .
Error opening input files: Invalid argument

=== START 2025-08-13T12:41:52.245294 | ch=31 ===
[in#0 @ 0000022249046540] Error opening input: Invalid argument
Error opening input file .
Error opening input files: Invalid argument

=== START 2025-08-13T12:41:57.564399 | ch=31 ===
[in#0 @ 0000024a5adc6540] Error opening input: Invalid argument
Error opening input file .
Error opening input files: Invalid argument

=== START 2025-08-13T12:42:02.888551 | ch=31 ===
[in#0 @ 000001dfbcdb6540] Error opening input: Invalid argument
Error opening input file .
Error opening input files: Invalid argument

=== START 2025-08-13T12:42:08.201013 | ch=31 ===
[in#0 @ 0000026388096540] Error opening input: Invalid argument
Error opening input file .
Error opening input files: Invalid argument

=== START 2025-08-13T12:42:13.521864 | ch=31 ===
[in#0 @ 0000022176d76540] Error opening input: Invalid argument
Error opening input file .
Error opening input files: Invalid argument

=== START 2025-08-13T12:42:18.846283 | ch=31 ===
[in#0 @ 000001d5527b6540] Error opening input: Invalid argument
Error opening input file .
Error opening input files: Invalid argument

=== START 2025-08-13T12:42:24.174039 | ch=31 ===
[in#0 @ 00000156f49b6540] Error opening input: Invalid argument
Error opening input file .
Error opening input files: Invalid argument

=== START 2025-08-13T12:42:29.499582 | ch=31 ===
[in#0 @ 000001df7bd36540] Error opening input: Invalid argument
Error opening input file .
Error opening input files: Invalid argument

=== START 2025-08-13T12:42:34.825167 | ch=31 ===
[in#0 @ 0000026431276540] Error opening input: Invalid argument
Error opening input file .
Error opening input files: Invalid argument

=== START 2025-08-13T12:42:40.155029 | ch=31 ===
[in#0 @ 000002d4788c6540] Error opening input: Invalid argument
Error opening input file .
Error opening input files: Invalid argument

=== START 2025-08-13T12:42:45.487967 | ch=31 ===
[in#0 @ 000001694eed6540] Error opening input: Invalid argument
Error opening input file .
Error opening input files: Invalid argument

=== START 2025-08-13T12:42:50.810642 | ch=31 ===
[in#0 @ 000001200c476540] Error opening input: Invalid argument
Error opening input file .
Error opening input files: Invalid argument

=== START 2025-08-13T12:42:56.125796 | ch=31 ===
[in#0 @ 0000012cdc676540] Error opening input: Invalid argument
Error opening input file .
Error opening input files: Invalid argument

=== START 2025-08-13T12:43:01.440019 | ch=31 ===
[in#0 @ 0000028aff116540] Error opening input: Invalid argument
Error opening input file .
Error opening input files: Invalid argument

=== START 2025-08-13T12:43:06.760334 | ch=31 ===
[in#0 @ 000001a485416540] Error opening input: Invalid argument
Error opening input file .
Error opening input files: Invalid argument

=== START 2025-08-13T12:43:12.088473 | ch=31 ===
[in#0 @ 000001e1c62c6540] Error opening input: Invalid argument
Error opening input file .
Error opening input files: Invalid argument

=== START 2025-08-13T12:43:17.419640 | ch=31 ===
[in#0 @ 0000016c6f716540] Error opening input: Invalid argument
Error opening input file .
Error opening input files: Invalid argument

=== START 2025-08-13T12:43:22.731303 | ch=31 ===
[in#0 @ 00000209364d6540] Error opening input: Invalid argument
Error opening input file .
Error opening input files: Invalid argument

=== START 2025-08-13T12:43:28.043807 | ch=31 ===
[in#0 @ 00000266526b6540] Error opening input: Invalid argument
Error opening input file .
Error opening input files: Invalid argument

=== START 2025-08-13T12:43:33.370312 | ch=31 ===
[in#0 @ 000001d413546540] Error opening input: Invalid argument
Error opening input file .
Error opening input files: Invalid argument

=== START 2025-08-13T12:43:38.702194 | ch=31 ===
[in#0 @ 00000188b4376540] Error opening input: Invalid argument
Error opening input file .
Error opening input files: Invalid argument

=== START 2025-08-13T12:43:44.031798 | ch=31 ===
[in#0 @ 000001ac69046540] Error opening input: Invalid argument
Error opening input file .
Error opening input files: Invalid argument

=== START 2025-08-13T12:43:49.355500 | ch=31 ===
[in#0 @ 000001f0ff856540] Error opening input: Invalid argument
Error opening input file .
Error opening input files: Invalid argument

=== START 2025-08-13T12:43:54.681903 | ch=31 ===
[in#0 @ 0000018b1a7b6540] Error opening input: Invalid argument
Error opening input file .
Error opening input files: Invalid argument

=== START 2025-08-13T12:44:00.004978 | ch=31 ===
[in#0 @ 00000279dd396540] Error opening input: Invalid argument
Error opening input file .
Error opening input files: Invalid argument

=== START 2025-08-13T12:44:05.326228 | ch=31 ===
[in#0 @ 000001a8d3ca6540] Error opening input: Invalid argument
Error opening input file .
Error opening input files: Invalid argument

=== START 2025-08-13T12:44:10.648702 | ch=31 ===
[in#0 @ 00000282f2136540] Error opening input: Invalid argument
Error opening input file .
Error opening input files: Invalid argument

=== START 2025-08-13T12:44:15.969759 | ch=31 ===
[in#0 @ 0000023e0f996540] Error opening input: Invalid argument
Error opening input file .
Error opening input files: Invalid argument

=== START 2025-08-13T12:44:21.289950 | ch=31 ===
[in#0 @ 0000017201a36540] Error opening input: Invalid argument
Error opening input file .
Error opening input files: Invalid argument

=== START 2025-08-13T12:44:26.616077 | ch=31 ===
[in#0 @ 000001702d486540] Error opening input: Invalid argument
Error opening input file .
Error opening input files: Invalid argument

=== START 2025-08-13T12:44:31.935295 | ch=31 ===
[in#0 @ 00000169e7c06540] Error opening input: Invalid argument
Error opening input file .
Error opening input files: Invalid argument

=== START 2025-08-13T12:44:37.245973 | ch=31 ===
[in#0 @ 0000016a02de6540] Error opening input: Invalid argument
Error opening input file .
Error opening input files: Invalid argument

=== START 2025-08-13T12:44:42.569065 | ch=31 ===
[in#0 @ 00000288e8b76540] Error opening input: Invalid argument
Error opening input file .
Error opening input files: Invalid argument

=== START 2025-08-13T12:44:47.659830 | ch=31 ===
[in#0 @ 0000014ceb4c6540] Error opening input: Invalid argument
Error opening input file .
Error opening input files: Invalid argument

=== START 2025-08-13T12:44:52.975827 | ch=31 ===
[in#0 @ 00000210aa1f6540] Error opening input: Invalid argument
Error opening input file .
Error opening input files: Invalid argument

=== START 2025-08-13T12:44:58.313684 | ch=31 ===
[in#0 @ 0000012be55e6540] Error opening input: Invalid argument
Error opening input file .
Error opening input files: Invalid argument

=== START 2025-08-13T12:45:03.639168 | ch=31 ===
[in#0 @ 00000213c65c6540] Error opening input: Invalid argument
Error opening input file .
Error opening input files: Invalid argument

=== START 2025-08-13T12:45:08.971421 | ch=31 ===
[in#0 @ 0000029803516540] Error opening input: Invalid argument
Error opening input file .
Error opening input files: Invalid argument

=== START 2025-08-13T12:45:14.299365 | ch=31 ===
[in#0 @ 00000188ffeb6540] Error opening input: Invalid argument
Error opening input file .
Error opening input files: Invalid argument

=== START 2025-08-13T12:45:19.645683 | ch=31 ===
[in#0 @ 0000026850376540] Error opening input: Invalid argument
Error opening input file .
Error opening input files: Invalid argument

=== START 2025-08-13T12:45:24.978973 | ch=31 ===
[in#0 @ 000002a9d2af6540] Error opening input: Invalid argument
Error opening input file .
Error opening input files: Invalid argument

=== START 2025-08-13T12:45:30.308113 | ch=31 ===
[in#0 @ 00000203b5e26540] Error opening input: Invalid argument
Error opening input file .
Error opening input files: Invalid argument

=== START 2025-08-13T12:45:35.631942 | ch=31 ===
[in#0 @ 000001e24f646540] Error opening input: Invalid argument
Error opening input file .
Error opening input files: Invalid argument

=== START 2025-08-13T12:45:40.968670 | ch=31 ===
[in#0 @ 000001cb36ec6540] Error opening input: Invalid argument
Error opening input file .
Error opening input files: Invalid argument

=== START 2025-08-13T12:45:46.305874 | ch=31 ===
[in#0 @ 0000019886676540] Error opening input: Invalid argument
Error opening input file .
Error opening input files: Invalid argument

=== START 2025-08-13T12:45:51.643150 | ch=31 ===
[in#0 @ 000001eecfca6540] Error opening input: Invalid argument
Error opening input file .
Error opening input files: Invalid argument

=== START 2025-08-13T12:45:56.980114 | ch=31 ===
[in#0 @ 000001feec786540] Error opening input: Invalid argument
Error opening input file .
Error opening input files: Invalid argument

=== START 2025-08-13T12:46:02.312481 | ch=31 ===
[in#0 @ 0000023bcba86540] Error opening input: Invalid argument
Error opening input file .
Error opening input files: Invalid argument

=== START 2025-08-13T12:46:07.644934 | ch=31 ===
[in#0 @ 0000023c03c46540] Error opening input: Invalid argument
Error opening input file .
Error opening input files: Invalid argument

=== START 2025-08-13T12:46:12.996987 | ch=31 ===
[in#0 @ 0000021131af6540] Error opening input: Invalid argument
Error opening input file .
Error opening input files: Invalid argument

=== START 2025-08-13T12:46:18.338412 | ch=31 ===
[in#0 @ 0000015ea3df6540] Error opening input: Invalid argument
Error opening input file .
Error opening input files: Invalid argument

=== START 2025-08-13T12:46:23.671638 | ch=31 ===
[in#0 @ 000001da51116540] Error opening input: Invalid argument
Error opening input file .
Error opening input files: Invalid argument

=== START 2025-08-13T12:46:28.997426 | ch=31 ===
[in#0 @ 000001d1425a6540] Error opening input: Invalid argument
Error opening input file .
Error opening input files: Invalid argument

=== START 2025-08-13T12:46:34.318845 | ch=31 ===
[in#0 @ 000001ff7ee96540] Error opening input: Invalid argument
Error opening input file .
Error opening input files: Invalid argument

=== START 2025-08-13T12:46:39.656331 | ch=31 ===
[in#0 @ 000001911dc56540] Error opening input: Invalid argument
Error opening input file .
Error opening input files: Invalid argument

=== START 2025-08-13T12:46:44.995155 | ch=31 ===
[in#0 @ 000001eb27186540] Error opening input: Invalid argument
Error opening input file .
Error opening input files: Invalid argument

=== START 2025-08-13T12:46:50.330902 | ch=31 ===
[in#0 @ 0000016adb536540] Error opening input: Invalid argument
Error opening input file .
Error opening input files: Invalid argument

=== START 2025-08-13T12:46:55.676155 | ch=31 ===
[in#0 @ 0000022394ff6540] Error opening input: Invalid argument
Error opening input file .
Error opening input files: Invalid argument

=== START 2025-08-13T12:47:00.997635 | ch=31 ===
[in#0 @ 0000021120576540] Error opening input: Invalid argument
Error opening input file .
Error opening input files: Invalid argument

=== START 2025-08-13T12:47:06.330831 | ch=31 ===
[in#0 @ 000002881e716540] Error opening input: Invalid argument
Error opening input file .
Error opening input files: Invalid argument

=== START 2025-08-13T12:47:11.661150 | ch=31 ===
[in#0 @ 000001b842396540] Error opening input: Invalid argument
Error opening input file .
Error opening input files: Invalid argument

=== START 2025-08-13T12:47:16.987962 | ch=31 ===
[in#0 @ 0000013afded6540] Error opening input: Invalid argument
Error opening input file .
Error opening input files: Invalid argument

=== START 2025-08-13T12:47:22.317449 | ch=31 ===
[in#0 @ 000001c80bbb6540] Error opening input: Invalid argument
Error opening input file .
Error opening input files: Invalid argument

=== START 2025-08-13T12:47:27.646699 | ch=31 ===
[in#0 @ 000001d1522e6540] Error opening input: Invalid argument
Error opening input file .
Error opening input files: Invalid argument

=== START 2025-08-13T12:47:32.975864 | ch=31 ===
[in#0 @ 00000234eb976540] Error opening input: Invalid argument
Error opening input file .
Error opening input files: Invalid argument

=== START 2025-08-13T12:47:38.302308 | ch=31 ===
[in#0 @ 000001e8e4076540] Error opening input: Invalid argument
Error opening input file .
Error opening input files: Invalid argument

=== START 2025-08-13T12:47:43.628005 | ch=31 ===
[in#0 @ 00000161ad9c6540] Error opening input: Invalid argument
Error opening input file .
Error opening input files: Invalid argument

=== START 2025-08-13T12:47:48.948363 | ch=31 ===
[in#0 @ 000001b7e1f86540] Error opening input: Invalid argument
Error opening input file .
Error opening input files: Invalid argument

=== START 2025-08-13T12:47:54.274166 | ch=31 ===
[in#0 @ 00000193fb016540] Error opening input: Invalid argument
Error opening input file .
Error opening input files: Invalid argument

=== START 2025-08-13T12:47:59.614607 | ch=31 ===
[in#0 @ 0000022abda46540] Error opening input: Invalid argument
Error opening input file .
Error opening input files: Invalid argument

=== START 2025-08-13T12:48:04.941113 | ch=31 ===
[in#0 @ 000002871c3f6540] Error opening input: Invalid argument
Error opening input file .
Error opening input files: Invalid argument

=== START 2025-08-13T12:48:10.272859 | ch=31 ===
[in#0 @ 00000295d4686540] Error opening input: Invalid argument
Error opening input file .
Error opening input files: Invalid argument

=== START 2025-08-13T12:48:15.607408 | ch=31 ===
[in#0 @ 000002c13b656540] Error opening input: Invalid argument
Error opening input file .
Error opening input files: Invalid argument

=== START 2025-08-13T12:48:20.945808 | ch=31 ===
[in#0 @ 00000245ec386540] Error opening input: Invalid argument
Error opening input file .
Error opening input files: Invalid argument

=== START 2025-08-13T12:48:26.282571 | ch=31 ===
[in#0 @ 00000149ec546540] Error opening input: Invalid argument
Error opening input file .
Error opening input files: Invalid argument

=== START 2025-08-13T12:48:31.611386 | ch=31 ===
[in#0 @ 000002446a716540] Error opening input: Invalid argument
Error opening input file .
Error opening input files: Invalid argument

=== START 2025-08-13T12:48:36.942298 | ch=31 ===
[in#0 @ 0000019c18156540] Error opening input: Invalid argument
Error opening input file .
Error opening input files: Invalid argument

=== START 2025-08-13T12:48:42.278228 | ch=31 ===
[in#0 @ 0000022c0bcb6540] Error opening input: Invalid argument
Error opening input file .
Error opening input files: Invalid argument

=== START 2025-08-13T12:48:47.605642 | ch=31 ===
[in#0 @ 000001606dbc6540] Error opening input: Invalid argument
Error opening input file .
Error opening input files: Invalid argument

=== START 2025-08-13T12:48:52.943091 | ch=31 ===
[in#0 @ 000001efc6406540] Error opening input: Invalid argument
Error opening input file .
Error opening input files: Invalid argument

=== START 2025-08-13T12:48:58.258939 | ch=31 ===
[in#0 @ 0000012ae6be6540] Error opening input: Invalid argument
Error opening input file .
Error opening input files: Invalid argument

=== START 2025-08-13T12:49:03.590168 | ch=31 ===
[in#0 @ 0000024170e76540] Error opening input: Invalid argument
Error opening input file .
Error opening input files: Invalid argument

=== START 2025-08-13T12:49:08.924967 | ch=31 ===
[in#0 @ 000001e8ddb66540] Error opening input: Invalid argument
Error opening input file .
Error opening input files: Invalid argument

=== START 2025-08-13T12:49:14.264554 | ch=31 ===
[in#0 @ 000001d0481c6540] Error opening input: Invalid argument
Error opening input file .
Error opening input files: Invalid argument

=== START 2025-08-13T12:49:19.597910 | ch=31 ===
[in#0 @ 000001f077e46540] Error opening input: Invalid argument
Error opening input file .
Error opening input files: Invalid argument

=== START 2025-08-13T12:49:24.930201 | ch=31 ===
[in#0 @ 0000025dfe9d6540] Error opening input: Invalid argument
Error opening input file .
Error opening input files: Invalid argument

=== START 2025-08-13T12:49:30.260599 | ch=31 ===
[in#0 @ 0000025bb37b6540] Error opening input: Invalid argument
Error opening input file .
Error opening input files: Invalid argument

=== START 2025-08-13T12:49:35.592758 | ch=31 ===
[in#0 @ 0000022a69326540] Error opening input: Invalid argument
Error opening input file .
Error opening input files: Invalid argument

=== START 2025-08-13T12:49:40.927317 | ch=31 ===
[in#0 @ 000002367c886540] Error opening input: Invalid argument
Error opening input file .
Error opening input files: Invalid argument

=== START 2025-08-13T12:49:46.261919 | ch=31 ===
[in#0 @ 00000113e4c56540] Error opening input: Invalid argument
Error opening input file .
Error opening input files: Invalid argument

=== START 2025-08-13T12:49:51.594568 | ch=31 ===
[in#0 @ 000001ef3a536540] Error opening input: Invalid argument
Error opening input file .
Error opening input files: Invalid argument

=== START 2025-08-13T12:49:56.930572 | ch=31 ===
[in#0 @ 0000023194046540] Error opening input: Invalid argument
Error opening input file .
Error opening input files: Invalid argument

=== START 2025-08-13T12:50:02.257332 | ch=31 ===
[in#0 @ 000002156b6a6540] Error opening input: Invalid argument
Error opening input file .
Error opening input files: Invalid argument

=== START 2025-08-13T12:50:07.582067 | ch=31 ===
[in#0 @ 000001ba62bc6540] Error opening input: Invalid argument
Error opening input file .
Error opening input files: Invalid argument

=== START 2025-08-13T12:50:12.910580 | ch=31 ===
[in#0 @ 000001ffa7756540] Error opening input: Invalid argument
Error opening input file .
Error opening input files: Invalid argument

=== START 2025-08-13T12:50:18.239409 | ch=31 ===
[in#0 @ 00000194ef166540] Error opening input: Invalid argument
Error opening input file .
Error opening input files: Invalid argument

=== START 2025-08-13T12:50:23.574939 | ch=31 ===
[in#0 @ 0000012340c46540] Error opening input: Invalid argument
Error opening input file .
Error opening input files: Invalid argument

=== START 2025-08-13T12:50:28.907543 | ch=31 ===
[in#0 @ 0000024f5cfc6540] Error opening input: Invalid argument
Error opening input file .
Error opening input files: Invalid argument

=== START 2025-08-13T12:50:34.242689 | ch=31 ===
[in#0 @ 000001cf25966540] Error opening input: Invalid argument
Error opening input file .
Error opening input files: Invalid argument

=== START 2025-08-13T12:50:39.578050 | ch=31 ===
[in#0 @ 000001ab05296540] Error opening input: Invalid argument
Error opening input file .
Error opening input files: Invalid argument

=== START 2025-08-13T12:50:44.908175 | ch=31 ===
[in#0 @ 0000023aad096540] Error opening input: Invalid argument
Error opening input file .
Error opening input files: Invalid argument

=== START 2025-08-13T12:50:50.243795 | ch=31 ===
[in#0 @ 0000021e09b66540] Error opening input: Invalid argument
Error opening input file .
Error opening input files: Invalid argument

=== START 2025-08-13T12:50:55.580003 | ch=31 ===
[in#0 @ 00000205f1756540] Error opening input: Invalid argument
Error opening input file .
Error opening input files: Invalid argument

=== START 2025-08-13T12:51:00.909385 | ch=31 ===
[in#0 @ 00000170a2266540] Error opening input: Invalid argument
Error opening input file .
Error opening input files: Invalid argument

=== START 2025-08-13T12:51:06.238906 | ch=31 ===
[in#0 @ 000001df0de76540] Error opening input: Invalid argument
Error opening input file .
Error opening input files: Invalid argument

=== START 2025-08-13T12:51:11.571388 | ch=31 ===
[in#0 @ 000002a149036540] Error opening input: Invalid argument
Error opening input file .
Error opening input files: Invalid argument

=== START 2025-08-13T12:51:16.901335 | ch=31 ===
[in#0 @ 000001c7ddd86540] Error opening input: Invalid argument
Error opening input file .
Error opening input files: Invalid argument

=== START 2025-08-13T12:51:22.239573 | ch=31 ===
[in#0 @ 000002c7954e6540] Error opening input: Invalid argument
Error opening input file .
Error opening input files: Invalid argument

=== START 2025-08-13T12:51:27.587749 | ch=31 ===
[in#0 @ 00000155fedb6540] Error opening input: Invalid argument
Error opening input file .
Error opening input files: Invalid argument

=== START 2025-08-13T12:51:32.912638 | ch=31 ===
[in#0 @ 00000232263d6540] Error opening input: Invalid argument
Error opening input file .
Error opening input files: Invalid argument

=== START 2025-08-13T12:51:38.236339 | ch=31 ===
[in#0 @ 0000010f55496540] Error opening input: Invalid argument
Error opening input file .
Error opening input files: Invalid argument

=== START 2025-08-13T12:51:43.567751 | ch=31 ===
[in#0 @ 0000022bb8116540] Error opening input: Invalid argument
Error opening input file .
Error opening input files: Invalid argument

=== START 2025-08-13T12:51:48.900665 | ch=31 ===
[in#0 @ 00000191c3646540] Error opening input: Invalid argument
Error opening input file .
Error opening input files: Invalid argument
