
=== START 2025-08-13T12:17:04.037186 | ch=32 ===
[in#0 @ 00000280f6076540] Error opening input: Invalid argument
Error opening input file .
Error opening input files: Invalid argument

=== START 2025-08-13T12:17:09.409149 | ch=32 ===
[in#0 @ 0000023014f96540] Error opening input: Invalid argument
Error opening input file .
Error opening input files: Invalid argument

=== START 2025-08-13T12:17:14.749605 | ch=32 ===
[in#0 @ 000001a13dd26540] Error opening input: Invalid argument
Error opening input file .
Error opening input files: Invalid argument

=== START 2025-08-13T12:17:20.086638 | ch=32 ===
[in#0 @ 00000228dc966540] Error opening input: Invalid argument
Error opening input file .
Error opening input files: Invalid argument

=== START 2025-08-13T12:17:25.406110 | ch=32 ===
[in#0 @ 0000018509996540] Error opening input: Invalid argument
Error opening input file .
Error opening input files: Invalid argument

=== START 2025-08-13T12:17:30.734066 | ch=32 ===
[in#0 @ 0000022d3dea6540] Error opening input: Invalid argument
Error opening input file .
Error opening input files: Invalid argument

=== START 2025-08-13T12:17:36.060302 | ch=32 ===
[in#0 @ 00000235881f6540] Error opening input: Invalid argument
Error opening input file .
Error opening input files: Invalid argument

=== START 2025-08-13T12:17:41.387179 | ch=32 ===
[in#0 @ 000002d59dd86540] Error opening input: Invalid argument
Error opening input file .
Error opening input files: Invalid argument

=== START 2025-08-13T12:17:46.771570 | ch=32 ===
[in#0 @ 0000025aa39e6540] Error opening input: Invalid argument
Error opening input file .
Error opening input files: Invalid argument

=== START 2025-08-13T12:17:52.107999 | ch=32 ===
[in#0 @ 0000021fb2e16540] Error opening input: Invalid argument
Error opening input file .
Error opening input files: Invalid argument

=== START 2025-08-13T12:17:57.427665 | ch=32 ===
[in#0 @ 0000023c6dde6540] Error opening input: Invalid argument
Error opening input file .
Error opening input files: Invalid argument

=== START 2025-08-13T12:18:02.757897 | ch=32 ===
[in#0 @ 000001568c9f6540] Error opening input: Invalid argument
Error opening input file .
Error opening input files: Invalid argument

=== START 2025-08-13T12:18:08.091285 | ch=32 ===
[in#0 @ 000001e121c96540] Error opening input: Invalid argument
Error opening input file .
Error opening input files: Invalid argument

=== START 2025-08-13T12:18:13.425812 | ch=32 ===
[in#0 @ 000001b47f2f6540] Error opening input: Invalid argument
Error opening input file .
Error opening input files: Invalid argument

=== START 2025-08-13T12:18:18.747018 | ch=32 ===
[in#0 @ 000002d991c76540] Error opening input: Invalid argument
Error opening input file .
Error opening input files: Invalid argument

=== START 2025-08-13T12:18:24.075381 | ch=32 ===
[in#0 @ 0000025b485d6540] Error opening input: Invalid argument
Error opening input file .
Error opening input files: Invalid argument

=== START 2025-08-13T12:18:29.411529 | ch=32 ===
[in#0 @ 000002d679b96540] Error opening input: Invalid argument
Error opening input file .
Error opening input files: Invalid argument

=== START 2025-08-13T12:18:34.739155 | ch=32 ===
[in#0 @ 0000021830186540] Error opening input: Invalid argument
Error opening input file .
Error opening input files: Invalid argument

=== START 2025-08-13T12:18:40.068348 | ch=32 ===
[in#0 @ 000001ef91476540] Error opening input: Invalid argument
Error opening input file .
Error opening input files: Invalid argument

=== START 2025-08-13T12:18:45.396787 | ch=32 ===
[in#0 @ 0000015060f66540] Error opening input: Invalid argument
Error opening input file .
Error opening input files: Invalid argument

=== START 2025-08-13T12:18:50.718872 | ch=32 ===
[in#0 @ 0000021153756540] Error opening input: Invalid argument
Error opening input file .
Error opening input files: Invalid argument

=== START 2025-08-13T12:18:56.042822 | ch=32 ===
[in#0 @ 00000179d17c6540] Error opening input: Invalid argument
Error opening input file .
Error opening input files: Invalid argument

=== START 2025-08-13T12:19:01.373121 | ch=32 ===
[in#0 @ 0000014a52676540] Error opening input: Invalid argument
Error opening input file .
Error opening input files: Invalid argument

=== START 2025-08-13T12:19:06.694645 | ch=32 ===
[in#0 @ 000002de34eb6540] Error opening input: Invalid argument
Error opening input file .
Error opening input files: Invalid argument

=== START 2025-08-13T12:19:12.018767 | ch=32 ===
[in#0 @ 00000267ffbd6540] Error opening input: Invalid argument
Error opening input file .
Error opening input files: Invalid argument

=== START 2025-08-13T12:19:17.348482 | ch=32 ===
[in#0 @ 000001d9b7926540] Error opening input: Invalid argument
Error opening input file .
Error opening input files: Invalid argument

=== START 2025-08-13T12:19:22.675861 | ch=32 ===
[in#0 @ 0000017b77686540] Error opening input: Invalid argument
Error opening input file .
Error opening input files: Invalid argument

=== START 2025-08-13T12:19:27.996470 | ch=32 ===
[in#0 @ 00000112f00e6540] Error opening input: Invalid argument
Error opening input file .
Error opening input files: Invalid argument

=== START 2025-08-13T12:19:33.319061 | ch=32 ===
[in#0 @ 000001db56bf6540] Error opening input: Invalid argument
Error opening input file .
Error opening input files: Invalid argument

=== START 2025-08-13T12:19:38.636531 | ch=32 ===
[in#0 @ 000002244b736540] Error opening input: Invalid argument
Error opening input file .
Error opening input files: Invalid argument

=== START 2025-08-13T12:19:43.953451 | ch=32 ===
[in#0 @ 00000241ef296540] Error opening input: Invalid argument
Error opening input file .
Error opening input files: Invalid argument

=== START 2025-08-13T12:19:49.278677 | ch=32 ===
[in#0 @ 0000014c5c5b6540] Error opening input: Invalid argument
Error opening input file .
Error opening input files: Invalid argument

=== START 2025-08-13T12:19:54.601402 | ch=32 ===
[in#0 @ 0000025399316540] Error opening input: Invalid argument
Error opening input file .
Error opening input files: Invalid argument

=== START 2025-08-13T12:19:59.925990 | ch=32 ===
[in#0 @ 000001a1bb4c6540] Error opening input: Invalid argument
Error opening input file .
Error opening input files: Invalid argument

=== START 2025-08-13T12:20:05.261471 | ch=32 ===
[in#0 @ 000002014d4a6540] Error opening input: Invalid argument
Error opening input file .
Error opening input files: Invalid argument

=== START 2025-08-13T12:20:10.589545 | ch=32 ===
[in#0 @ 000001eb98606540] Error opening input: Invalid argument
Error opening input file .
Error opening input files: Invalid argument

=== START 2025-08-13T12:20:15.916737 | ch=32 ===
[in#0 @ 00000227d78e6540] Error opening input: Invalid argument
Error opening input file .
Error opening input files: Invalid argument

=== START 2025-08-13T12:20:21.258335 | ch=32 ===
[in#0 @ 000002080fee6540] Error opening input: Invalid argument
Error opening input file .
Error opening input files: Invalid argument

=== START 2025-08-13T12:20:26.594596 | ch=32 ===
[in#0 @ 000001f6ea7a6540] Error opening input: Invalid argument
Error opening input file .
Error opening input files: Invalid argument

=== START 2025-08-13T12:20:31.923864 | ch=32 ===
[in#0 @ 00000221a7036540] Error opening input: Invalid argument
Error opening input file .
Error opening input files: Invalid argument

=== START 2025-08-13T12:20:37.253080 | ch=32 ===
[in#0 @ 0000021459846540] Error opening input: Invalid argument
Error opening input file .
Error opening input files: Invalid argument

=== START 2025-08-13T12:20:42.601565 | ch=32 ===
[in#0 @ 00000214d6626540] Error opening input: Invalid argument
Error opening input file .
Error opening input files: Invalid argument

=== START 2025-08-13T12:20:47.928584 | ch=32 ===
[in#0 @ 000001171fac6540] Error opening input: Invalid argument
Error opening input file .
Error opening input files: Invalid argument

=== START 2025-08-13T12:20:53.259781 | ch=32 ===
[in#0 @ 000001fc93816540] Error opening input: Invalid argument
Error opening input file .
Error opening input files: Invalid argument

=== START 2025-08-13T12:20:58.598069 | ch=32 ===
[in#0 @ 000001aeda596540] Error opening input: Invalid argument
Error opening input file .
Error opening input files: Invalid argument

=== START 2025-08-13T12:21:03.925924 | ch=32 ===
[in#0 @ 000002dc10ed6540] Error opening input: Invalid argument
Error opening input file .
Error opening input files: Invalid argument

=== START 2025-08-13T12:21:09.252546 | ch=32 ===
[in#0 @ 0000024e85c36540] Error opening input: Invalid argument
Error opening input file .
Error opening input files: Invalid argument

=== START 2025-08-13T12:21:14.582939 | ch=32 ===
[in#0 @ 0000023c4acd6540] Error opening input: Invalid argument
Error opening input file .
Error opening input files: Invalid argument

=== START 2025-08-13T12:21:19.916508 | ch=32 ===
[in#0 @ 0000019592266540] Error opening input: Invalid argument
Error opening input file .
Error opening input files: Invalid argument

=== START 2025-08-13T12:21:25.262673 | ch=32 ===
[in#0 @ 00000218520f6540] Error opening input: Invalid argument
Error opening input file .
Error opening input files: Invalid argument

=== START 2025-08-13T12:21:30.592886 | ch=32 ===
[in#0 @ 0000021fd0e46540] Error opening input: Invalid argument
Error opening input file .
Error opening input files: Invalid argument

=== START 2025-08-13T12:21:35.921121 | ch=32 ===
[in#0 @ 0000017e2a006540] Error opening input: Invalid argument
Error opening input file .
Error opening input files: Invalid argument

=== START 2025-08-13T12:21:41.249668 | ch=32 ===
[in#0 @ 000001b572696540] Error opening input: Invalid argument
Error opening input file .
Error opening input files: Invalid argument

=== START 2025-08-13T12:21:46.582525 | ch=32 ===
[in#0 @ 000001d1d2146540] Error opening input: Invalid argument
Error opening input file .
Error opening input files: Invalid argument

=== START 2025-08-13T12:21:51.918999 | ch=32 ===
[in#0 @ 000001b423dd6540] Error opening input: Invalid argument
Error opening input file .
Error opening input files: Invalid argument

=== START 2025-08-13T12:21:57.255932 | ch=32 ===
[in#0 @ 00000227e8fa6540] Error opening input: Invalid argument
Error opening input file .
Error opening input files: Invalid argument

=== START 2025-08-13T12:22:02.589212 | ch=32 ===
[in#0 @ 0000014af16f6540] Error opening input: Invalid argument
Error opening input file .
Error opening input files: Invalid argument

=== START 2025-08-13T12:22:07.914850 | ch=32 ===
[in#0 @ 00000147f49c6540] Error opening input: Invalid argument
Error opening input file .
Error opening input files: Invalid argument

=== START 2025-08-13T12:22:13.239687 | ch=32 ===
[in#0 @ 000001a998d56540] Error opening input: Invalid argument
Error opening input file .
Error opening input files: Invalid argument

=== START 2025-08-13T12:22:18.570846 | ch=32 ===
[in#0 @ 000001c595ff6540] Error opening input: Invalid argument
Error opening input file .
Error opening input files: Invalid argument

=== START 2025-08-13T12:22:23.902999 | ch=32 ===
[in#0 @ 0000029d60026540] Error opening input: Invalid argument
Error opening input file .
Error opening input files: Invalid argument

=== START 2025-08-13T12:22:29.224533 | ch=32 ===
[in#0 @ 000002f174106540] Error opening input: Invalid argument
Error opening input file .
Error opening input files: Invalid argument

=== START 2025-08-13T12:22:34.551033 | ch=32 ===
[in#0 @ 000002530ecd6540] Error opening input: Invalid argument
Error opening input file .
Error opening input files: Invalid argument

=== START 2025-08-13T12:22:39.882265 | ch=32 ===
[in#0 @ 00000269aa4e6540] Error opening input: Invalid argument
Error opening input file .
Error opening input files: Invalid argument

=== START 2025-08-13T12:22:45.206959 | ch=32 ===
[in#0 @ 0000018b54df6540] Error opening input: Invalid argument
Error opening input file .
Error opening input files: Invalid argument

=== START 2025-08-13T12:22:50.531223 | ch=32 ===
[in#0 @ 0000019ec5496540] Error opening input: Invalid argument
Error opening input file .
Error opening input files: Invalid argument

=== START 2025-08-13T12:22:55.864689 | ch=32 ===
[in#0 @ 0000029bda646540] Error opening input: Invalid argument
Error opening input file .
Error opening input files: Invalid argument

=== START 2025-08-13T12:23:01.210847 | ch=32 ===
[in#0 @ 000001c2b3726540] Error opening input: Invalid argument
Error opening input file .
Error opening input files: Invalid argument

=== START 2025-08-13T12:23:06.542787 | ch=32 ===
[in#0 @ 0000024a8f3c6540] Error opening input: Invalid argument
Error opening input file .
Error opening input files: Invalid argument

=== START 2025-08-13T12:23:11.875551 | ch=32 ===
[in#0 @ 00000216866f6540] Error opening input: Invalid argument
Error opening input file .
Error opening input files: Invalid argument

=== START 2025-08-13T12:23:17.201342 | ch=32 ===
[in#0 @ 000002481d6d6540] Error opening input: Invalid argument
Error opening input file .
Error opening input files: Invalid argument

=== START 2025-08-13T12:23:22.535606 | ch=32 ===
[in#0 @ 000002af68086540] Error opening input: Invalid argument
Error opening input file .
Error opening input files: Invalid argument

=== START 2025-08-13T12:23:27.864605 | ch=32 ===
[in#0 @ 000002cb07d76540] Error opening input: Invalid argument
Error opening input file .
Error opening input files: Invalid argument

=== START 2025-08-13T12:23:33.193596 | ch=32 ===
[in#0 @ 000001be567a6540] Error opening input: Invalid argument
Error opening input file .
Error opening input files: Invalid argument

=== START 2025-08-13T12:23:38.524479 | ch=32 ===
[in#0 @ 000001a0c4f06540] Error opening input: Invalid argument
Error opening input file .
Error opening input files: Invalid argument

=== START 2025-08-13T12:23:43.854734 | ch=32 ===
[in#0 @ 000001b094ca6540] Error opening input: Invalid argument
Error opening input file .
Error opening input files: Invalid argument

=== START 2025-08-13T12:23:49.183580 | ch=32 ===
[in#0 @ 0000020f679f6540] Error opening input: Invalid argument
Error opening input file .
Error opening input files: Invalid argument

=== START 2025-08-13T12:23:54.522082 | ch=32 ===
[in#0 @ 0000022d7f176540] Error opening input: Invalid argument
Error opening input file .
Error opening input files: Invalid argument

=== START 2025-08-13T12:23:59.858036 | ch=32 ===
[in#0 @ 000001fe10e66540] Error opening input: Invalid argument
Error opening input file .
Error opening input files: Invalid argument

=== START 2025-08-13T12:24:05.186788 | ch=32 ===
[in#0 @ 00000202fde96540] Error opening input: Invalid argument
Error opening input file .
Error opening input files: Invalid argument

=== START 2025-08-13T12:24:10.521714 | ch=32 ===
[in#0 @ 000002a6047c6540] Error opening input: Invalid argument
Error opening input file .
Error opening input files: Invalid argument

=== START 2025-08-13T12:24:15.858942 | ch=32 ===
[in#0 @ 00000186384f6540] Error opening input: Invalid argument
Error opening input file .
Error opening input files: Invalid argument

=== START 2025-08-13T12:24:21.183399 | ch=32 ===
[in#0 @ 000002e19be76540] Error opening input: Invalid argument
Error opening input file .
Error opening input files: Invalid argument

=== START 2025-08-13T12:24:26.506507 | ch=32 ===
[in#0 @ 0000022991386540] Error opening input: Invalid argument
Error opening input file .
Error opening input files: Invalid argument

=== START 2025-08-13T12:24:31.834467 | ch=32 ===
[in#0 @ 0000027c591f6540] Error opening input: Invalid argument
Error opening input file .
Error opening input files: Invalid argument

=== START 2025-08-13T12:24:37.175199 | ch=32 ===
[in#0 @ 000001f5a6b46540] Error opening input: Invalid argument
Error opening input file .
Error opening input files: Invalid argument

=== START 2025-08-13T12:24:42.503974 | ch=32 ===
[in#0 @ 0000028d43756540] Error opening input: Invalid argument
Error opening input file .
Error opening input files: Invalid argument

=== START 2025-08-13T12:24:47.833671 | ch=32 ===
[in#0 @ 000001fa827b6540] Error opening input: Invalid argument
Error opening input file .
Error opening input files: Invalid argument

=== START 2025-08-13T12:24:53.163727 | ch=32 ===
[in#0 @ 000002e24a2e6540] Error opening input: Invalid argument
Error opening input file .
Error opening input files: Invalid argument

=== START 2025-08-13T12:24:58.496132 | ch=32 ===
[in#0 @ 000001ea3e626540] Error opening input: Invalid argument
Error opening input file .
Error opening input files: Invalid argument

=== START 2025-08-13T12:25:03.823216 | ch=32 ===
[in#0 @ 0000021cf9506540] Error opening input: Invalid argument
Error opening input file .
Error opening input files: Invalid argument

=== START 2025-08-13T12:25:09.158635 | ch=32 ===
[in#0 @ 0000028743d86540] Error opening input: Invalid argument
Error opening input file .
Error opening input files: Invalid argument

=== START 2025-08-13T12:25:14.485866 | ch=32 ===
[in#0 @ 0000012e79816540] Error opening input: Invalid argument
Error opening input file .
Error opening input files: Invalid argument

=== START 2025-08-13T12:25:19.806385 | ch=32 ===
[in#0 @ 00000229035f6540] Error opening input: Invalid argument
Error opening input file .
Error opening input files: Invalid argument

=== START 2025-08-13T12:25:25.146682 | ch=32 ===
[in#0 @ 0000019231106540] Error opening input: Invalid argument
Error opening input file .
Error opening input files: Invalid argument

=== START 2025-08-13T12:25:30.483202 | ch=32 ===
[in#0 @ 0000021c67406540] Error opening input: Invalid argument
Error opening input file .
Error opening input files: Invalid argument

=== START 2025-08-13T12:25:35.812010 | ch=32 ===
[in#0 @ 0000024166a86540] Error opening input: Invalid argument
Error opening input file .
Error opening input files: Invalid argument

=== START 2025-08-13T12:25:41.134133 | ch=32 ===
[in#0 @ 0000029242596540] Error opening input: Invalid argument
Error opening input file .
Error opening input files: Invalid argument

=== START 2025-08-13T12:25:46.460229 | ch=32 ===
[in#0 @ 000002042e2c6540] Error opening input: Invalid argument
Error opening input file .
Error opening input files: Invalid argument

=== START 2025-08-13T12:25:51.793803 | ch=32 ===
[in#0 @ 0000027c11c06540] Error opening input: Invalid argument
Error opening input file .
Error opening input files: Invalid argument

=== START 2025-08-13T12:25:57.120804 | ch=32 ===
[in#0 @ 0000016d47966540] Error opening input: Invalid argument
Error opening input file .
Error opening input files: Invalid argument

=== START 2025-08-13T12:26:02.453812 | ch=32 ===
[in#0 @ 0000021540276540] Error opening input: Invalid argument
Error opening input file .
Error opening input files: Invalid argument

=== START 2025-08-13T12:26:07.777432 | ch=32 ===
[in#0 @ 000001e65da36540] Error opening input: Invalid argument
Error opening input file .
Error opening input files: Invalid argument

=== START 2025-08-13T12:26:13.101231 | ch=32 ===
[in#0 @ 00000183b7016540] Error opening input: Invalid argument
Error opening input file .
Error opening input files: Invalid argument

=== START 2025-08-13T12:26:18.431489 | ch=32 ===
[in#0 @ 000002840d826540] Error opening input: Invalid argument
Error opening input file .
Error opening input files: Invalid argument

=== START 2025-08-13T12:26:23.759188 | ch=32 ===
[in#0 @ 0000022f1e9f6540] Error opening input: Invalid argument
Error opening input file .
Error opening input files: Invalid argument

=== START 2025-08-13T12:26:29.085820 | ch=32 ===
[in#0 @ 00000220349e6540] Error opening input: Invalid argument
Error opening input file .
Error opening input files: Invalid argument

=== START 2025-08-13T12:26:34.421184 | ch=32 ===
[in#0 @ 000002675df76540] Error opening input: Invalid argument
Error opening input file .
Error opening input files: Invalid argument

=== START 2025-08-13T12:26:39.757192 | ch=32 ===
[in#0 @ 000001070dd96540] Error opening input: Invalid argument
Error opening input file .
Error opening input files: Invalid argument

=== START 2025-08-13T12:26:45.088598 | ch=32 ===
[in#0 @ 000001c759756540] Error opening input: Invalid argument
Error opening input file .
Error opening input files: Invalid argument

=== START 2025-08-13T12:26:50.412891 | ch=32 ===
[in#0 @ 0000023acfae6540] Error opening input: Invalid argument
Error opening input file .
Error opening input files: Invalid argument

=== START 2025-08-13T12:26:55.743350 | ch=32 ===
[in#0 @ 00000253b2a76540] Error opening input: Invalid argument
Error opening input file .
Error opening input files: Invalid argument

=== START 2025-08-13T12:27:01.104342 | ch=32 ===
[in#0 @ 000001fe47816540] Error opening input: Invalid argument
Error opening input file .
Error opening input files: Invalid argument

=== START 2025-08-13T12:27:06.428945 | ch=32 ===
[in#0 @ 000001f344576540] Error opening input: Invalid argument
Error opening input file .
Error opening input files: Invalid argument

=== START 2025-08-13T12:27:11.754331 | ch=32 ===
[in#0 @ 000001d30e806540] Error opening input: Invalid argument
Error opening input file .
Error opening input files: Invalid argument

=== START 2025-08-13T12:27:17.083268 | ch=32 ===
[in#0 @ 0000018822c26540] Error opening input: Invalid argument
Error opening input file .
Error opening input files: Invalid argument

=== START 2025-08-13T12:27:22.410785 | ch=32 ===
[in#0 @ 0000021979fc6540] Error opening input: Invalid argument
Error opening input file .
Error opening input files: Invalid argument

=== START 2025-08-13T12:27:27.750344 | ch=32 ===
[in#0 @ 000001fd72436540] Error opening input: Invalid argument
Error opening input file .
Error opening input files: Invalid argument

=== START 2025-08-13T12:37:01.756039 | ch=32 ===
[in#0 @ 00000188efe26540] Error opening input: Invalid argument
Error opening input file .
Error opening input files: Invalid argument

=== START 2025-08-13T12:37:07.088418 | ch=32 ===
[in#0 @ 0000025506296540] Error opening input: Invalid argument
Error opening input file .
Error opening input files: Invalid argument

=== START 2025-08-13T12:37:12.417714 | ch=32 ===
[in#0 @ 0000026ccd1a6540] Error opening input: Invalid argument
Error opening input file .
Error opening input files: Invalid argument

=== START 2025-08-13T12:37:17.741400 | ch=32 ===
[in#0 @ 000001accabc6540] Error opening input: Invalid argument
Error opening input file .
Error opening input files: Invalid argument

=== START 2025-08-13T12:37:23.079655 | ch=32 ===
[in#0 @ 000002adb0386540] Error opening input: Invalid argument
Error opening input file .
Error opening input files: Invalid argument

=== START 2025-08-13T12:37:28.421170 | ch=32 ===
[in#0 @ 000002597aa86540] Error opening input: Invalid argument
Error opening input file .
Error opening input files: Invalid argument

=== START 2025-08-13T12:37:33.746925 | ch=32 ===
[in#0 @ 0000020056616540] Error opening input: Invalid argument
Error opening input file .
Error opening input files: Invalid argument

=== START 2025-08-13T12:37:39.114052 | ch=32 ===
[in#0 @ 000001fd99496540] Error opening input: Invalid argument
Error opening input file .
Error opening input files: Invalid argument

=== START 2025-08-13T12:37:44.429638 | ch=32 ===
[in#0 @ 0000021ef9e96540] Error opening input: Invalid argument
Error opening input file .
Error opening input files: Invalid argument

=== START 2025-08-13T12:37:49.764931 | ch=32 ===
[in#0 @ 0000024209e46540] Error opening input: Invalid argument
Error opening input file .
Error opening input files: Invalid argument

=== START 2025-08-13T12:37:55.101090 | ch=32 ===
[in#0 @ 0000029a031c6540] Error opening input: Invalid argument
Error opening input file .
Error opening input files: Invalid argument

=== START 2025-08-13T12:38:00.436913 | ch=32 ===
[in#0 @ 000001723e366540] Error opening input: Invalid argument
Error opening input file .
Error opening input files: Invalid argument

=== START 2025-08-13T12:38:05.766669 | ch=32 ===
[in#0 @ 0000019fc3466540] Error opening input: Invalid argument
Error opening input file .
Error opening input files: Invalid argument

=== START 2025-08-13T12:38:11.093971 | ch=32 ===
[in#0 @ 000001e73aca6540] Error opening input: Invalid argument
Error opening input file .
Error opening input files: Invalid argument

=== START 2025-08-13T12:38:16.425762 | ch=32 ===
[in#0 @ 000001efec606540] Error opening input: Invalid argument
Error opening input file .
Error opening input files: Invalid argument

=== START 2025-08-13T12:38:21.753974 | ch=32 ===
[in#0 @ 00000173aad36540] Error opening input: Invalid argument
Error opening input file .
Error opening input files: Invalid argument

=== START 2025-08-13T12:38:27.096337 | ch=32 ===
[in#0 @ 00000223f2146540] Error opening input: Invalid argument
Error opening input file .
Error opening input files: Invalid argument

=== START 2025-08-13T12:38:32.444943 | ch=32 ===
[in#0 @ 0000022a913e6540] Error opening input: Invalid argument
Error opening input file .
Error opening input files: Invalid argument

=== START 2025-08-13T12:38:37.790525 | ch=32 ===
[in#0 @ 0000021ee8c16540] Error opening input: Invalid argument
Error opening input file .
Error opening input files: Invalid argument

=== START 2025-08-13T12:38:43.141227 | ch=32 ===
[in#0 @ 0000013291ab6540] Error opening input: Invalid argument
Error opening input file .
Error opening input files: Invalid argument

=== START 2025-08-13T12:38:48.488293 | ch=32 ===
[in#0 @ 00000198cd436540] Error opening input: Invalid argument
Error opening input file .
Error opening input files: Invalid argument

=== START 2025-08-13T12:38:53.830161 | ch=32 ===
[in#0 @ 000001a47bea6540] Error opening input: Invalid argument
Error opening input file .
Error opening input files: Invalid argument

=== START 2025-08-13T12:38:59.179843 | ch=32 ===
[in#0 @ 00000204d7cf6540] Error opening input: Invalid argument
Error opening input file .
Error opening input files: Invalid argument

=== START 2025-08-13T12:39:04.527439 | ch=32 ===
[in#0 @ 000002b7226a6540] Error opening input: Invalid argument
Error opening input file .
Error opening input files: Invalid argument

=== START 2025-08-13T12:39:09.884440 | ch=32 ===
[in#0 @ 000002724f8f6540] Error opening input: Invalid argument
Error opening input file .
Error opening input files: Invalid argument

=== START 2025-08-13T12:39:15.241259 | ch=32 ===
[in#0 @ 0000026549566540] Error opening input: Invalid argument
Error opening input file .
Error opening input files: Invalid argument

=== START 2025-08-13T12:39:20.583518 | ch=32 ===
[in#0 @ 000001b8c7126540] Error opening input: Invalid argument
Error opening input file .
Error opening input files: Invalid argument

=== START 2025-08-13T12:40:27.061453 | ch=32 ===
[in#0 @ 0000019d5adb6540] Error opening input: Invalid argument
Error opening input file .
Error opening input files: Invalid argument

=== START 2025-08-13T12:40:32.412686 | ch=32 ===
[in#0 @ 000001f4f3cf6540] Error opening input: Invalid argument
Error opening input file .
Error opening input files: Invalid argument

=== START 2025-08-13T12:40:37.741775 | ch=32 ===
[in#0 @ 0000027f029f6540] Error opening input: Invalid argument
Error opening input file .
Error opening input files: Invalid argument

=== START 2025-08-13T12:40:43.064896 | ch=32 ===
[in#0 @ 00000203ff3b6540] Error opening input: Invalid argument
Error opening input file .
Error opening input files: Invalid argument

=== START 2025-08-13T12:40:48.382869 | ch=32 ===
[in#0 @ 0000010b83fc6540] Error opening input: Invalid argument
Error opening input file .
Error opening input files: Invalid argument

=== START 2025-08-13T12:40:53.702836 | ch=32 ===
[in#0 @ 0000022691bb6540] Error opening input: Invalid argument
Error opening input file .
Error opening input files: Invalid argument

=== START 2025-08-13T12:40:59.016582 | ch=32 ===
[in#0 @ 00000168c9f16540] Error opening input: Invalid argument
Error opening input file .
Error opening input files: Invalid argument

=== START 2025-08-13T12:41:04.333581 | ch=32 ===
[in#0 @ 000001d0cabc6540] Error opening input: Invalid argument
Error opening input file .
Error opening input files: Invalid argument

=== START 2025-08-13T12:41:09.647449 | ch=32 ===
[in#0 @ 0000029ffc836540] Error opening input: Invalid argument
Error opening input file .
Error opening input files: Invalid argument

=== START 2025-08-13T12:41:14.971672 | ch=32 ===
[in#0 @ 00000230e1856540] Error opening input: Invalid argument
Error opening input file .
Error opening input files: Invalid argument

=== START 2025-08-13T12:41:20.297773 | ch=32 ===
[in#0 @ 000002550cd56540] Error opening input: Invalid argument
Error opening input file .
Error opening input files: Invalid argument

=== START 2025-08-13T12:41:25.620070 | ch=32 ===
[in#0 @ 0000023727c16540] Error opening input: Invalid argument
Error opening input file .
Error opening input files: Invalid argument

=== START 2025-08-13T12:41:30.945044 | ch=32 ===
[in#0 @ 00000273cbbb6540] Error opening input: Invalid argument
Error opening input file .
Error opening input files: Invalid argument

=== START 2025-08-13T12:41:36.272219 | ch=32 ===
[in#0 @ 0000028003b46540] Error opening input: Invalid argument
Error opening input file .
Error opening input files: Invalid argument

=== START 2025-08-13T12:41:41.613914 | ch=32 ===
[in#0 @ 00000165d9696540] Error opening input: Invalid argument
Error opening input file .
Error opening input files: Invalid argument

=== START 2025-08-13T12:41:46.935831 | ch=32 ===
[in#0 @ 00000196cf626540] Error opening input: Invalid argument
Error opening input file .
Error opening input files: Invalid argument

=== START 2025-08-13T12:41:52.252095 | ch=32 ===
[in#0 @ 000001d63dda6540] Error opening input: Invalid argument
Error opening input file .
Error opening input files: Invalid argument

=== START 2025-08-13T12:41:57.570779 | ch=32 ===
[in#0 @ 000001f366df6540] Error opening input: Invalid argument
Error opening input file .
Error opening input files: Invalid argument

=== START 2025-08-13T12:42:02.895578 | ch=32 ===
[in#0 @ 0000028f8c136540] Error opening input: Invalid argument
Error opening input file .
Error opening input files: Invalid argument

=== START 2025-08-13T12:42:08.207590 | ch=32 ===
[in#0 @ 0000017e1c2f6540] Error opening input: Invalid argument
Error opening input file .
Error opening input files: Invalid argument

=== START 2025-08-13T12:42:13.528750 | ch=32 ===
[in#0 @ 000002bee34b6540] Error opening input: Invalid argument
Error opening input file .
Error opening input files: Invalid argument

=== START 2025-08-13T12:42:18.853274 | ch=32 ===
[in#0 @ 0000020b85446540] Error opening input: Invalid argument
Error opening input file .
Error opening input files: Invalid argument

=== START 2025-08-13T12:42:24.180341 | ch=32 ===
[in#0 @ 000001081cb66540] Error opening input: Invalid argument
Error opening input file .
Error opening input files: Invalid argument

=== START 2025-08-13T12:42:29.506192 | ch=32 ===
[in#0 @ 00000146c02e6540] Error opening input: Invalid argument
Error opening input file .
Error opening input files: Invalid argument

=== START 2025-08-13T12:42:34.831889 | ch=32 ===
[in#0 @ 00000212b9336540] Error opening input: Invalid argument
Error opening input file .
Error opening input files: Invalid argument

=== START 2025-08-13T12:42:40.162376 | ch=32 ===
[in#0 @ 00000252a9466540] Error opening input: Invalid argument
Error opening input file .
Error opening input files: Invalid argument

=== START 2025-08-13T12:42:45.494315 | ch=32 ===
[in#0 @ 0000013c7e086540] Error opening input: Invalid argument
Error opening input file .
Error opening input files: Invalid argument

=== START 2025-08-13T12:42:50.816722 | ch=32 ===
[in#0 @ 00000125e0c76540] Error opening input: Invalid argument
Error opening input file .
Error opening input files: Invalid argument

=== START 2025-08-13T12:42:56.132166 | ch=32 ===
[in#0 @ 000002679cdb6540] Error opening input: Invalid argument
Error opening input file .
Error opening input files: Invalid argument

=== START 2025-08-13T12:43:01.446490 | ch=32 ===
[in#0 @ 00000147f7526540] Error opening input: Invalid argument
Error opening input file .
Error opening input files: Invalid argument

=== START 2025-08-13T12:43:06.766488 | ch=32 ===
[in#0 @ 000001940be86540] Error opening input: Invalid argument
Error opening input file .
Error opening input files: Invalid argument

=== START 2025-08-13T12:43:12.097649 | ch=32 ===
[in#0 @ 0000024658336540] Error opening input: Invalid argument
Error opening input file .
Error opening input files: Invalid argument

=== START 2025-08-13T12:43:17.425926 | ch=32 ===
[in#0 @ 00000232e9796540] Error opening input: Invalid argument
Error opening input file .
Error opening input files: Invalid argument

=== START 2025-08-13T12:43:22.737727 | ch=32 ===
[in#0 @ 0000026e7c026540] Error opening input: Invalid argument
Error opening input file .
Error opening input files: Invalid argument

=== START 2025-08-13T12:43:28.050323 | ch=32 ===
[in#0 @ 0000023862b56540] Error opening input: Invalid argument
Error opening input file .
Error opening input files: Invalid argument

=== START 2025-08-13T12:43:33.377155 | ch=32 ===
[in#0 @ 000001bbf8ac6540] Error opening input: Invalid argument
Error opening input file .
Error opening input files: Invalid argument

=== START 2025-08-13T12:43:38.708389 | ch=32 ===
[in#0 @ 000001f718076540] Error opening input: Invalid argument
Error opening input file .
Error opening input files: Invalid argument

=== START 2025-08-13T12:43:44.038675 | ch=32 ===
[in#0 @ 0000018170f96540] Error opening input: Invalid argument
Error opening input file .
Error opening input files: Invalid argument

=== START 2025-08-13T12:43:49.362597 | ch=32 ===
[in#0 @ 000001e256aa6540] Error opening input: Invalid argument
Error opening input file .
Error opening input files: Invalid argument

=== START 2025-08-13T12:43:54.688474 | ch=32 ===
[in#0 @ 00000179acfc6540] Error opening input: Invalid argument
Error opening input file .
Error opening input files: Invalid argument

=== START 2025-08-13T12:44:00.011041 | ch=32 ===
[in#0 @ 000001840d726540] Error opening input: Invalid argument
Error opening input file .
Error opening input files: Invalid argument

=== START 2025-08-13T12:44:05.332045 | ch=32 ===
[in#0 @ 000001bfe3d66540] Error opening input: Invalid argument
Error opening input file .
Error opening input files: Invalid argument

=== START 2025-08-13T12:44:10.655651 | ch=32 ===
[in#0 @ 000001e48c926540] Error opening input: Invalid argument
Error opening input file .
Error opening input files: Invalid argument

=== START 2025-08-13T12:44:15.976353 | ch=32 ===
[in#0 @ 000001f784d46540] Error opening input: Invalid argument
Error opening input file .
Error opening input files: Invalid argument

=== START 2025-08-13T12:44:21.296456 | ch=32 ===
[in#0 @ 0000028aa7006540] Error opening input: Invalid argument
Error opening input file .
Error opening input files: Invalid argument

=== START 2025-08-13T12:44:26.623492 | ch=32 ===
[in#0 @ 00000113ffd16540] Error opening input: Invalid argument
Error opening input file .
Error opening input files: Invalid argument

=== START 2025-08-13T12:44:31.941632 | ch=32 ===
[in#0 @ 0000026b9fe36540] Error opening input: Invalid argument
Error opening input file .
Error opening input files: Invalid argument

=== START 2025-08-13T12:44:37.252685 | ch=32 ===
[in#0 @ 0000026a59e56540] Error opening input: Invalid argument
Error opening input file .
Error opening input files: Invalid argument

=== START 2025-08-13T12:44:42.575874 | ch=32 ===
[in#0 @ 000001d8f59f6540] Error opening input: Invalid argument
Error opening input file .
Error opening input files: Invalid argument

=== START 2025-08-13T12:44:47.670395 | ch=32 ===
[in#0 @ 0000015fe8056540] Error opening input: Invalid argument
Error opening input file .
Error opening input files: Invalid argument

=== START 2025-08-13T12:44:52.982107 | ch=32 ===
[in#0 @ 0000012df8536540] Error opening input: Invalid argument
Error opening input file .
Error opening input files: Invalid argument

=== START 2025-08-13T12:44:58.319542 | ch=32 ===
[in#0 @ 000001fcfbcf6540] Error opening input: Invalid argument
Error opening input file .
Error opening input files: Invalid argument

=== START 2025-08-13T12:45:03.646235 | ch=32 ===
[in#0 @ 000001adee4c6540] Error opening input: Invalid argument
Error opening input file .
Error opening input files: Invalid argument

=== START 2025-08-13T12:45:08.976745 | ch=32 ===
[in#0 @ 000001ff8ece6540] Error opening input: Invalid argument
Error opening input file .
Error opening input files: Invalid argument

=== START 2025-08-13T12:45:14.305518 | ch=32 ===
[in#0 @ 000002185b5c6540] Error opening input: Invalid argument
Error opening input file .
Error opening input files: Invalid argument

=== START 2025-08-13T12:45:19.652610 | ch=32 ===
[in#0 @ 0000020d2d636540] Error opening input: Invalid argument
Error opening input file .
Error opening input files: Invalid argument

=== START 2025-08-13T12:45:24.985651 | ch=32 ===
[in#0 @ 000001f90b266540] Error opening input: Invalid argument
Error opening input file .
Error opening input files: Invalid argument

=== START 2025-08-13T12:45:30.314884 | ch=32 ===
[in#0 @ 000001dffb0e6540] Error opening input: Invalid argument
Error opening input file .
Error opening input files: Invalid argument

=== START 2025-08-13T12:45:35.638671 | ch=32 ===
[in#0 @ 0000019c65086540] Error opening input: Invalid argument
Error opening input file .
Error opening input files: Invalid argument

=== START 2025-08-13T12:45:40.975537 | ch=32 ===
[in#0 @ 000001e48bb56540] Error opening input: Invalid argument
Error opening input file .
Error opening input files: Invalid argument

=== START 2025-08-13T12:45:46.312099 | ch=32 ===
[in#0 @ 000001d446aa6540] Error opening input: Invalid argument
Error opening input file .
Error opening input files: Invalid argument

=== START 2025-08-13T12:45:51.649368 | ch=32 ===
[in#0 @ 000001e5cfb26540] Error opening input: Invalid argument
Error opening input file .
Error opening input files: Invalid argument

=== START 2025-08-13T12:45:56.986503 | ch=32 ===
[in#0 @ 0000020385cd6540] Error opening input: Invalid argument
Error opening input file .
Error opening input files: Invalid argument

=== START 2025-08-13T12:46:02.319366 | ch=32 ===
[in#0 @ 000001cf9ebc6540] Error opening input: Invalid argument
Error opening input file .
Error opening input files: Invalid argument

=== START 2025-08-13T12:46:07.651806 | ch=32 ===
[in#0 @ 000001c606f86540] Error opening input: Invalid argument
Error opening input file .
Error opening input files: Invalid argument

=== START 2025-08-13T12:46:13.003833 | ch=32 ===
[in#0 @ 0000021193de6540] Error opening input: Invalid argument
Error opening input file .
Error opening input files: Invalid argument

=== START 2025-08-13T12:46:18.344703 | ch=32 ===
[in#0 @ 000001aec7da6540] Error opening input: Invalid argument
Error opening input file .
Error opening input files: Invalid argument

=== START 2025-08-13T12:46:23.678851 | ch=32 ===
[in#0 @ 0000015904086540] Error opening input: Invalid argument
Error opening input file .
Error opening input files: Invalid argument

=== START 2025-08-13T12:46:29.004250 | ch=32 ===
[in#0 @ 0000021f77ee6540] Error opening input: Invalid argument
Error opening input file .
Error opening input files: Invalid argument

=== START 2025-08-13T12:46:34.325649 | ch=32 ===
[in#0 @ 0000027a48d06540] Error opening input: Invalid argument
Error opening input file .
Error opening input files: Invalid argument

=== START 2025-08-13T12:46:39.663191 | ch=32 ===
[in#0 @ 000001cdfe616540] Error opening input: Invalid argument
Error opening input file .
Error opening input files: Invalid argument

=== START 2025-08-13T12:46:45.000969 | ch=32 ===
[in#0 @ 0000027d8e8e6540] Error opening input: Invalid argument
Error opening input file .
Error opening input files: Invalid argument

=== START 2025-08-13T12:46:50.337100 | ch=32 ===
[in#0 @ 000001a4c8d26540] Error opening input: Invalid argument
Error opening input file .
Error opening input files: Invalid argument

=== START 2025-08-13T12:46:55.682456 | ch=32 ===
[in#0 @ 000001f6ff9f6540] Error opening input: Invalid argument
Error opening input file .
Error opening input files: Invalid argument

=== START 2025-08-13T12:47:01.005065 | ch=32 ===
[in#0 @ 0000015bfa0a6540] Error opening input: Invalid argument
Error opening input file .
Error opening input files: Invalid argument

=== START 2025-08-13T12:47:06.337668 | ch=32 ===
[in#0 @ 00000261d8626540] Error opening input: Invalid argument
Error opening input file .
Error opening input files: Invalid argument

=== START 2025-08-13T12:47:11.667883 | ch=32 ===
[in#0 @ 0000017cab826540] Error opening input: Invalid argument
Error opening input file .
Error opening input files: Invalid argument

=== START 2025-08-13T12:47:16.994761 | ch=32 ===
[in#0 @ 0000021566b26540] Error opening input: Invalid argument
Error opening input file .
Error opening input files: Invalid argument

=== START 2025-08-13T12:47:22.323697 | ch=32 ===
[in#0 @ 000002368ad46540] Error opening input: Invalid argument
Error opening input file .
Error opening input files: Invalid argument

=== START 2025-08-13T12:47:27.652764 | ch=32 ===
[in#0 @ 000002533eb36540] Error opening input: Invalid argument
Error opening input file .
Error opening input files: Invalid argument

=== START 2025-08-13T12:47:32.982799 | ch=32 ===
[in#0 @ 0000023f03746540] Error opening input: Invalid argument
Error opening input file .
Error opening input files: Invalid argument

=== START 2025-08-13T12:47:38.309200 | ch=32 ===
[in#0 @ 000002f3c9546540] Error opening input: Invalid argument
Error opening input file .
Error opening input files: Invalid argument

=== START 2025-08-13T12:47:43.634866 | ch=32 ===
[in#0 @ 0000020081b46540] Error opening input: Invalid argument
Error opening input file .
Error opening input files: Invalid argument

=== START 2025-08-13T12:47:48.955341 | ch=32 ===
[in#0 @ 0000028c56ac6540] Error opening input: Invalid argument
Error opening input file .
Error opening input files: Invalid argument

=== START 2025-08-13T12:47:54.280931 | ch=32 ===
[in#0 @ 000001a3ff896540] Error opening input: Invalid argument
Error opening input file .
Error opening input files: Invalid argument

=== START 2025-08-13T12:47:59.620767 | ch=32 ===
[in#0 @ 0000020611b66540] Error opening input: Invalid argument
Error opening input file .
Error opening input files: Invalid argument

=== START 2025-08-13T12:48:04.948158 | ch=32 ===
[in#0 @ 0000019645ed6540] Error opening input: Invalid argument
Error opening input file .
Error opening input files: Invalid argument

=== START 2025-08-13T12:48:10.279788 | ch=32 ===
[in#0 @ 000001d34d726540] Error opening input: Invalid argument
Error opening input file .
Error opening input files: Invalid argument

=== START 2025-08-13T12:48:15.614229 | ch=32 ===
[in#0 @ 00000251d7bb6540] Error opening input: Invalid argument
Error opening input file .
Error opening input files: Invalid argument

=== START 2025-08-13T12:48:20.952066 | ch=32 ===
[in#0 @ 000002250ac66540] Error opening input: Invalid argument
Error opening input file .
Error opening input files: Invalid argument

=== START 2025-08-13T12:48:26.288782 | ch=32 ===
[in#0 @ 000001faa4866540] Error opening input: Invalid argument
Error opening input file .
Error opening input files: Invalid argument

=== START 2025-08-13T12:48:31.617617 | ch=32 ===
[in#0 @ 000001f4bf396540] Error opening input: Invalid argument
Error opening input file .
Error opening input files: Invalid argument

=== START 2025-08-13T12:48:36.948516 | ch=32 ===
[in#0 @ 000001c474236540] Error opening input: Invalid argument
Error opening input file .
Error opening input files: Invalid argument

=== START 2025-08-13T12:48:42.284528 | ch=32 ===
[in#0 @ 000001d7b42d6540] Error opening input: Invalid argument
Error opening input file .
Error opening input files: Invalid argument

=== START 2025-08-13T12:48:47.611813 | ch=32 ===
[in#0 @ 000001cb9f296540] Error opening input: Invalid argument
Error opening input file .
Error opening input files: Invalid argument

=== START 2025-08-13T12:48:52.949644 | ch=32 ===
[in#0 @ 000002b268026540] Error opening input: Invalid argument
Error opening input file .
Error opening input files: Invalid argument

=== START 2025-08-13T12:48:58.265724 | ch=32 ===
[in#0 @ 000001c9b3aa6540] Error opening input: Invalid argument
Error opening input file .
Error opening input files: Invalid argument

=== START 2025-08-13T12:49:03.596390 | ch=32 ===
[in#0 @ 000001b5c35b6540] Error opening input: Invalid argument
Error opening input file .
Error opening input files: Invalid argument

=== START 2025-08-13T12:49:08.931110 | ch=32 ===
[in#0 @ 0000018a4bc56540] Error opening input: Invalid argument
Error opening input file .
Error opening input files: Invalid argument

=== START 2025-08-13T12:49:14.270986 | ch=32 ===
[in#0 @ 0000013a1f426540] Error opening input: Invalid argument
Error opening input file .
Error opening input files: Invalid argument

=== START 2025-08-13T12:49:19.604242 | ch=32 ===
[in#0 @ 000001ba43e16540] Error opening input: Invalid argument
Error opening input file .
Error opening input files: Invalid argument

=== START 2025-08-13T12:49:24.936329 | ch=32 ===
[in#0 @ 00000277cc1f6540] Error opening input: Invalid argument
Error opening input file .
Error opening input files: Invalid argument

=== START 2025-08-13T12:49:30.267010 | ch=32 ===
[in#0 @ 00000220f4ee6540] Error opening input: Invalid argument
Error opening input file .
Error opening input files: Invalid argument

=== START 2025-08-13T12:49:35.598956 | ch=32 ===
[in#0 @ 000001bde0dd6540] Error opening input: Invalid argument
Error opening input file .
Error opening input files: Invalid argument

=== START 2025-08-13T12:49:40.933346 | ch=32 ===
[in#0 @ 000001c403e76540] Error opening input: Invalid argument
Error opening input file .
Error opening input files: Invalid argument

=== START 2025-08-13T12:49:46.268065 | ch=32 ===
[in#0 @ 000001c1f9b76540] Error opening input: Invalid argument
Error opening input file .
Error opening input files: Invalid argument

=== START 2025-08-13T12:49:51.600848 | ch=32 ===
[in#0 @ 0000021ff4cb6540] Error opening input: Invalid argument
Error opening input file .
Error opening input files: Invalid argument

=== START 2025-08-13T12:49:56.936535 | ch=32 ===
[in#0 @ 000001aab0ba6540] Error opening input: Invalid argument
Error opening input file .
Error opening input files: Invalid argument

=== START 2025-08-13T12:50:02.263370 | ch=32 ===
[in#0 @ 000001c487b26540] Error opening input: Invalid argument
Error opening input file .
Error opening input files: Invalid argument

=== START 2025-08-13T12:50:07.588224 | ch=32 ===
[in#0 @ 0000019143d06540] Error opening input: Invalid argument
Error opening input file .
Error opening input files: Invalid argument

=== START 2025-08-13T12:50:12.916773 | ch=32 ===
[in#0 @ 0000019e9cb86540] Error opening input: Invalid argument
Error opening input file .
Error opening input files: Invalid argument

=== START 2025-08-13T12:50:18.245818 | ch=32 ===
[in#0 @ 000001dd94406540] Error opening input: Invalid argument
Error opening input file .
Error opening input files: Invalid argument

=== START 2025-08-13T12:50:23.581051 | ch=32 ===
[in#0 @ 000002263d316540] Error opening input: Invalid argument
Error opening input file .
Error opening input files: Invalid argument

=== START 2025-08-13T12:50:28.913708 | ch=32 ===
[in#0 @ 0000024ad4596540] Error opening input: Invalid argument
Error opening input file .
Error opening input files: Invalid argument

=== START 2025-08-13T12:50:34.248806 | ch=32 ===
[in#0 @ 0000018fecbf6540] Error opening input: Invalid argument
Error opening input file .
Error opening input files: Invalid argument

=== START 2025-08-13T12:50:39.584190 | ch=32 ===
[in#0 @ 0000022829cf6540] Error opening input: Invalid argument
Error opening input file .
Error opening input files: Invalid argument

=== START 2025-08-13T12:50:44.914513 | ch=32 ===
[in#0 @ 000001babeca6540] Error opening input: Invalid argument
Error opening input file .
Error opening input files: Invalid argument

=== START 2025-08-13T12:50:50.250440 | ch=32 ===
[in#0 @ 0000017d4be46540] Error opening input: Invalid argument
Error opening input file .
Error opening input files: Invalid argument

=== START 2025-08-13T12:50:55.586193 | ch=32 ===
[in#0 @ 0000017c1b816540] Error opening input: Invalid argument
Error opening input file .
Error opening input files: Invalid argument

=== START 2025-08-13T12:51:00.916155 | ch=32 ===
[in#0 @ 000001ffc7f36540] Error opening input: Invalid argument
Error opening input file .
Error opening input files: Invalid argument

=== START 2025-08-13T12:51:06.245105 | ch=32 ===
[in#0 @ 0000025eabdd6540] Error opening input: Invalid argument
Error opening input file .
Error opening input files: Invalid argument

=== START 2025-08-13T12:51:11.577875 | ch=32 ===
[in#0 @ 000002c6a9416540] Error opening input: Invalid argument
Error opening input file .
Error opening input files: Invalid argument

=== START 2025-08-13T12:51:16.907555 | ch=32 ===
[in#0 @ 000001d453136540] Error opening input: Invalid argument
Error opening input file .
Error opening input files: Invalid argument

=== START 2025-08-13T12:51:22.245790 | ch=32 ===
[in#0 @ 000001e1b89d6540] Error opening input: Invalid argument
Error opening input file .
Error opening input files: Invalid argument

=== START 2025-08-13T12:51:27.593753 | ch=32 ===
[in#0 @ 000002130d316540] Error opening input: Invalid argument
Error opening input file .
Error opening input files: Invalid argument

=== START 2025-08-13T12:51:32.919460 | ch=32 ===
[in#0 @ 000001dfdf336540] Error opening input: Invalid argument
Error opening input file .
Error opening input files: Invalid argument

=== START 2025-08-13T12:51:38.243230 | ch=32 ===
[in#0 @ 0000020542926540] Error opening input: Invalid argument
Error opening input file .
Error opening input files: Invalid argument

=== START 2025-08-13T12:51:43.574206 | ch=32 ===
[in#0 @ 0000019c34326540] Error opening input: Invalid argument
Error opening input file .
Error opening input files: Invalid argument

=== START 2025-08-13T12:51:48.907219 | ch=32 ===
[in#0 @ 0000024ec4006540] Error opening input: Invalid argument
Error opening input file .
Error opening input files: Invalid argument
