
=== START 2025-08-13T12:17:03.972148 | ch=15 ===
[in#0 @ 000002411dd76540] Error opening input: Invalid argument
Error opening input file .
Error opening input files: Invalid argument

=== START 2025-08-13T12:17:09.369212 | ch=15 ===
[in#0 @ 0000020c952c6540] Error opening input: Invalid argument
Error opening input file .
Error opening input files: Invalid argument

=== START 2025-08-13T12:17:14.712484 | ch=15 ===
[in#0 @ 0000019ca4316540] Error opening input: Invalid argument
Error opening input file .
Error opening input files: Invalid argument

=== START 2025-08-13T12:17:20.045712 | ch=15 ===
[in#0 @ 00000250347a6540] Error opening input: Invalid argument
Error opening input file .
Error opening input files: Invalid argument

=== START 2025-08-13T12:17:25.369868 | ch=15 ===
[in#0 @ 000001b8fe536540] Error opening input: Invalid argument
Error opening input file .
Error opening input files: Invalid argument

=== START 2025-08-13T12:17:30.698932 | ch=15 ===
[in#0 @ 000002313a826540] Error opening input: Invalid argument
Error opening input file .
Error opening input files: Invalid argument

=== START 2025-08-13T12:17:36.020685 | ch=15 ===
[in#0 @ 0000020df14f6540] Error opening input: Invalid argument
Error opening input file .
Error opening input files: Invalid argument

=== START 2025-08-13T12:17:41.351836 | ch=15 ===
[in#0 @ 00000242d6036540] Error opening input: Invalid argument
Error opening input file .
Error opening input files: Invalid argument

=== START 2025-08-13T12:17:46.715246 | ch=15 ===
[in#0 @ 0000021dd8e16540] Error opening input: Invalid argument
Error opening input file .
Error opening input files: Invalid argument

=== START 2025-08-13T12:17:52.067557 | ch=15 ===
[in#0 @ 000001bc4a746540] Error opening input: Invalid argument
Error opening input file .
Error opening input files: Invalid argument

=== START 2025-08-13T12:17:57.390964 | ch=15 ===
[in#0 @ 000001e22c9b6540] Error opening input: Invalid argument
Error opening input file .
Error opening input files: Invalid argument

=== START 2025-08-13T12:18:02.717800 | ch=15 ===
[in#0 @ 00000260363c6540] Error opening input: Invalid argument
Error opening input file .
Error opening input files: Invalid argument

=== START 2025-08-13T12:18:08.056117 | ch=15 ===
[in#0 @ 000001a5fc026540] Error opening input: Invalid argument
Error opening input file .
Error opening input files: Invalid argument

=== START 2025-08-13T12:18:13.386869 | ch=15 ===
[in#0 @ 0000027d4cc56540] Error opening input: Invalid argument
Error opening input file .
Error opening input files: Invalid argument

=== START 2025-08-13T12:18:18.711509 | ch=15 ===
[in#0 @ 0000029772816540] Error opening input: Invalid argument
Error opening input file .
Error opening input files: Invalid argument

=== START 2025-08-13T12:18:24.035985 | ch=15 ===
[in#0 @ 000001fc08f16540] Error opening input: Invalid argument
Error opening input file .
Error opening input files: Invalid argument

=== START 2025-08-13T12:18:29.372171 | ch=15 ===
[in#0 @ 00000242c0646540] Error opening input: Invalid argument
Error opening input file .
Error opening input files: Invalid argument

=== START 2025-08-13T12:18:34.700172 | ch=15 ===
[in#0 @ 00000271b4eb6540] Error opening input: Invalid argument
Error opening input file .
Error opening input files: Invalid argument

=== START 2025-08-13T12:18:40.032578 | ch=15 ===
[in#0 @ 000002f6186a6540] Error opening input: Invalid argument
Error opening input file .
Error opening input files: Invalid argument

=== START 2025-08-13T12:18:45.357812 | ch=15 ===
[in#0 @ 00000232cd186540] Error opening input: Invalid argument
Error opening input file .
Error opening input files: Invalid argument

=== START 2025-08-13T12:18:50.674776 | ch=15 ===
[in#0 @ 000002714e8d6540] Error opening input: Invalid argument
Error opening input file .
Error opening input files: Invalid argument

=== START 2025-08-13T12:18:56.004223 | ch=15 ===
[in#0 @ 0000017aefaf6540] Error opening input: Invalid argument
Error opening input file .
Error opening input files: Invalid argument

=== START 2025-08-13T12:19:01.333951 | ch=15 ===
[in#0 @ 0000025b2b056540] Error opening input: Invalid argument
Error opening input file .
Error opening input files: Invalid argument

=== START 2025-08-13T12:19:06.655523 | ch=15 ===
[in#0 @ 000001b608216540] Error opening input: Invalid argument
Error opening input file .
Error opening input files: Invalid argument

=== START 2025-08-13T12:19:11.979638 | ch=15 ===
[in#0 @ 00000228ee376540] Error opening input: Invalid argument
Error opening input file .
Error opening input files: Invalid argument

=== START 2025-08-13T12:19:17.314149 | ch=15 ===
[in#0 @ 000001475c576540] Error opening input: Invalid argument
Error opening input file .
Error opening input files: Invalid argument

=== START 2025-08-13T12:19:22.640521 | ch=15 ===
[in#0 @ 000001fe0d486540] Error opening input: Invalid argument
Error opening input file .
Error opening input files: Invalid argument

=== START 2025-08-13T12:19:27.960386 | ch=15 ===
[in#0 @ 0000025b997c6540] Error opening input: Invalid argument
Error opening input file .
Error opening input files: Invalid argument

=== START 2025-08-13T12:19:33.282258 | ch=15 ===
[in#0 @ 000001a72b956540] Error opening input: Invalid argument
Error opening input file .
Error opening input files: Invalid argument

=== START 2025-08-13T12:19:38.600254 | ch=15 ===
[in#0 @ 0000028247116540] Error opening input: Invalid argument
Error opening input file .
Error opening input files: Invalid argument

=== START 2025-08-13T12:19:43.916952 | ch=15 ===
[in#0 @ 000002335c206540] Error opening input: Invalid argument
Error opening input file .
Error opening input files: Invalid argument

=== START 2025-08-13T12:19:49.235247 | ch=15 ===
[in#0 @ 00000264c62e6540] Error opening input: Invalid argument
Error opening input file .
Error opening input files: Invalid argument

=== START 2025-08-13T12:19:54.557917 | ch=15 ===
[in#0 @ 000001e3b04d6540] Error opening input: Invalid argument
Error opening input file .
Error opening input files: Invalid argument

=== START 2025-08-13T12:19:59.890598 | ch=15 ===
[in#0 @ 0000019268f86540] Error opening input: Invalid argument
Error opening input file .
Error opening input files: Invalid argument

=== START 2025-08-13T12:20:05.222105 | ch=15 ===
[in#0 @ 000002506b536540] Error opening input: Invalid argument
Error opening input file .
Error opening input files: Invalid argument

=== START 2025-08-13T12:20:10.550161 | ch=15 ===
[in#0 @ 0000023267ea6540] Error opening input: Invalid argument
Error opening input file .
Error opening input files: Invalid argument

=== START 2025-08-13T12:20:15.881003 | ch=15 ===
[in#0 @ 000001771a8a6540] Error opening input: Invalid argument
Error opening input file .
Error opening input files: Invalid argument

=== START 2025-08-13T12:20:21.219410 | ch=15 ===
[in#0 @ 00000259da826540] Error opening input: Invalid argument
Error opening input file .
Error opening input files: Invalid argument

=== START 2025-08-13T12:20:26.556075 | ch=15 ===
[in#0 @ 000001c1ad116540] Error opening input: Invalid argument
Error opening input file .
Error opening input files: Invalid argument

=== START 2025-08-13T12:20:31.884562 | ch=15 ===
[in#0 @ 000001e3f6c26540] Error opening input: Invalid argument
Error opening input file .
Error opening input files: Invalid argument

=== START 2025-08-13T12:20:37.213716 | ch=15 ===
[in#0 @ 0000027efa0a6540] Error opening input: Invalid argument
Error opening input file .
Error opening input files: Invalid argument

=== START 2025-08-13T12:20:42.557488 | ch=15 ===
[in#0 @ 000001a7e1be6540] Error opening input: Invalid argument
Error opening input file .
Error opening input files: Invalid argument

=== START 2025-08-13T12:20:47.889696 | ch=15 ===
[in#0 @ 000002c66efc6540] Error opening input: Invalid argument
Error opening input file .
Error opening input files: Invalid argument

=== START 2025-08-13T12:20:53.219883 | ch=15 ===
[in#0 @ 0000027c0f2f6540] Error opening input: Invalid argument
Error opening input file .
Error opening input files: Invalid argument

=== START 2025-08-13T12:20:58.557890 | ch=15 ===
[in#0 @ 000002dfecbe6540] Error opening input: Invalid argument
Error opening input file .
Error opening input files: Invalid argument

=== START 2025-08-13T12:21:03.886465 | ch=15 ===
[in#0 @ 00000180fa326540] Error opening input: Invalid argument
Error opening input file .
Error opening input files: Invalid argument

=== START 2025-08-13T12:21:09.213348 | ch=15 ===
[in#0 @ 0000022970486540] Error opening input: Invalid argument
Error opening input file .
Error opening input files: Invalid argument

=== START 2025-08-13T12:21:14.543233 | ch=15 ===
[in#0 @ 000001b20bbb6540] Error opening input: Invalid argument
Error opening input file .
Error opening input files: Invalid argument

=== START 2025-08-13T12:21:19.876742 | ch=15 ===
[in#0 @ 0000025258b06540] Error opening input: Invalid argument
Error opening input file .
Error opening input files: Invalid argument

=== START 2025-08-13T12:21:25.223563 | ch=15 ===
[in#0 @ 000001fbacb66540] Error opening input: Invalid argument
Error opening input file .
Error opening input files: Invalid argument

=== START 2025-08-13T12:21:30.553585 | ch=15 ===
[in#0 @ 00000228af526540] Error opening input: Invalid argument
Error opening input file .
Error opening input files: Invalid argument

=== START 2025-08-13T12:21:35.881635 | ch=15 ===
[in#0 @ 000002744a616540] Error opening input: Invalid argument
Error opening input file .
Error opening input files: Invalid argument

=== START 2025-08-13T12:21:41.205742 | ch=15 ===
[in#0 @ 000001c01c3c6540] Error opening input: Invalid argument
Error opening input file .
Error opening input files: Invalid argument

=== START 2025-08-13T12:21:46.542964 | ch=15 ===
[in#0 @ 000002774a0b6540] Error opening input: Invalid argument
Error opening input file .
Error opening input files: Invalid argument

=== START 2025-08-13T12:21:51.879645 | ch=15 ===
[in#0 @ 0000019ad2166540] Error opening input: Invalid argument
Error opening input file .
Error opening input files: Invalid argument

=== START 2025-08-13T12:21:57.219344 | ch=15 ===
[in#0 @ 000001f1821c6540] Error opening input: Invalid argument
Error opening input file .
Error opening input files: Invalid argument

=== START 2025-08-13T12:22:02.549301 | ch=15 ===
[in#0 @ 000001fdd3396540] Error opening input: Invalid argument
Error opening input file .
Error opening input files: Invalid argument

=== START 2025-08-13T12:22:07.879253 | ch=15 ===
[in#0 @ 0000016394346540] Error opening input: Invalid argument
Error opening input file .
Error opening input files: Invalid argument

=== START 2025-08-13T12:22:13.200449 | ch=15 ===
[in#0 @ 000002593b196540] Error opening input: Invalid argument
Error opening input file .
Error opening input files: Invalid argument

=== START 2025-08-13T12:22:18.531661 | ch=15 ===
[in#0 @ 0000017bf9436540] Error opening input: Invalid argument
Error opening input file .
Error opening input files: Invalid argument

=== START 2025-08-13T12:22:23.863393 | ch=15 ===
[in#0 @ 0000021d5ed06540] Error opening input: Invalid argument
Error opening input file .
Error opening input files: Invalid argument

=== START 2025-08-13T12:22:29.188184 | ch=15 ===
[in#0 @ 000001c042976540] Error opening input: Invalid argument
Error opening input file .
Error opening input files: Invalid argument

=== START 2025-08-13T12:22:34.505810 | ch=15 ===
[in#0 @ 000001b4b57b6540] Error opening input: Invalid argument
Error opening input file .
Error opening input files: Invalid argument

=== START 2025-08-13T12:22:39.845947 | ch=15 ===
[in#0 @ 000001dd78ae6540] Error opening input: Invalid argument
Error opening input file .
Error opening input files: Invalid argument

=== START 2025-08-13T12:22:45.167472 | ch=15 ===
[in#0 @ 0000018743896540] Error opening input: Invalid argument
Error opening input file .
Error opening input files: Invalid argument

=== START 2025-08-13T12:22:50.495285 | ch=15 ===
[in#0 @ 000002576ef86540] Error opening input: Invalid argument
Error opening input file .
Error opening input files: Invalid argument

=== START 2025-08-13T12:22:55.825646 | ch=15 ===
[in#0 @ 000001ef95116540] Error opening input: Invalid argument
Error opening input file .
Error opening input files: Invalid argument

=== START 2025-08-13T12:23:01.171133 | ch=15 ===
[in#0 @ 000002176bb26540] Error opening input: Invalid argument
Error opening input file .
Error opening input files: Invalid argument

=== START 2025-08-13T12:23:06.502757 | ch=15 ===
[in#0 @ 000001788c0d6540] Error opening input: Invalid argument
Error opening input file .
Error opening input files: Invalid argument

=== START 2025-08-13T12:23:11.834376 | ch=15 ===
[in#0 @ 000002b16f0e6540] Error opening input: Invalid argument
Error opening input file .
Error opening input files: Invalid argument

=== START 2025-08-13T12:23:17.162168 | ch=15 ===
[in#0 @ 0000019431966540] Error opening input: Invalid argument
Error opening input file .
Error opening input files: Invalid argument

=== START 2025-08-13T12:23:22.496510 | ch=15 ===
[in#0 @ 0000016384f26540] Error opening input: Invalid argument
Error opening input file .
Error opening input files: Invalid argument

=== START 2025-08-13T12:23:27.825228 | ch=15 ===
[in#0 @ 000001d773736540] Error opening input: Invalid argument
Error opening input file .
Error opening input files: Invalid argument

=== START 2025-08-13T12:23:33.154248 | ch=15 ===
[in#0 @ 0000028b7c346540] Error opening input: Invalid argument
Error opening input file .
Error opening input files: Invalid argument

=== START 2025-08-13T12:23:38.485290 | ch=15 ===
[in#0 @ 0000026279346540] Error opening input: Invalid argument
Error opening input file .
Error opening input files: Invalid argument

=== START 2025-08-13T12:23:43.811601 | ch=15 ===
[in#0 @ 000001d4f4e76540] Error opening input: Invalid argument
Error opening input file .
Error opening input files: Invalid argument

=== START 2025-08-13T12:23:49.143858 | ch=15 ===
[in#0 @ 000001d5f9bf6540] Error opening input: Invalid argument
Error opening input file .
Error opening input files: Invalid argument

=== START 2025-08-13T12:23:54.482679 | ch=15 ===
[in#0 @ 00000219662d6540] Error opening input: Invalid argument
Error opening input file .
Error opening input files: Invalid argument

=== START 2025-08-13T12:23:59.819035 | ch=15 ===
[in#0 @ 000002b7b8836540] Error opening input: Invalid argument
Error opening input file .
Error opening input files: Invalid argument

=== START 2025-08-13T12:24:05.147487 | ch=15 ===
[in#0 @ 0000027430836540] Error opening input: Invalid argument
Error opening input file .
Error opening input files: Invalid argument

=== START 2025-08-13T12:24:10.482057 | ch=15 ===
[in#0 @ 00000167435d6540] Error opening input: Invalid argument
Error opening input file .
Error opening input files: Invalid argument

=== START 2025-08-13T12:24:15.819468 | ch=15 ===
[in#0 @ 000001ea3e286540] Error opening input: Invalid argument
Error opening input file .
Error opening input files: Invalid argument

=== START 2025-08-13T12:24:21.144388 | ch=15 ===
[in#0 @ 00000244ca7a6540] Error opening input: Invalid argument
Error opening input file .
Error opening input files: Invalid argument

=== START 2025-08-13T12:24:26.471276 | ch=15 ===
[in#0 @ 000001f6fc8c6540] Error opening input: Invalid argument
Error opening input file .
Error opening input files: Invalid argument

=== START 2025-08-13T12:24:31.794805 | ch=15 ===
[in#0 @ 000001f630d56540] Error opening input: Invalid argument
Error opening input file .
Error opening input files: Invalid argument

=== START 2025-08-13T12:24:37.135714 | ch=15 ===
[in#0 @ 0000015ff7ed6540] Error opening input: Invalid argument
Error opening input file .
Error opening input files: Invalid argument

=== START 2025-08-13T12:24:42.468535 | ch=15 ===
[in#0 @ 0000017838ee6540] Error opening input: Invalid argument
Error opening input file .
Error opening input files: Invalid argument

=== START 2025-08-13T12:24:47.794237 | ch=15 ===
[in#0 @ 000001863f0e6540] Error opening input: Invalid argument
Error opening input file .
Error opening input files: Invalid argument

=== START 2025-08-13T12:24:53.127779 | ch=15 ===
[in#0 @ 000001b6d2866540] Error opening input: Invalid argument
Error opening input file .
Error opening input files: Invalid argument

=== START 2025-08-13T12:24:58.456836 | ch=15 ===
[in#0 @ 00000175e83d6540] Error opening input: Invalid argument
Error opening input file .
Error opening input files: Invalid argument

=== START 2025-08-13T12:25:03.788272 | ch=15 ===
[in#0 @ 00000177453a6540] Error opening input: Invalid argument
Error opening input file .
Error opening input files: Invalid argument

=== START 2025-08-13T12:25:09.118955 | ch=15 ===
[in#0 @ 00000237b01e6540] Error opening input: Invalid argument
Error opening input file .
Error opening input files: Invalid argument

=== START 2025-08-13T12:25:14.446424 | ch=15 ===
[in#0 @ 000002d6d6936540] Error opening input: Invalid argument
Error opening input file .
Error opening input files: Invalid argument

=== START 2025-08-13T12:25:19.762582 | ch=15 ===
[in#0 @ 0000019eed576540] Error opening input: Invalid argument
Error opening input file .
Error opening input files: Invalid argument

=== START 2025-08-13T12:25:25.107014 | ch=15 ===
[in#0 @ 0000015a83316540] Error opening input: Invalid argument
Error opening input file .
Error opening input files: Invalid argument

=== START 2025-08-13T12:25:30.439417 | ch=15 ===
[in#0 @ 0000015821586540] Error opening input: Invalid argument
Error opening input file .
Error opening input files: Invalid argument

=== START 2025-08-13T12:25:35.772541 | ch=15 ===
[in#0 @ 000001f59f996540] Error opening input: Invalid argument
Error opening input file .
Error opening input files: Invalid argument

=== START 2025-08-13T12:25:41.094596 | ch=15 ===
[in#0 @ 0000028e59276540] Error opening input: Invalid argument
Error opening input file .
Error opening input files: Invalid argument

=== START 2025-08-13T12:25:46.424221 | ch=15 ===
[in#0 @ 000001f6aa4d6540] Error opening input: Invalid argument
Error opening input file .
Error opening input files: Invalid argument

=== START 2025-08-13T12:25:51.754426 | ch=15 ===
[in#0 @ 0000028ed5406540] Error opening input: Invalid argument
Error opening input file .
Error opening input files: Invalid argument

=== START 2025-08-13T12:25:57.081765 | ch=15 ===
[in#0 @ 000001e677a26540] Error opening input: Invalid argument
Error opening input file .
Error opening input files: Invalid argument

=== START 2025-08-13T12:26:02.414603 | ch=15 ===
[in#0 @ 0000018a1a1d6540] Error opening input: Invalid argument
Error opening input file .
Error opening input files: Invalid argument

=== START 2025-08-13T12:26:07.742620 | ch=15 ===
[in#0 @ 000001714da16540] Error opening input: Invalid argument
Error opening input file .
Error opening input files: Invalid argument

=== START 2025-08-13T12:26:13.065978 | ch=15 ===
[in#0 @ 000001dd55f06540] Error opening input: Invalid argument
Error opening input file .
Error opening input files: Invalid argument

=== START 2025-08-13T12:26:18.391710 | ch=15 ===
[in#0 @ 0000022a92116540] Error opening input: Invalid argument
Error opening input file .
Error opening input files: Invalid argument

=== START 2025-08-13T12:26:23.719621 | ch=15 ===
[in#0 @ 000001e625066540] Error opening input: Invalid argument
Error opening input file .
Error opening input files: Invalid argument

=== START 2025-08-13T12:26:29.046502 | ch=15 ===
[in#0 @ 000001e668e26540] Error opening input: Invalid argument
Error opening input file .
Error opening input files: Invalid argument

=== START 2025-08-13T12:26:34.382407 | ch=15 ===
[in#0 @ 00000219cfbe6540] Error opening input: Invalid argument
Error opening input file .
Error opening input files: Invalid argument

=== START 2025-08-13T12:26:39.712871 | ch=15 ===
[in#0 @ 0000024334b66540] Error opening input: Invalid argument
Error opening input file .
Error opening input files: Invalid argument

=== START 2025-08-13T12:26:45.052440 | ch=15 ===
[in#0 @ 000002317fa66540] Error opening input: Invalid argument
Error opening input file .
Error opening input files: Invalid argument

=== START 2025-08-13T12:26:50.376268 | ch=15 ===
[in#0 @ 0000022d3ef66540] Error opening input: Invalid argument
Error opening input file .
Error opening input files: Invalid argument

=== START 2025-08-13T12:26:55.704900 | ch=15 ===
[in#0 @ 00000246d55c6540] Error opening input: Invalid argument
Error opening input file .
Error opening input files: Invalid argument

=== START 2025-08-13T12:27:01.065192 | ch=15 ===
[in#0 @ 000002599fb96540] Error opening input: Invalid argument
Error opening input file .
Error opening input files: Invalid argument

=== START 2025-08-13T12:27:06.391378 | ch=15 ===
[in#0 @ 000001dca7c26540] Error opening input: Invalid argument
Error opening input file .
Error opening input files: Invalid argument

=== START 2025-08-13T12:27:11.714934 | ch=15 ===
[in#0 @ 000002421b2b6540] Error opening input: Invalid argument
Error opening input file .
Error opening input files: Invalid argument

=== START 2025-08-13T12:27:17.047933 | ch=15 ===
[in#0 @ 0000025e26766540] Error opening input: Invalid argument
Error opening input file .
Error opening input files: Invalid argument

=== START 2025-08-13T12:27:22.371104 | ch=15 ===
[in#0 @ 0000018d04366540] Error opening input: Invalid argument
Error opening input file .
Error opening input files: Invalid argument

=== START 2025-08-13T12:27:27.711168 | ch=15 ===
[in#0 @ 0000025438ee6540] Error opening input: Invalid argument
Error opening input file .
Error opening input files: Invalid argument

=== START 2025-08-13T12:37:01.708557 | ch=15 ===
[in#0 @ 0000021d84866540] Error opening input: Invalid argument
Error opening input file .
Error opening input files: Invalid argument

=== START 2025-08-13T12:37:07.055162 | ch=15 ===
[in#0 @ 000001bcc42c6540] Error opening input: Invalid argument
Error opening input file .
Error opening input files: Invalid argument

=== START 2025-08-13T12:37:12.389374 | ch=15 ===
[in#0 @ 00000216a6d86540] Error opening input: Invalid argument
Error opening input file .
Error opening input files: Invalid argument

=== START 2025-08-13T12:37:17.704793 | ch=15 ===
[in#0 @ 00000291c8f76540] Error opening input: Invalid argument
Error opening input file .
Error opening input files: Invalid argument

=== START 2025-08-13T12:37:23.039090 | ch=15 ===
[in#0 @ 0000026d243d6540] Error opening input: Invalid argument
Error opening input file .
Error opening input files: Invalid argument

=== START 2025-08-13T12:37:28.384073 | ch=15 ===
[in#0 @ 000002127c346540] Error opening input: Invalid argument
Error opening input file .
Error opening input files: Invalid argument

=== START 2025-08-13T12:37:33.712821 | ch=15 ===
[in#0 @ 000001bf32fc6540] Error opening input: Invalid argument
Error opening input file .
Error opening input files: Invalid argument

=== START 2025-08-13T12:37:39.084108 | ch=15 ===
[in#0 @ 0000022395596540] Error opening input: Invalid argument
Error opening input file .
Error opening input files: Invalid argument

=== START 2025-08-13T12:37:44.395044 | ch=15 ===
[in#0 @ 000001f8c1666540] Error opening input: Invalid argument
Error opening input file .
Error opening input files: Invalid argument

=== START 2025-08-13T12:37:49.725222 | ch=15 ===
[in#0 @ 000001ec0f7b6540] Error opening input: Invalid argument
Error opening input file .
Error opening input files: Invalid argument

=== START 2025-08-13T12:37:55.063843 | ch=15 ===
[in#0 @ 000001d2d2386540] Error opening input: Invalid argument
Error opening input file .
Error opening input files: Invalid argument

=== START 2025-08-13T12:38:00.400335 | ch=15 ===
[in#0 @ 0000020d6bba6540] Error opening input: Invalid argument
Error opening input file .
Error opening input files: Invalid argument

=== START 2025-08-13T12:38:05.730100 | ch=15 ===
[in#0 @ 000001e95b586540] Error opening input: Invalid argument
Error opening input file .
Error opening input files: Invalid argument

=== START 2025-08-13T12:38:11.054221 | ch=15 ===
[in#0 @ 0000016415bb6540] Error opening input: Invalid argument
Error opening input file .
Error opening input files: Invalid argument

=== START 2025-08-13T12:38:16.387304 | ch=15 ===
[in#0 @ 000001854f796540] Error opening input: Invalid argument
Error opening input file .
Error opening input files: Invalid argument

=== START 2025-08-13T12:38:21.717751 | ch=15 ===
[in#0 @ 000002165b0b6540] Error opening input: Invalid argument
Error opening input file .
Error opening input files: Invalid argument

=== START 2025-08-13T12:38:27.057273 | ch=15 ===
[in#0 @ 0000017ec67e6540] Error opening input: Invalid argument
Error opening input file .
Error opening input files: Invalid argument

=== START 2025-08-13T12:38:32.405368 | ch=15 ===
[in#0 @ 000001cb713e6540] Error opening input: Invalid argument
Error opening input file .
Error opening input files: Invalid argument

=== START 2025-08-13T12:38:37.753678 | ch=15 ===
[in#0 @ 0000013eb04b6540] Error opening input: Invalid argument
Error opening input file .
Error opening input files: Invalid argument

=== START 2025-08-13T12:38:43.102664 | ch=15 ===
[in#0 @ 0000016fd61e6540] Error opening input: Invalid argument
Error opening input file .
Error opening input files: Invalid argument

=== START 2025-08-13T12:38:48.449459 | ch=15 ===
[in#0 @ 000001cc361a6540] Error opening input: Invalid argument
Error opening input file .
Error opening input files: Invalid argument

=== START 2025-08-13T12:38:53.792115 | ch=15 ===
[in#0 @ 0000020afe5d6540] Error opening input: Invalid argument
Error opening input file .
Error opening input files: Invalid argument

=== START 2025-08-13T12:38:59.143233 | ch=15 ===
[in#0 @ 000001c47ca26540] Error opening input: Invalid argument
Error opening input file .
Error opening input files: Invalid argument

=== START 2025-08-13T12:39:04.494869 | ch=15 ===
[in#0 @ 00000268a9376540] Error opening input: Invalid argument
Error opening input file .
Error opening input files: Invalid argument

=== START 2025-08-13T12:39:09.842152 | ch=15 ===
[in#0 @ 00000240dd8e6540] Error opening input: Invalid argument
Error opening input file .
Error opening input files: Invalid argument

=== START 2025-08-13T12:39:15.205853 | ch=15 ===
[in#0 @ 0000025f73576540] Error opening input: Invalid argument
Error opening input file .
Error opening input files: Invalid argument

=== START 2025-08-13T12:39:20.545137 | ch=15 ===
[in#0 @ 00000219cd6d6540] Error opening input: Invalid argument
Error opening input file .
Error opening input files: Invalid argument

=== START 2025-08-13T12:40:27.004627 | ch=15 ===
[in#0 @ 000002045e356540] Error opening input: Invalid argument
Error opening input file .
Error opening input files: Invalid argument

=== START 2025-08-13T12:40:32.372099 | ch=15 ===
[in#0 @ 000001c7d4816540] Error opening input: Invalid argument
Error opening input file .
Error opening input files: Invalid argument

=== START 2025-08-13T12:40:37.700359 | ch=15 ===
[in#0 @ 000001a80edb6540] Error opening input: Invalid argument
Error opening input file .
Error opening input files: Invalid argument

=== START 2025-08-13T12:40:43.029408 | ch=15 ===
[in#0 @ 000002688c896540] Error opening input: Invalid argument
Error opening input file .
Error opening input files: Invalid argument

=== START 2025-08-13T12:40:48.348427 | ch=15 ===
[in#0 @ 000001a5bd306540] Error opening input: Invalid argument
Error opening input file .
Error opening input files: Invalid argument

=== START 2025-08-13T12:40:53.668302 | ch=15 ===
[in#0 @ 0000026120e46540] Error opening input: Invalid argument
Error opening input file .
Error opening input files: Invalid argument

=== START 2025-08-13T12:40:58.982140 | ch=15 ===
[in#0 @ 0000021d5cfa6540] Error opening input: Invalid argument
Error opening input file .
Error opening input files: Invalid argument

=== START 2025-08-13T12:41:04.299516 | ch=15 ===
[in#0 @ 0000027ae6e86540] Error opening input: Invalid argument
Error opening input file .
Error opening input files: Invalid argument

=== START 2025-08-13T12:41:09.613297 | ch=15 ===
[in#0 @ 000002573bc46540] Error opening input: Invalid argument
Error opening input file .
Error opening input files: Invalid argument

=== START 2025-08-13T12:41:14.932936 | ch=15 ===
[in#0 @ 000002992c136540] Error opening input: Invalid argument
Error opening input file .
Error opening input files: Invalid argument

=== START 2025-08-13T12:41:20.260596 | ch=15 ===
[in#0 @ 000001ac8fcd6540] Error opening input: Invalid argument
Error opening input file .
Error opening input files: Invalid argument

=== START 2025-08-13T12:41:25.579026 | ch=15 ===
[in#0 @ 000001421a8e6540] Error opening input: Invalid argument
Error opening input file .
Error opening input files: Invalid argument

=== START 2025-08-13T12:41:30.907721 | ch=15 ===
[in#0 @ 00000231ec806540] Error opening input: Invalid argument
Error opening input file .
Error opening input files: Invalid argument

=== START 2025-08-13T12:41:36.234416 | ch=15 ===
[in#0 @ 00000202e2486540] Error opening input: Invalid argument
Error opening input file .
Error opening input files: Invalid argument

=== START 2025-08-13T12:41:41.576356 | ch=15 ===
[in#0 @ 0000015b7eec6540] Error opening input: Invalid argument
Error opening input file .
Error opening input files: Invalid argument

=== START 2025-08-13T12:41:46.901854 | ch=15 ===
[in#0 @ 000001d3d8076540] Error opening input: Invalid argument
Error opening input file .
Error opening input files: Invalid argument

=== START 2025-08-13T12:41:52.217618 | ch=15 ===
[in#0 @ 000002c4a87b6540] Error opening input: Invalid argument
Error opening input file .
Error opening input files: Invalid argument

=== START 2025-08-13T12:41:57.538395 | ch=15 ===
[in#0 @ 0000021b3d186540] Error opening input: Invalid argument
Error opening input file .
Error opening input files: Invalid argument

=== START 2025-08-13T12:42:02.856840 | ch=15 ===
[in#0 @ 0000015469bd6540] Error opening input: Invalid argument
Error opening input file .
Error opening input files: Invalid argument

=== START 2025-08-13T12:42:08.173151 | ch=15 ===
[in#0 @ 0000028d56e46540] Error opening input: Invalid argument
Error opening input file .
Error opening input files: Invalid argument

=== START 2025-08-13T12:42:13.494472 | ch=15 ===
[in#0 @ 000001f667de6540] Error opening input: Invalid argument
Error opening input file .
Error opening input files: Invalid argument

=== START 2025-08-13T12:42:18.815274 | ch=15 ===
[in#0 @ 000002d5edd86540] Error opening input: Invalid argument
Error opening input file .
Error opening input files: Invalid argument

=== START 2025-08-13T12:42:24.143409 | ch=15 ===
[in#0 @ 000001845fbf6540] Error opening input: Invalid argument
Error opening input file .
Error opening input files: Invalid argument

=== START 2025-08-13T12:42:29.473421 | ch=15 ===
[in#0 @ 00000288ffa26540] Error opening input: Invalid argument
Error opening input file .
Error opening input files: Invalid argument

=== START 2025-08-13T12:42:34.794184 | ch=15 ===
[in#0 @ 00000138b7b96540] Error opening input: Invalid argument
Error opening input file .
Error opening input files: Invalid argument

=== START 2025-08-13T12:42:40.124181 | ch=15 ===
[in#0 @ 0000020a9c356540] Error opening input: Invalid argument
Error opening input file .
Error opening input files: Invalid argument

=== START 2025-08-13T12:42:45.456450 | ch=15 ===
[in#0 @ 0000025843846540] Error opening input: Invalid argument
Error opening input file .
Error opening input files: Invalid argument

=== START 2025-08-13T12:42:50.780014 | ch=15 ===
[in#0 @ 000002415ec26540] Error opening input: Invalid argument
Error opening input file .
Error opening input files: Invalid argument

=== START 2025-08-13T12:42:56.100034 | ch=15 ===
[in#0 @ 0000027495b16540] Error opening input: Invalid argument
Error opening input file .
Error opening input files: Invalid argument

=== START 2025-08-13T12:43:01.413793 | ch=15 ===
[in#0 @ 0000027459686540] Error opening input: Invalid argument
Error opening input file .
Error opening input files: Invalid argument

=== START 2025-08-13T12:43:06.729278 | ch=15 ===
[in#0 @ 00000282fa0c6540] Error opening input: Invalid argument
Error opening input file .
Error opening input files: Invalid argument

=== START 2025-08-13T12:43:12.050213 | ch=15 ===
[in#0 @ 0000020bcaa56540] Error opening input: Invalid argument
Error opening input file .
Error opening input files: Invalid argument

=== START 2025-08-13T12:43:17.388678 | ch=15 ===
[in#0 @ 0000020d2b566540] Error opening input: Invalid argument
Error opening input file .
Error opening input files: Invalid argument

=== START 2025-08-13T12:43:22.703531 | ch=15 ===
[in#0 @ 000001e09ccf6540] Error opening input: Invalid argument
Error opening input file .
Error opening input files: Invalid argument

=== START 2025-08-13T12:43:28.016531 | ch=15 ===
[in#0 @ 0000017fef796540] Error opening input: Invalid argument
Error opening input file .
Error opening input files: Invalid argument

=== START 2025-08-13T12:43:33.339117 | ch=15 ===
[in#0 @ 00000215951b6540] Error opening input: Invalid argument
Error opening input file .
Error opening input files: Invalid argument

=== START 2025-08-13T12:43:38.671430 | ch=15 ===
[in#0 @ 0000023773d36540] Error opening input: Invalid argument
Error opening input file .
Error opening input files: Invalid argument

=== START 2025-08-13T12:43:44.001145 | ch=15 ===
[in#0 @ 000001c0cd566540] Error opening input: Invalid argument
Error opening input file .
Error opening input files: Invalid argument

=== START 2025-08-13T12:43:49.323691 | ch=15 ===
[in#0 @ 000002824caa6540] Error opening input: Invalid argument
Error opening input file .
Error opening input files: Invalid argument

=== START 2025-08-13T12:43:54.646952 | ch=15 ===
[in#0 @ 000002150e8a6540] Error opening input: Invalid argument
Error opening input file .
Error opening input files: Invalid argument

=== START 2025-08-13T12:43:59.973359 | ch=15 ===
[in#0 @ 0000021846c86540] Error opening input: Invalid argument
Error opening input file .
Error opening input files: Invalid argument

=== START 2025-08-13T12:44:05.295862 | ch=15 ===
[in#0 @ 0000022919f06540] Error opening input: Invalid argument
Error opening input file .
Error opening input files: Invalid argument

=== START 2025-08-13T12:44:10.617121 | ch=15 ===
[in#0 @ 000002bc9c0f6540] Error opening input: Invalid argument
Error opening input file .
Error opening input files: Invalid argument

=== START 2025-08-13T12:44:15.935367 | ch=15 ===
[in#0 @ 00000129d7666540] Error opening input: Invalid argument
Error opening input file .
Error opening input files: Invalid argument

=== START 2025-08-13T12:44:21.255431 | ch=15 ===
[in#0 @ 0000022bcf7f6540] Error opening input: Invalid argument
Error opening input file .
Error opening input files: Invalid argument

=== START 2025-08-13T12:44:26.584389 | ch=15 ===
[in#0 @ 0000027f0d276540] Error opening input: Invalid argument
Error opening input file .
Error opening input files: Invalid argument

=== START 2025-08-13T12:44:31.901190 | ch=15 ===
[in#0 @ 0000028156006540] Error opening input: Invalid argument
Error opening input file .
Error opening input files: Invalid argument

=== START 2025-08-13T12:44:37.217797 | ch=15 ===
[in#0 @ 0000024629726540] Error opening input: Invalid argument
Error opening input file .
Error opening input files: Invalid argument

=== START 2025-08-13T12:44:42.541375 | ch=15 ===
[in#0 @ 000002916d156540] Error opening input: Invalid argument
Error opening input file .
Error opening input files: Invalid argument

=== START 2025-08-13T12:44:47.615238 | ch=15 ===
[in#0 @ 0000025684d16540] Error opening input: Invalid argument
Error opening input file .
Error opening input files: Invalid argument

=== START 2025-08-13T12:44:52.945244 | ch=15 ===
[in#0 @ 000002616c096540] Error opening input: Invalid argument
Error opening input file .
Error opening input files: Invalid argument

=== START 2025-08-13T12:44:58.284898 | ch=15 ===
[in#0 @ 000001b9678a6540] Error opening input: Invalid argument
Error opening input file .
Error opening input files: Invalid argument

=== START 2025-08-13T12:45:03.610080 | ch=15 ===
[in#0 @ 000001d30ca26540] Error opening input: Invalid argument
Error opening input file .
Error opening input files: Invalid argument

=== START 2025-08-13T12:45:08.944774 | ch=15 ===
[in#0 @ 00000212176f6540] Error opening input: Invalid argument
Error opening input file .
Error opening input files: Invalid argument

=== START 2025-08-13T12:45:14.268496 | ch=15 ===
[in#0 @ 000001f8d3e96540] Error opening input: Invalid argument
Error opening input file .
Error opening input files: Invalid argument

=== START 2025-08-13T12:45:19.618673 | ch=15 ===
[in#0 @ 0000019ec5b66540] Error opening input: Invalid argument
Error opening input file .
Error opening input files: Invalid argument

=== START 2025-08-13T12:45:24.952275 | ch=15 ===
[in#0 @ 000001e46a046540] Error opening input: Invalid argument
Error opening input file .
Error opening input files: Invalid argument

=== START 2025-08-13T12:45:30.281184 | ch=15 ===
[in#0 @ 000001defbe86540] Error opening input: Invalid argument
Error opening input file .
Error opening input files: Invalid argument

=== START 2025-08-13T12:45:35.603662 | ch=15 ===
[in#0 @ 000001eaf7b36540] Error opening input: Invalid argument
Error opening input file .
Error opening input files: Invalid argument

=== START 2025-08-13T12:45:40.941971 | ch=15 ===
[in#0 @ 000002b7c8486540] Error opening input: Invalid argument
Error opening input file .
Error opening input files: Invalid argument

=== START 2025-08-13T12:45:46.274682 | ch=15 ===
[in#0 @ 0000019e214d6540] Error opening input: Invalid argument
Error opening input file .
Error opening input files: Invalid argument

=== START 2025-08-13T12:45:51.612225 | ch=15 ===
[in#0 @ 000001a02a1f6540] Error opening input: Invalid argument
Error opening input file .
Error opening input files: Invalid argument

=== START 2025-08-13T12:45:56.949118 | ch=15 ===
[in#0 @ 00000200f6e96540] Error opening input: Invalid argument
Error opening input file .
Error opening input files: Invalid argument

=== START 2025-08-13T12:46:02.285571 | ch=15 ===
[in#0 @ 00000234fe2d6540] Error opening input: Invalid argument
Error opening input file .
Error opening input files: Invalid argument

=== START 2025-08-13T12:46:07.618098 | ch=15 ===
[in#0 @ 00000257e0756540] Error opening input: Invalid argument
Error opening input file .
Error opening input files: Invalid argument

=== START 2025-08-13T12:46:12.961559 | ch=15 ===
[in#0 @ 0000023e7e5f6540] Error opening input: Invalid argument
Error opening input file .
Error opening input files: Invalid argument

=== START 2025-08-13T12:46:18.307933 | ch=15 ===
[in#0 @ 000001eb1f546540] Error opening input: Invalid argument
Error opening input file .
Error opening input files: Invalid argument

=== START 2025-08-13T12:46:23.636798 | ch=15 ===
[in#0 @ 0000022577bc6540] Error opening input: Invalid argument
Error opening input file .
Error opening input files: Invalid argument

=== START 2025-08-13T12:46:28.969348 | ch=15 ===
[in#0 @ 000001c4637c6540] Error opening input: Invalid argument
Error opening input file .
Error opening input files: Invalid argument

=== START 2025-08-13T12:46:34.290639 | ch=15 ===
[in#0 @ 0000014f6de26540] Error opening input: Invalid argument
Error opening input file .
Error opening input files: Invalid argument

=== START 2025-08-13T12:46:39.620965 | ch=15 ===
[in#0 @ 000001749ce96540] Error opening input: Invalid argument
Error opening input file .
Error opening input files: Invalid argument

=== START 2025-08-13T12:46:44.964648 | ch=15 ===
[in#0 @ 00000210c82d6540] Error opening input: Invalid argument
Error opening input file .
Error opening input files: Invalid argument

=== START 2025-08-13T12:46:50.299880 | ch=15 ===
[in#0 @ 000002463a866540] Error opening input: Invalid argument
Error opening input file .
Error opening input files: Invalid argument

=== START 2025-08-13T12:46:55.645267 | ch=15 ===
[in#0 @ 000001deab806540] Error opening input: Invalid argument
Error opening input file .
Error opening input files: Invalid argument

=== START 2025-08-13T12:47:00.967888 | ch=15 ===
[in#0 @ 000001bacd5f6540] Error opening input: Invalid argument
Error opening input file .
Error opening input files: Invalid argument

=== START 2025-08-13T12:47:06.295816 | ch=15 ===
[in#0 @ 00000203745b6540] Error opening input: Invalid argument
Error opening input file .
Error opening input files: Invalid argument

=== START 2025-08-13T12:47:11.633310 | ch=15 ===
[in#0 @ 000002728f766540] Error opening input: Invalid argument
Error opening input file .
Error opening input files: Invalid argument

=== START 2025-08-13T12:47:16.959739 | ch=15 ===
[in#0 @ 00000180a00d6540] Error opening input: Invalid argument
Error opening input file .
Error opening input files: Invalid argument

=== START 2025-08-13T12:47:22.286123 | ch=15 ===
[in#0 @ 0000024220346540] Error opening input: Invalid argument
Error opening input file .
Error opening input files: Invalid argument

=== START 2025-08-13T12:47:27.616234 | ch=15 ===
[in#0 @ 00000245e7986540] Error opening input: Invalid argument
Error opening input file .
Error opening input files: Invalid argument

=== START 2025-08-13T12:47:32.941165 | ch=15 ===
[in#0 @ 0000016607556540] Error opening input: Invalid argument
Error opening input file .
Error opening input files: Invalid argument

=== START 2025-08-13T12:47:38.274250 | ch=15 ===
[in#0 @ 00000187c6596540] Error opening input: Invalid argument
Error opening input file .
Error opening input files: Invalid argument

=== START 2025-08-13T12:47:43.599914 | ch=15 ===
[in#0 @ 0000025f79b66540] Error opening input: Invalid argument
Error opening input file .
Error opening input files: Invalid argument

=== START 2025-08-13T12:47:48.920387 | ch=15 ===
[in#0 @ 0000021347686540] Error opening input: Invalid argument
Error opening input file .
Error opening input files: Invalid argument

=== START 2025-08-13T12:47:54.239709 | ch=15 ===
[in#0 @ 00000206ed876540] Error opening input: Invalid argument
Error opening input file .
Error opening input files: Invalid argument

=== START 2025-08-13T12:47:59.583710 | ch=15 ===
[in#0 @ 000001a3b96f6540] Error opening input: Invalid argument
Error opening input file .
Error opening input files: Invalid argument

=== START 2025-08-13T12:48:04.914104 | ch=15 ===
[in#0 @ 00000224b3dc6540] Error opening input: Invalid argument
Error opening input file .
Error opening input files: Invalid argument

=== START 2025-08-13T12:48:10.245791 | ch=15 ===
[in#0 @ 0000018a629a6540] Error opening input: Invalid argument
Error opening input file .
Error opening input files: Invalid argument

=== START 2025-08-13T12:48:15.580379 | ch=15 ===
[in#0 @ 0000026569576540] Error opening input: Invalid argument
Error opening input file .
Error opening input files: Invalid argument

=== START 2025-08-13T12:48:20.914739 | ch=15 ===
[in#0 @ 00000223cdc66540] Error opening input: Invalid argument
Error opening input file .
Error opening input files: Invalid argument

=== START 2025-08-13T12:48:26.251624 | ch=15 ===
[in#0 @ 0000025141186540] Error opening input: Invalid argument
Error opening input file .
Error opening input files: Invalid argument

=== START 2025-08-13T12:48:31.580666 | ch=15 ===
[in#0 @ 0000017e89d66540] Error opening input: Invalid argument
Error opening input file .
Error opening input files: Invalid argument

=== START 2025-08-13T12:48:36.911328 | ch=15 ===
[in#0 @ 000002b839406540] Error opening input: Invalid argument
Error opening input file .
Error opening input files: Invalid argument

=== START 2025-08-13T12:48:42.247152 | ch=15 ===
[in#0 @ 000001f86ff56540] Error opening input: Invalid argument
Error opening input file .
Error opening input files: Invalid argument

=== START 2025-08-13T12:48:47.574801 | ch=15 ===
[in#0 @ 000001da128f6540] Error opening input: Invalid argument
Error opening input file .
Error opening input files: Invalid argument

=== START 2025-08-13T12:48:52.911977 | ch=15 ===
[in#0 @ 00000249f4696540] Error opening input: Invalid argument
Error opening input file .
Error opening input files: Invalid argument

=== START 2025-08-13T12:48:58.231162 | ch=15 ===
[in#0 @ 000002ab6b166540] Error opening input: Invalid argument
Error opening input file .
Error opening input files: Invalid argument

=== START 2025-08-13T12:49:03.559471 | ch=15 ===
[in#0 @ 000002bb63c16540] Error opening input: Invalid argument
Error opening input file .
Error opening input files: Invalid argument

=== START 2025-08-13T12:49:08.894025 | ch=15 ===
[in#0 @ 000002da81c16540] Error opening input: Invalid argument
Error opening input file .
Error opening input files: Invalid argument

=== START 2025-08-13T12:49:14.233582 | ch=15 ===
[in#0 @ 000001847caa6540] Error opening input: Invalid argument
Error opening input file .
Error opening input files: Invalid argument

=== START 2025-08-13T12:49:19.567326 | ch=15 ===
[in#0 @ 00000202a8776540] Error opening input: Invalid argument
Error opening input file .
Error opening input files: Invalid argument

=== START 2025-08-13T12:49:24.899060 | ch=15 ===
[in#0 @ 000002c4c1896540] Error opening input: Invalid argument
Error opening input file .
Error opening input files: Invalid argument

=== START 2025-08-13T12:49:30.229796 | ch=15 ===
[in#0 @ 000002a41fdf6540] Error opening input: Invalid argument
Error opening input file .
Error opening input files: Invalid argument

=== START 2025-08-13T12:49:35.561704 | ch=15 ===
[in#0 @ 0000018a52506540] Error opening input: Invalid argument
Error opening input file .
Error opening input files: Invalid argument

=== START 2025-08-13T12:49:40.896206 | ch=15 ===
[in#0 @ 00000253e7106540] Error opening input: Invalid argument
Error opening input file .
Error opening input files: Invalid argument

=== START 2025-08-13T12:49:46.231034 | ch=15 ===
[in#0 @ 000001edf76d6540] Error opening input: Invalid argument
Error opening input file .
Error opening input files: Invalid argument

=== START 2025-08-13T12:49:51.563737 | ch=15 ===
[in#0 @ 000001c5bdef6540] Error opening input: Invalid argument
Error opening input file .
Error opening input files: Invalid argument

=== START 2025-08-13T12:49:56.900012 | ch=15 ===
[in#0 @ 000001f8f8e16540] Error opening input: Invalid argument
Error opening input file .
Error opening input files: Invalid argument

=== START 2025-08-13T12:50:02.226702 | ch=15 ===
[in#0 @ 0000025024c76540] Error opening input: Invalid argument
Error opening input file .
Error opening input files: Invalid argument

=== START 2025-08-13T12:50:07.550865 | ch=15 ===
[in#0 @ 000001bc51ec6540] Error opening input: Invalid argument
Error opening input file .
Error opening input files: Invalid argument

=== START 2025-08-13T12:50:12.879928 | ch=15 ===
[in#0 @ 00000250b2476540] Error opening input: Invalid argument
Error opening input file .
Error opening input files: Invalid argument

=== START 2025-08-13T12:50:18.208572 | ch=15 ===
[in#0 @ 000002ec41946540] Error opening input: Invalid argument
Error opening input file .
Error opening input files: Invalid argument

=== START 2025-08-13T12:50:23.544238 | ch=15 ===
[in#0 @ 00000164dc8a6540] Error opening input: Invalid argument
Error opening input file .
Error opening input files: Invalid argument

=== START 2025-08-13T12:50:28.876956 | ch=15 ===
[in#0 @ 000001faa59c6540] Error opening input: Invalid argument
Error opening input file .
Error opening input files: Invalid argument

=== START 2025-08-13T12:50:34.211744 | ch=15 ===
[in#0 @ 0000028719286540] Error opening input: Invalid argument
Error opening input file .
Error opening input files: Invalid argument

=== START 2025-08-13T12:50:39.547074 | ch=15 ===
[in#0 @ 000001e143666540] Error opening input: Invalid argument
Error opening input file .
Error opening input files: Invalid argument

=== START 2025-08-13T12:50:44.877543 | ch=15 ===
[in#0 @ 000002aa70826540] Error opening input: Invalid argument
Error opening input file .
Error opening input files: Invalid argument

=== START 2025-08-13T12:50:50.213004 | ch=15 ===
[in#0 @ 00000230073e6540] Error opening input: Invalid argument
Error opening input file .
Error opening input files: Invalid argument

=== START 2025-08-13T12:50:55.548994 | ch=15 ===
[in#0 @ 000001a5a1426540] Error opening input: Invalid argument
Error opening input file .
Error opening input files: Invalid argument

=== START 2025-08-13T12:51:00.874494 | ch=15 ===
[in#0 @ 000001dfc8dd6540] Error opening input: Invalid argument
Error opening input file .
Error opening input files: Invalid argument

=== START 2025-08-13T12:51:06.208169 | ch=15 ===
[in#0 @ 000001e9110f6540] Error opening input: Invalid argument
Error opening input file .
Error opening input files: Invalid argument

=== START 2025-08-13T12:51:11.540615 | ch=15 ===
[in#0 @ 000002c97f6f6540] Error opening input: Invalid argument
Error opening input file .
Error opening input files: Invalid argument

=== START 2025-08-13T12:51:16.870619 | ch=15 ===
[in#0 @ 000002c010c56540] Error opening input: Invalid argument
Error opening input file .
Error opening input files: Invalid argument

=== START 2025-08-13T12:51:22.208433 | ch=15 ===
[in#0 @ 00000282b6e66540] Error opening input: Invalid argument
Error opening input file .
Error opening input files: Invalid argument

=== START 2025-08-13T12:51:27.556645 | ch=15 ===
[in#0 @ 0000014511636540] Error opening input: Invalid argument
Error opening input file .
Error opening input files: Invalid argument

=== START 2025-08-13T12:51:32.878224 | ch=15 ===
[in#0 @ 000002137fe46540] Error opening input: Invalid argument
Error opening input file .
Error opening input files: Invalid argument

=== START 2025-08-13T12:51:38.208352 | ch=15 ===
[in#0 @ 0000021d75ca6540] Error opening input: Invalid argument
Error opening input file .
Error opening input files: Invalid argument

=== START 2025-08-13T12:51:43.536650 | ch=15 ===
[in#0 @ 000001d689446540] Error opening input: Invalid argument
Error opening input file .
Error opening input files: Invalid argument

=== START 2025-08-13T12:51:48.868025 | ch=15 ===
[in#0 @ 000001b76d726540] Error opening input: Invalid argument
Error opening input file .
Error opening input files: Invalid argument
