
=== START 2025-08-13T12:17:04.049672 | ch=33 ===
[in#0 @ 00000263f9a06540] Error opening input: Invalid argument
Error opening input file .
Error opening input files: Invalid argument

=== START 2025-08-13T12:17:09.416101 | ch=33 ===
[in#0 @ 00000219f0256540] Error opening input: Invalid argument
Error opening input file .
Error opening input files: Invalid argument

=== START 2025-08-13T12:17:14.756877 | ch=33 ===
[in#0 @ 000001f6ca7f6540] Error opening input: Invalid argument
Error opening input file .
Error opening input files: Invalid argument

=== START 2025-08-13T12:17:20.093680 | ch=33 ===
[in#0 @ 000001e823606540] Error opening input: Invalid argument
Error opening input file .
Error opening input files: Invalid argument

=== START 2025-08-13T12:17:25.413488 | ch=33 ===
[in#0 @ 0000020289e26540] Error opening input: Invalid argument
Error opening input file .
Error opening input files: Invalid argument

=== START 2025-08-13T12:17:30.741333 | ch=33 ===
[in#0 @ 00000253a9ec6540] Error opening input: Invalid argument
Error opening input file .
Error opening input files: Invalid argument

=== START 2025-08-13T12:17:36.066850 | ch=33 ===
[in#0 @ 0000014a1e326540] Error opening input: Invalid argument
Error opening input file .
Error opening input files: Invalid argument

=== START 2025-08-13T12:17:41.394546 | ch=33 ===
[in#0 @ 00000225c3c26540] Error opening input: Invalid argument
Error opening input file .
Error opening input files: Invalid argument

=== START 2025-08-13T12:17:46.780949 | ch=33 ===
[in#0 @ 000002215c3f6540] Error opening input: Invalid argument
Error opening input file .
Error opening input files: Invalid argument

=== START 2025-08-13T12:17:52.114790 | ch=33 ===
[in#0 @ 000001ffb3406540] Error opening input: Invalid argument
Error opening input file .
Error opening input files: Invalid argument

=== START 2025-08-13T12:17:57.434904 | ch=33 ===
[in#0 @ 0000016530686540] Error opening input: Invalid argument
Error opening input file .
Error opening input files: Invalid argument

=== START 2025-08-13T12:18:02.764431 | ch=33 ===
[in#0 @ 000002541a916540] Error opening input: Invalid argument
Error opening input file .
Error opening input files: Invalid argument

=== START 2025-08-13T12:18:08.098657 | ch=33 ===
[in#0 @ 00000227b0aa6540] Error opening input: Invalid argument
Error opening input file .
Error opening input files: Invalid argument

=== START 2025-08-13T12:18:13.432184 | ch=33 ===
[in#0 @ 000002147fec6540] Error opening input: Invalid argument
Error opening input file .
Error opening input files: Invalid argument

=== START 2025-08-13T12:18:18.754153 | ch=33 ===
[in#0 @ 00000210dd896540] Error opening input: Invalid argument
Error opening input file .
Error opening input files: Invalid argument

=== START 2025-08-13T12:18:24.081993 | ch=33 ===
[in#0 @ 000001feeb866540] Error opening input: Invalid argument
Error opening input file .
Error opening input files: Invalid argument

=== START 2025-08-13T12:18:29.418080 | ch=33 ===
[in#0 @ 000001aba03a6540] Error opening input: Invalid argument
Error opening input file .
Error opening input files: Invalid argument

=== START 2025-08-13T12:18:34.745710 | ch=33 ===
[in#0 @ 000002b34a8f6540] Error opening input: Invalid argument
Error opening input file .
Error opening input files: Invalid argument

=== START 2025-08-13T12:18:40.075696 | ch=33 ===
[in#0 @ 00000272e14c6540] Error opening input: Invalid argument
Error opening input file .
Error opening input files: Invalid argument

=== START 2025-08-13T12:18:45.403337 | ch=33 ===
[in#0 @ 000001a563f86540] Error opening input: Invalid argument
Error opening input file .
Error opening input files: Invalid argument

=== START 2025-08-13T12:18:50.726099 | ch=33 ===
[in#0 @ 00000157af686540] Error opening input: Invalid argument
Error opening input file .
Error opening input files: Invalid argument

=== START 2025-08-13T12:18:56.049323 | ch=33 ===
[in#0 @ 0000020fffcb6540] Error opening input: Invalid argument
Error opening input file .
Error opening input files: Invalid argument

=== START 2025-08-13T12:19:01.379754 | ch=33 ===
[in#0 @ 000002a9d67e6540] Error opening input: Invalid argument
Error opening input file .
Error opening input files: Invalid argument

=== START 2025-08-13T12:19:06.700961 | ch=33 ===
[in#0 @ 00000219ac406540] Error opening input: Invalid argument
Error opening input file .
Error opening input files: Invalid argument

=== START 2025-08-13T12:19:12.025376 | ch=33 ===
[in#0 @ 00000165c9fa6540] Error opening input: Invalid argument
Error opening input file .
Error opening input files: Invalid argument

=== START 2025-08-13T12:19:17.355360 | ch=33 ===
[in#0 @ 00000197be086540] Error opening input: Invalid argument
Error opening input file .
Error opening input files: Invalid argument

=== START 2025-08-13T12:19:22.683021 | ch=33 ===
[in#0 @ 000001bc5ce76540] Error opening input: Invalid argument
Error opening input file .
Error opening input files: Invalid argument

=== START 2025-08-13T12:19:28.003699 | ch=33 ===
[in#0 @ 000001e64b906540] Error opening input: Invalid argument
Error opening input file .
Error opening input files: Invalid argument

=== START 2025-08-13T12:19:33.326334 | ch=33 ===
[in#0 @ 000001a75b6b6540] Error opening input: Invalid argument
Error opening input file .
Error opening input files: Invalid argument

=== START 2025-08-13T12:19:38.643758 | ch=33 ===
[in#0 @ 000001797e6c6540] Error opening input: Invalid argument
Error opening input file .
Error opening input files: Invalid argument

=== START 2025-08-13T12:19:43.960734 | ch=33 ===
[in#0 @ 0000019d072b6540] Error opening input: Invalid argument
Error opening input file .
Error opening input files: Invalid argument

=== START 2025-08-13T12:19:49.285986 | ch=33 ===
[in#0 @ 000002bac3ee6540] Error opening input: Invalid argument
Error opening input file .
Error opening input files: Invalid argument

=== START 2025-08-13T12:19:54.608679 | ch=33 ===
[in#0 @ 000001edba456540] Error opening input: Invalid argument
Error opening input file .
Error opening input files: Invalid argument

=== START 2025-08-13T12:19:59.933096 | ch=33 ===
[in#0 @ 000001b83f8a6540] Error opening input: Invalid argument
Error opening input file .
Error opening input files: Invalid argument

=== START 2025-08-13T12:20:05.268094 | ch=33 ===
[in#0 @ 000001908b296540] Error opening input: Invalid argument
Error opening input file .
Error opening input files: Invalid argument

=== START 2025-08-13T12:20:10.596416 | ch=33 ===
[in#0 @ 0000022054756540] Error opening input: Invalid argument
Error opening input file .
Error opening input files: Invalid argument

=== START 2025-08-13T12:20:15.924056 | ch=33 ===
[in#0 @ 000002a7bb776540] Error opening input: Invalid argument
Error opening input file .
Error opening input files: Invalid argument

=== START 2025-08-13T12:20:21.264689 | ch=33 ===
[in#0 @ 000001223ee36540] Error opening input: Invalid argument
Error opening input file .
Error opening input files: Invalid argument

=== START 2025-08-13T12:20:26.601114 | ch=33 ===
[in#0 @ 0000025c96426540] Error opening input: Invalid argument
Error opening input file .
Error opening input files: Invalid argument

=== START 2025-08-13T12:20:31.930419 | ch=33 ===
[in#0 @ 000002c2fc5d6540] Error opening input: Invalid argument
Error opening input file .
Error opening input files: Invalid argument

=== START 2025-08-13T12:20:37.259583 | ch=33 ===
[in#0 @ 00000218ca9b6540] Error opening input: Invalid argument
Error opening input file .
Error opening input files: Invalid argument

=== START 2025-08-13T12:20:42.608866 | ch=33 ===
[in#0 @ 00000236febd6540] Error opening input: Invalid argument
Error opening input file .
Error opening input files: Invalid argument

=== START 2025-08-13T12:20:47.935374 | ch=33 ===
[in#0 @ 00000153da416540] Error opening input: Invalid argument
Error opening input file .
Error opening input files: Invalid argument

=== START 2025-08-13T12:20:53.266422 | ch=33 ===
[in#0 @ 0000016285036540] Error opening input: Invalid argument
Error opening input file .
Error opening input files: Invalid argument

=== START 2025-08-13T12:20:58.604755 | ch=33 ===
[in#0 @ 00000210004c6540] Error opening input: Invalid argument
Error opening input file .
Error opening input files: Invalid argument

=== START 2025-08-13T12:21:03.932498 | ch=33 ===
[in#0 @ 0000022df8a66540] Error opening input: Invalid argument
Error opening input file .
Error opening input files: Invalid argument

=== START 2025-08-13T12:21:09.259116 | ch=33 ===
[in#0 @ 0000018931176540] Error opening input: Invalid argument
Error opening input file .
Error opening input files: Invalid argument

=== START 2025-08-13T12:21:14.590553 | ch=33 ===
[in#0 @ 000001a4b2756540] Error opening input: Invalid argument
Error opening input file .
Error opening input files: Invalid argument

=== START 2025-08-13T12:21:19.923209 | ch=33 ===
[in#0 @ 000001ee6ff96540] Error opening input: Invalid argument
Error opening input file .
Error opening input files: Invalid argument

=== START 2025-08-13T12:21:25.269430 | ch=33 ===
[in#0 @ 0000014400036540] Error opening input: Invalid argument
Error opening input file .
Error opening input files: Invalid argument

=== START 2025-08-13T12:21:30.599697 | ch=33 ===
[in#0 @ 000001d005bf6540] Error opening input: Invalid argument
Error opening input file .
Error opening input files: Invalid argument

=== START 2025-08-13T12:21:35.927965 | ch=33 ===
[in#0 @ 0000025abee76540] Error opening input: Invalid argument
Error opening input file .
Error opening input files: Invalid argument

=== START 2025-08-13T12:21:41.256965 | ch=33 ===
[in#0 @ 00000259be8e6540] Error opening input: Invalid argument
Error opening input file .
Error opening input files: Invalid argument

=== START 2025-08-13T12:21:46.589171 | ch=33 ===
[in#0 @ 0000011da7796540] Error opening input: Invalid argument
Error opening input file .
Error opening input files: Invalid argument

=== START 2025-08-13T12:21:51.925878 | ch=33 ===
[in#0 @ 000001ccd4df6540] Error opening input: Invalid argument
Error opening input file .
Error opening input files: Invalid argument

=== START 2025-08-13T12:21:57.263365 | ch=33 ===
[in#0 @ 000001f094d96540] Error opening input: Invalid argument
Error opening input file .
Error opening input files: Invalid argument

=== START 2025-08-13T12:22:02.596036 | ch=33 ===
[in#0 @ 000002679a456540] Error opening input: Invalid argument
Error opening input file .
Error opening input files: Invalid argument

=== START 2025-08-13T12:22:07.922144 | ch=33 ===
[in#0 @ 00000278d8156540] Error opening input: Invalid argument
Error opening input file .
Error opening input files: Invalid argument

=== START 2025-08-13T12:22:13.246519 | ch=33 ===
[in#0 @ 000001fa8ea36540] Error opening input: Invalid argument
Error opening input file .
Error opening input files: Invalid argument

=== START 2025-08-13T12:22:18.577572 | ch=33 ===
[in#0 @ 0000018d9bfb6540] Error opening input: Invalid argument
Error opening input file .
Error opening input files: Invalid argument

=== START 2025-08-13T12:22:23.909785 | ch=33 ===
[in#0 @ 0000020fda086540] Error opening input: Invalid argument
Error opening input file .
Error opening input files: Invalid argument

=== START 2025-08-13T12:22:29.231545 | ch=33 ===
[in#0 @ 0000013e92d16540] Error opening input: Invalid argument
Error opening input file .
Error opening input files: Invalid argument

=== START 2025-08-13T12:22:34.558055 | ch=33 ===
[in#0 @ 000002e2f2f26540] Error opening input: Invalid argument
Error opening input file .
Error opening input files: Invalid argument

=== START 2025-08-13T12:22:39.889682 | ch=33 ===
[in#0 @ 000001a508c16540] Error opening input: Invalid argument
Error opening input file .
Error opening input files: Invalid argument

=== START 2025-08-13T12:22:45.213692 | ch=33 ===
[in#0 @ 000001b81b996540] Error opening input: Invalid argument
Error opening input file .
Error opening input files: Invalid argument

=== START 2025-08-13T12:22:50.538427 | ch=33 ===
[in#0 @ 00000299f2416540] Error opening input: Invalid argument
Error opening input file .
Error opening input files: Invalid argument

=== START 2025-08-13T12:22:55.871327 | ch=33 ===
[in#0 @ 0000024dd85c6540] Error opening input: Invalid argument
Error opening input file .
Error opening input files: Invalid argument

=== START 2025-08-13T12:23:01.217441 | ch=33 ===
[in#0 @ 00000292e3946540] Error opening input: Invalid argument
Error opening input file .
Error opening input files: Invalid argument

=== START 2025-08-13T12:23:06.549423 | ch=33 ===
[in#0 @ 000001aff2176540] Error opening input: Invalid argument
Error opening input file .
Error opening input files: Invalid argument

=== START 2025-08-13T12:23:11.882155 | ch=33 ===
[in#0 @ 000001d7bfa46540] Error opening input: Invalid argument
Error opening input file .
Error opening input files: Invalid argument

=== START 2025-08-13T12:23:17.208147 | ch=33 ===
[in#0 @ 0000022f3a166540] Error opening input: Invalid argument
Error opening input file .
Error opening input files: Invalid argument

=== START 2025-08-13T12:23:22.542267 | ch=33 ===
[in#0 @ 00000186465b6540] Error opening input: Invalid argument
Error opening input file .
Error opening input files: Invalid argument

=== START 2025-08-13T12:23:27.871205 | ch=33 ===
[in#0 @ 00000216c9f26540] Error opening input: Invalid argument
Error opening input file .
Error opening input files: Invalid argument

=== START 2025-08-13T12:23:33.200162 | ch=33 ===
[in#0 @ 0000019251986540] Error opening input: Invalid argument
Error opening input file .
Error opening input files: Invalid argument

=== START 2025-08-13T12:23:38.530870 | ch=33 ===
[in#0 @ 000001f64c606540] Error opening input: Invalid argument
Error opening input file .
Error opening input files: Invalid argument

=== START 2025-08-13T12:23:43.861666 | ch=33 ===
[in#0 @ 0000015ef5df6540] Error opening input: Invalid argument
Error opening input file .
Error opening input files: Invalid argument

=== START 2025-08-13T12:23:49.190153 | ch=33 ===
[in#0 @ 0000019e77376540] Error opening input: Invalid argument
Error opening input file .
Error opening input files: Invalid argument

=== START 2025-08-13T12:23:54.528434 | ch=33 ===
[in#0 @ 0000017bda676540] Error opening input: Invalid argument
Error opening input file .
Error opening input files: Invalid argument

=== START 2025-08-13T12:23:59.864511 | ch=33 ===
[in#0 @ 000002375b426540] Error opening input: Invalid argument
Error opening input file .
Error opening input files: Invalid argument

=== START 2025-08-13T12:24:05.193523 | ch=33 ===
[in#0 @ 000001cef4536540] Error opening input: Invalid argument
Error opening input file .
Error opening input files: Invalid argument

=== START 2025-08-13T12:24:10.528282 | ch=33 ===
[in#0 @ 0000029676a76540] Error opening input: Invalid argument
Error opening input file .
Error opening input files: Invalid argument

=== START 2025-08-13T12:24:15.865565 | ch=33 ===
[in#0 @ 000002b976ab6540] Error opening input: Invalid argument
Error opening input file .
Error opening input files: Invalid argument

=== START 2025-08-13T12:24:21.189925 | ch=33 ===
[in#0 @ 000001cbf90b6540] Error opening input: Invalid argument
Error opening input file .
Error opening input files: Invalid argument

=== START 2025-08-13T12:24:26.513837 | ch=33 ===
[in#0 @ 0000018e1fc26540] Error opening input: Invalid argument
Error opening input file .
Error opening input files: Invalid argument

=== START 2025-08-13T12:24:31.841154 | ch=33 ===
[in#0 @ 0000017f09886540] Error opening input: Invalid argument
Error opening input file .
Error opening input files: Invalid argument

=== START 2025-08-13T12:24:37.181773 | ch=33 ===
[in#0 @ 0000024d3de96540] Error opening input: Invalid argument
Error opening input file .
Error opening input files: Invalid argument

=== START 2025-08-13T12:24:42.510952 | ch=33 ===
[in#0 @ 000001ca49836540] Error opening input: Invalid argument
Error opening input file .
Error opening input files: Invalid argument

=== START 2025-08-13T12:24:47.840203 | ch=33 ===
[in#0 @ 0000016763126540] Error opening input: Invalid argument
Error opening input file .
Error opening input files: Invalid argument

=== START 2025-08-13T12:24:53.170907 | ch=33 ===
[in#0 @ 00000162c19e6540] Error opening input: Invalid argument
Error opening input file .
Error opening input files: Invalid argument

=== START 2025-08-13T12:24:58.502461 | ch=33 ===
[in#0 @ 00000281d2156540] Error opening input: Invalid argument
Error opening input file .
Error opening input files: Invalid argument

=== START 2025-08-13T12:25:03.830363 | ch=33 ===
[in#0 @ 000001f7b9e66540] Error opening input: Invalid argument
Error opening input file .
Error opening input files: Invalid argument

=== START 2025-08-13T12:25:09.165119 | ch=33 ===
[in#0 @ 0000022ac8166540] Error opening input: Invalid argument
Error opening input file .
Error opening input files: Invalid argument

=== START 2025-08-13T12:25:14.492340 | ch=33 ===
[in#0 @ 000001b3ac0f6540] Error opening input: Invalid argument
Error opening input file .
Error opening input files: Invalid argument

=== START 2025-08-13T12:25:19.813603 | ch=33 ===
[in#0 @ 0000022fb6406540] Error opening input: Invalid argument
Error opening input file .
Error opening input files: Invalid argument

=== START 2025-08-13T12:25:25.153454 | ch=33 ===
[in#0 @ 000002403c356540] Error opening input: Invalid argument
Error opening input file .
Error opening input files: Invalid argument

=== START 2025-08-13T12:25:30.490566 | ch=33 ===
[in#0 @ 0000023f06c86540] Error opening input: Invalid argument
Error opening input file .
Error opening input files: Invalid argument

=== START 2025-08-13T12:25:35.818530 | ch=33 ===
[in#0 @ 000001f2ce3c6540] Error opening input: Invalid argument
Error opening input file .
Error opening input files: Invalid argument

=== START 2025-08-13T12:25:41.140775 | ch=33 ===
[in#0 @ 0000028b92966540] Error opening input: Invalid argument
Error opening input file .
Error opening input files: Invalid argument

=== START 2025-08-13T12:25:46.467531 | ch=33 ===
[in#0 @ 000002368fce6540] Error opening input: Invalid argument
Error opening input file .
Error opening input files: Invalid argument

=== START 2025-08-13T12:25:51.800318 | ch=33 ===
[in#0 @ 0000023ca8e06540] Error opening input: Invalid argument
Error opening input file .
Error opening input files: Invalid argument

=== START 2025-08-13T12:25:57.127297 | ch=33 ===
[in#0 @ 000001c555196540] Error opening input: Invalid argument
Error opening input file .
Error opening input files: Invalid argument

=== START 2025-08-13T12:26:02.460181 | ch=33 ===
[in#0 @ 00000124eb716540] Error opening input: Invalid argument
Error opening input file .
Error opening input files: Invalid argument

=== START 2025-08-13T12:26:07.784423 | ch=33 ===
[in#0 @ 0000023d66c06540] Error opening input: Invalid argument
Error opening input file .
Error opening input files: Invalid argument

=== START 2025-08-13T12:26:13.108486 | ch=33 ===
[in#0 @ 000001ef5e736540] Error opening input: Invalid argument
Error opening input file .
Error opening input files: Invalid argument

=== START 2025-08-13T12:26:18.438009 | ch=33 ===
[in#0 @ 0000015ced9d6540] Error opening input: Invalid argument
Error opening input file .
Error opening input files: Invalid argument

=== START 2025-08-13T12:26:23.765799 | ch=33 ===
[in#0 @ 000001d138566540] Error opening input: Invalid argument
Error opening input file .
Error opening input files: Invalid argument

=== START 2025-08-13T12:26:29.092326 | ch=33 ===
[in#0 @ 00000204502e6540] Error opening input: Invalid argument
Error opening input file .
Error opening input files: Invalid argument

=== START 2025-08-13T12:26:34.427634 | ch=33 ===
[in#0 @ 000001c14ede6540] Error opening input: Invalid argument
Error opening input file .
Error opening input files: Invalid argument

=== START 2025-08-13T12:26:39.764703 | ch=33 ===
[in#0 @ 0000024369196540] Error opening input: Invalid argument
Error opening input file .
Error opening input files: Invalid argument

=== START 2025-08-13T12:26:45.095809 | ch=33 ===
[in#0 @ 000002416e216540] Error opening input: Invalid argument
Error opening input file .
Error opening input files: Invalid argument

=== START 2025-08-13T12:26:50.420089 | ch=33 ===
[in#0 @ 0000021167a16540] Error opening input: Invalid argument
Error opening input file .
Error opening input files: Invalid argument

=== START 2025-08-13T12:26:55.749691 | ch=33 ===
[in#0 @ 000002a677a76540] Error opening input: Invalid argument
Error opening input file .
Error opening input files: Invalid argument

=== START 2025-08-13T12:27:01.110845 | ch=33 ===
[in#0 @ 00000162a4216540] Error opening input: Invalid argument
Error opening input file .
Error opening input files: Invalid argument

=== START 2025-08-13T12:27:06.436226 | ch=33 ===
[in#0 @ 000002262b776540] Error opening input: Invalid argument
Error opening input file .
Error opening input files: Invalid argument

=== START 2025-08-13T12:27:11.760791 | ch=33 ===
[in#0 @ 000002e29b196540] Error opening input: Invalid argument
Error opening input file .
Error opening input files: Invalid argument

=== START 2025-08-13T12:27:17.090226 | ch=33 ===
[in#0 @ 000001d7e0626540] Error opening input: Invalid argument
Error opening input file .
Error opening input files: Invalid argument

=== START 2025-08-13T12:27:22.417460 | ch=33 ===
[in#0 @ 00000211e3006540] Error opening input: Invalid argument
Error opening input file .
Error opening input files: Invalid argument

=== START 2025-08-13T12:27:27.756989 | ch=33 ===
[in#0 @ 000002471b136540] Error opening input: Invalid argument
Error opening input file .
Error opening input files: Invalid argument

=== START 2025-08-13T12:37:01.763950 | ch=33 ===
[in#0 @ 000001579add6540] Error opening input: Invalid argument
Error opening input file .
Error opening input files: Invalid argument

=== START 2025-08-13T12:37:07.095510 | ch=33 ===
[in#0 @ 0000014e325a6540] Error opening input: Invalid argument
Error opening input file .
Error opening input files: Invalid argument

=== START 2025-08-13T12:37:12.425297 | ch=33 ===
[in#0 @ 00000270be9a6540] Error opening input: Invalid argument
Error opening input file .
Error opening input files: Invalid argument

=== START 2025-08-13T12:37:17.747369 | ch=33 ===
[in#0 @ 000002b4df856540] Error opening input: Invalid argument
Error opening input file .
Error opening input files: Invalid argument

=== START 2025-08-13T12:37:23.087368 | ch=33 ===
[in#0 @ 000001eee7ac6540] Error opening input: Invalid argument
Error opening input file .
Error opening input files: Invalid argument

=== START 2025-08-13T12:37:28.427239 | ch=33 ===
[in#0 @ 0000018b4b056540] Error opening input: Invalid argument
Error opening input file .
Error opening input files: Invalid argument

=== START 2025-08-13T12:37:33.754484 | ch=33 ===
[in#0 @ 0000017ee8276540] Error opening input: Invalid argument
Error opening input file .
Error opening input files: Invalid argument

=== START 2025-08-13T12:37:39.120331 | ch=33 ===
[in#0 @ 000001dedc4f6540] Error opening input: Invalid argument
Error opening input file .
Error opening input files: Invalid argument

=== START 2025-08-13T12:37:44.436162 | ch=33 ===
[in#0 @ 0000018f21886540] Error opening input: Invalid argument
Error opening input file .
Error opening input files: Invalid argument

=== START 2025-08-13T12:37:49.771683 | ch=33 ===
[in#0 @ 000002b0bee36540] Error opening input: Invalid argument
Error opening input file .
Error opening input files: Invalid argument

=== START 2025-08-13T12:37:55.107238 | ch=33 ===
[in#0 @ 000001c20f076540] Error opening input: Invalid argument
Error opening input file .
Error opening input files: Invalid argument

=== START 2025-08-13T12:38:00.442754 | ch=33 ===
[in#0 @ 000001da865c6540] Error opening input: Invalid argument
Error opening input file .
Error opening input files: Invalid argument

=== START 2025-08-13T12:38:05.772869 | ch=33 ===
[in#0 @ 0000028963eb6540] Error opening input: Invalid argument
Error opening input file .
Error opening input files: Invalid argument

=== START 2025-08-13T12:38:11.100236 | ch=33 ===
[in#0 @ 00000284b1146540] Error opening input: Invalid argument
Error opening input file .
Error opening input files: Invalid argument

=== START 2025-08-13T12:38:16.432527 | ch=33 ===
[in#0 @ 000001e196296540] Error opening input: Invalid argument
Error opening input file .
Error opening input files: Invalid argument

=== START 2025-08-13T12:38:21.759846 | ch=33 ===
[in#0 @ 000001fdcc0d6540] Error opening input: Invalid argument
Error opening input file .
Error opening input files: Invalid argument

=== START 2025-08-13T12:38:27.103149 | ch=33 ===
[in#0 @ 000001f9d2136540] Error opening input: Invalid argument
Error opening input file .
Error opening input files: Invalid argument

=== START 2025-08-13T12:38:32.451178 | ch=33 ===
[in#0 @ 0000025515bf6540] Error opening input: Invalid argument
Error opening input file .
Error opening input files: Invalid argument

=== START 2025-08-13T12:38:37.796773 | ch=33 ===
[in#0 @ 0000020542056540] Error opening input: Invalid argument
Error opening input file .
Error opening input files: Invalid argument

=== START 2025-08-13T12:38:43.148558 | ch=33 ===
[in#0 @ 0000029366226540] Error opening input: Invalid argument
Error opening input file .
Error opening input files: Invalid argument

=== START 2025-08-13T12:38:48.494160 | ch=33 ===
[in#0 @ 0000024c66616540] Error opening input: Invalid argument
Error opening input file .
Error opening input files: Invalid argument

=== START 2025-08-13T12:38:53.837212 | ch=33 ===
[in#0 @ 00000161bebb6540] Error opening input: Invalid argument
Error opening input file .
Error opening input files: Invalid argument

=== START 2025-08-13T12:38:59.186194 | ch=33 ===
[in#0 @ 00000233475a6540] Error opening input: Invalid argument
Error opening input file .
Error opening input files: Invalid argument

=== START 2025-08-13T12:39:04.534002 | ch=33 ===
[in#0 @ 0000019dff2d6540] Error opening input: Invalid argument
Error opening input file .
Error opening input files: Invalid argument

=== START 2025-08-13T12:39:09.891066 | ch=33 ===
[in#0 @ 0000025d49306540] Error opening input: Invalid argument
Error opening input file .
Error opening input files: Invalid argument

=== START 2025-08-13T12:39:15.247274 | ch=33 ===
[in#0 @ 0000020403796540] Error opening input: Invalid argument
Error opening input file .
Error opening input files: Invalid argument

=== START 2025-08-13T12:39:20.589742 | ch=33 ===
[in#0 @ 0000021108416540] Error opening input: Invalid argument
Error opening input file .
Error opening input files: Invalid argument

=== START 2025-08-13T12:40:27.071000 | ch=33 ===
[in#0 @ 000001e4db4a6540] Error opening input: Invalid argument
Error opening input file .
Error opening input files: Invalid argument

=== START 2025-08-13T12:40:32.419208 | ch=33 ===
[in#0 @ 00000285ff576540] Error opening input: Invalid argument
Error opening input file .
Error opening input files: Invalid argument

=== START 2025-08-13T12:40:37.748403 | ch=33 ===
[in#0 @ 00000254e23c6540] Error opening input: Invalid argument
Error opening input file .
Error opening input files: Invalid argument

=== START 2025-08-13T12:40:43.071764 | ch=33 ===
[in#0 @ 000001dc2ffd6540] Error opening input: Invalid argument
Error opening input file .
Error opening input files: Invalid argument

=== START 2025-08-13T12:40:48.391322 | ch=33 ===
[in#0 @ 000001f99c366540] Error opening input: Invalid argument
Error opening input file .
Error opening input files: Invalid argument

=== START 2025-08-13T12:40:53.709317 | ch=33 ===
[in#0 @ 0000011eafdd6540] Error opening input: Invalid argument
Error opening input file .
Error opening input files: Invalid argument

=== START 2025-08-13T12:40:59.023776 | ch=33 ===
[in#0 @ 0000028a2da36540] Error opening input: Invalid argument
Error opening input file .
Error opening input files: Invalid argument

=== START 2025-08-13T12:41:04.340546 | ch=33 ===
[in#0 @ 000001b3d4196540] Error opening input: Invalid argument
Error opening input file .
Error opening input files: Invalid argument

=== START 2025-08-13T12:41:09.654143 | ch=33 ===
[in#0 @ 0000023676c96540] Error opening input: Invalid argument
Error opening input file .
Error opening input files: Invalid argument

=== START 2025-08-13T12:41:14.978565 | ch=33 ===
[in#0 @ 0000028bc63b6540] Error opening input: Invalid argument
Error opening input file .
Error opening input files: Invalid argument

=== START 2025-08-13T12:41:20.303795 | ch=33 ===
[in#0 @ 000002eaa5ba6540] Error opening input: Invalid argument
Error opening input file .
Error opening input files: Invalid argument

=== START 2025-08-13T12:41:25.626885 | ch=33 ===
[in#0 @ 000001745b876540] Error opening input: Invalid argument
Error opening input file .
Error opening input files: Invalid argument

=== START 2025-08-13T12:41:30.951203 | ch=33 ===
[in#0 @ 000001868e7a6540] Error opening input: Invalid argument
Error opening input file .
Error opening input files: Invalid argument

=== START 2025-08-13T12:41:36.280693 | ch=33 ===
[in#0 @ 000001eb0b006540] Error opening input: Invalid argument
Error opening input file .
Error opening input files: Invalid argument

=== START 2025-08-13T12:41:41.620001 | ch=33 ===
[in#0 @ 000001d8a4f06540] Error opening input: Invalid argument
Error opening input file .
Error opening input files: Invalid argument

=== START 2025-08-13T12:41:46.942500 | ch=33 ===
[in#0 @ 000001e963176540] Error opening input: Invalid argument
Error opening input file .
Error opening input files: Invalid argument

=== START 2025-08-13T12:41:52.258691 | ch=33 ===
[in#0 @ 000001fddb426540] Error opening input: Invalid argument
Error opening input file .
Error opening input files: Invalid argument

=== START 2025-08-13T12:41:57.577323 | ch=33 ===
[in#0 @ 000002208e946540] Error opening input: Invalid argument
Error opening input file .
Error opening input files: Invalid argument

=== START 2025-08-13T12:42:02.902687 | ch=33 ===
[in#0 @ 0000013de4946540] Error opening input: Invalid argument
Error opening input file .
Error opening input files: Invalid argument

=== START 2025-08-13T12:42:08.214198 | ch=33 ===
[in#0 @ 00000115b3396540] Error opening input: Invalid argument
Error opening input file .
Error opening input files: Invalid argument

=== START 2025-08-13T12:42:13.535662 | ch=33 ===
[in#0 @ 0000028da1496540] Error opening input: Invalid argument
Error opening input file .
Error opening input files: Invalid argument

=== START 2025-08-13T12:42:18.860843 | ch=33 ===
[in#0 @ 0000014791526540] Error opening input: Invalid argument
Error opening input file .
Error opening input files: Invalid argument

=== START 2025-08-13T12:42:24.187492 | ch=33 ===
[in#0 @ 000001b667846540] Error opening input: Invalid argument
Error opening input file .
Error opening input files: Invalid argument

=== START 2025-08-13T12:42:29.512500 | ch=33 ===
[in#0 @ 000001ccecc66540] Error opening input: Invalid argument
Error opening input file .
Error opening input files: Invalid argument

=== START 2025-08-13T12:42:34.838573 | ch=33 ===
[in#0 @ 0000015ef1096540] Error opening input: Invalid argument
Error opening input file .
Error opening input files: Invalid argument

=== START 2025-08-13T12:42:40.169159 | ch=33 ===
[in#0 @ 000002d045d96540] Error opening input: Invalid argument
Error opening input file .
Error opening input files: Invalid argument

=== START 2025-08-13T12:42:45.501847 | ch=33 ===
[in#0 @ 000001a17daf6540] Error opening input: Invalid argument
Error opening input file .
Error opening input files: Invalid argument

=== START 2025-08-13T12:42:50.822986 | ch=33 ===
[in#0 @ 00000204675d6540] Error opening input: Invalid argument
Error opening input file .
Error opening input files: Invalid argument

=== START 2025-08-13T12:42:56.138622 | ch=33 ===
[in#0 @ 000001f752d06540] Error opening input: Invalid argument
Error opening input file .
Error opening input files: Invalid argument

=== START 2025-08-13T12:43:01.453415 | ch=33 ===
[in#0 @ 0000027839b26540] Error opening input: Invalid argument
Error opening input file .
Error opening input files: Invalid argument

=== START 2025-08-13T12:43:06.772786 | ch=33 ===
[in#0 @ 0000023bd44d6540] Error opening input: Invalid argument
Error opening input file .
Error opening input files: Invalid argument

=== START 2025-08-13T12:43:12.106219 | ch=33 ===
[in#0 @ 000001c5cbee6540] Error opening input: Invalid argument
Error opening input file .
Error opening input files: Invalid argument

=== START 2025-08-13T12:43:17.432775 | ch=33 ===
[in#0 @ 00000197cb706540] Error opening input: Invalid argument
Error opening input file .
Error opening input files: Invalid argument

=== START 2025-08-13T12:43:22.744892 | ch=33 ===
[in#0 @ 0000016735436540] Error opening input: Invalid argument
Error opening input file .
Error opening input files: Invalid argument

=== START 2025-08-13T12:43:28.056986 | ch=33 ===
[in#0 @ 0000024b48256540] Error opening input: Invalid argument
Error opening input file .
Error opening input files: Invalid argument

=== START 2025-08-13T12:43:33.384404 | ch=33 ===
[in#0 @ 000001fc10fc6540] Error opening input: Invalid argument
Error opening input file .
Error opening input files: Invalid argument

=== START 2025-08-13T12:43:38.714376 | ch=33 ===
[in#0 @ 000002696a0c6540] Error opening input: Invalid argument
Error opening input file .
Error opening input files: Invalid argument

=== START 2025-08-13T12:43:44.044539 | ch=33 ===
[in#0 @ 00000241eba66540] Error opening input: Invalid argument
Error opening input file .
Error opening input files: Invalid argument

=== START 2025-08-13T12:43:49.371035 | ch=33 ===
[in#0 @ 0000014785c06540] Error opening input: Invalid argument
Error opening input file .
Error opening input files: Invalid argument

=== START 2025-08-13T12:43:54.695273 | ch=33 ===
[in#0 @ 000001dcbf226540] Error opening input: Invalid argument
Error opening input file .
Error opening input files: Invalid argument

=== START 2025-08-13T12:44:00.017696 | ch=33 ===
[in#0 @ 0000027daf596540] Error opening input: Invalid argument
Error opening input file .
Error opening input files: Invalid argument

=== START 2025-08-13T12:44:05.338014 | ch=33 ===
[in#0 @ 0000020ea5826540] Error opening input: Invalid argument
Error opening input file .
Error opening input files: Invalid argument

=== START 2025-08-13T12:44:10.662094 | ch=33 ===
[in#0 @ 000001a9b9926540] Error opening input: Invalid argument
Error opening input file .
Error opening input files: Invalid argument

=== START 2025-08-13T12:44:15.982932 | ch=33 ===
[in#0 @ 0000024853c26540] Error opening input: Invalid argument
Error opening input file .
Error opening input files: Invalid argument

=== START 2025-08-13T12:44:21.303049 | ch=33 ===
[in#0 @ 000001dd221c6540] Error opening input: Invalid argument
Error opening input file .
Error opening input files: Invalid argument

=== START 2025-08-13T12:44:26.630667 | ch=33 ===
[in#0 @ 000002d7c2d06540] Error opening input: Invalid argument
Error opening input file .
Error opening input files: Invalid argument

=== START 2025-08-13T12:44:31.948868 | ch=33 ===
[in#0 @ 000001ec54696540] Error opening input: Invalid argument
Error opening input file .
Error opening input files: Invalid argument

=== START 2025-08-13T12:44:37.259494 | ch=33 ===
[in#0 @ 00000220f58e6540] Error opening input: Invalid argument
Error opening input file .
Error opening input files: Invalid argument

=== START 2025-08-13T12:44:42.582484 | ch=33 ===
[in#0 @ 000001ca0cdc6540] Error opening input: Invalid argument
Error opening input file .
Error opening input files: Invalid argument

=== START 2025-08-13T12:44:47.679477 | ch=33 ===
[in#0 @ 000001eb61b16540] Error opening input: Invalid argument
Error opening input file .
Error opening input files: Invalid argument

=== START 2025-08-13T12:44:52.988631 | ch=33 ===
[in#0 @ 000001c2e31b6540] Error opening input: Invalid argument
Error opening input file .
Error opening input files: Invalid argument

=== START 2025-08-13T12:44:58.325391 | ch=33 ===
[in#0 @ 0000027ecfc76540] Error opening input: Invalid argument
Error opening input file .
Error opening input files: Invalid argument

=== START 2025-08-13T12:45:03.653513 | ch=33 ===
[in#0 @ 0000026d9ad06540] Error opening input: Invalid argument
Error opening input file .
Error opening input files: Invalid argument

=== START 2025-08-13T12:45:08.982067 | ch=33 ===
[in#0 @ 000002509fa36540] Error opening input: Invalid argument
Error opening input file .
Error opening input files: Invalid argument

=== START 2025-08-13T12:45:14.311806 | ch=33 ===
[in#0 @ 000001e174236540] Error opening input: Invalid argument
Error opening input file .
Error opening input files: Invalid argument

=== START 2025-08-13T12:45:19.659492 | ch=33 ===
[in#0 @ 00000208ed366540] Error opening input: Invalid argument
Error opening input file .
Error opening input files: Invalid argument

=== START 2025-08-13T12:45:24.992494 | ch=33 ===
[in#0 @ 00000275ef4f6540] Error opening input: Invalid argument
Error opening input file .
Error opening input files: Invalid argument

=== START 2025-08-13T12:45:30.321827 | ch=33 ===
[in#0 @ 0000029074846540] Error opening input: Invalid argument
Error opening input file .
Error opening input files: Invalid argument

=== START 2025-08-13T12:45:35.645501 | ch=33 ===
[in#0 @ 00000289c5536540] Error opening input: Invalid argument
Error opening input file .
Error opening input files: Invalid argument

=== START 2025-08-13T12:45:40.982602 | ch=33 ===
[in#0 @ 000001351ce86540] Error opening input: Invalid argument
Error opening input file .
Error opening input files: Invalid argument

=== START 2025-08-13T12:45:46.318216 | ch=33 ===
[in#0 @ 000001a03ac16540] Error opening input: Invalid argument
Error opening input file .
Error opening input files: Invalid argument

=== START 2025-08-13T12:45:51.655715 | ch=33 ===
[in#0 @ 000002f082816540] Error opening input: Invalid argument
Error opening input file .
Error opening input files: Invalid argument

=== START 2025-08-13T12:45:56.992922 | ch=33 ===
[in#0 @ 000001a7362f6540] Error opening input: Invalid argument
Error opening input file .
Error opening input files: Invalid argument

=== START 2025-08-13T12:46:02.326178 | ch=33 ===
[in#0 @ 0000011d4e6e6540] Error opening input: Invalid argument
Error opening input file .
Error opening input files: Invalid argument

=== START 2025-08-13T12:46:07.658656 | ch=33 ===
[in#0 @ 0000021a3bcf6540] Error opening input: Invalid argument
Error opening input file .
Error opening input files: Invalid argument

=== START 2025-08-13T12:46:13.010744 | ch=33 ===
[in#0 @ 000002360c426540] Error opening input: Invalid argument
Error opening input file .
Error opening input files: Invalid argument

=== START 2025-08-13T12:46:18.350729 | ch=33 ===
[in#0 @ 000001efb34c6540] Error opening input: Invalid argument
Error opening input file .
Error opening input files: Invalid argument

=== START 2025-08-13T12:46:23.685687 | ch=33 ===
[in#0 @ 0000023b3cd66540] Error opening input: Invalid argument
Error opening input file .
Error opening input files: Invalid argument

=== START 2025-08-13T12:46:29.011103 | ch=33 ===
[in#0 @ 000001f4e8e26540] Error opening input: Invalid argument
Error opening input file .
Error opening input files: Invalid argument

=== START 2025-08-13T12:46:34.332518 | ch=33 ===
[in#0 @ 0000025d9bce6540] Error opening input: Invalid argument
Error opening input file .
Error opening input files: Invalid argument

=== START 2025-08-13T12:46:39.669930 | ch=33 ===
[in#0 @ 00000283e6ba6540] Error opening input: Invalid argument
Error opening input file .
Error opening input files: Invalid argument

=== START 2025-08-13T12:46:45.006837 | ch=33 ===
[in#0 @ 00000221bce46540] Error opening input: Invalid argument
Error opening input file .
Error opening input files: Invalid argument

=== START 2025-08-13T12:46:50.343320 | ch=33 ===
[in#0 @ 000001a231c26540] Error opening input: Invalid argument
Error opening input file .
Error opening input files: Invalid argument

=== START 2025-08-13T12:46:55.688685 | ch=33 ===
[in#0 @ 00000245852e6540] Error opening input: Invalid argument
Error opening input file .
Error opening input files: Invalid argument

=== START 2025-08-13T12:47:01.012150 | ch=33 ===
[in#0 @ 000001f887066540] Error opening input: Invalid argument
Error opening input file .
Error opening input files: Invalid argument

=== START 2025-08-13T12:47:06.344609 | ch=33 ===
[in#0 @ 0000025c20316540] Error opening input: Invalid argument
Error opening input file .
Error opening input files: Invalid argument

=== START 2025-08-13T12:47:11.674751 | ch=33 ===
[in#0 @ 000001df25b96540] Error opening input: Invalid argument
Error opening input file .
Error opening input files: Invalid argument

=== START 2025-08-13T12:47:17.001580 | ch=33 ===
[in#0 @ 000001c8ab116540] Error opening input: Invalid argument
Error opening input file .
Error opening input files: Invalid argument

=== START 2025-08-13T12:47:22.330098 | ch=33 ===
[in#0 @ 0000026d13536540] Error opening input: Invalid argument
Error opening input file .
Error opening input files: Invalid argument

=== START 2025-08-13T12:47:27.658940 | ch=33 ===
[in#0 @ 000001fcc30b6540] Error opening input: Invalid argument
Error opening input file .
Error opening input files: Invalid argument

=== START 2025-08-13T12:47:32.989766 | ch=33 ===
[in#0 @ 0000017946386540] Error opening input: Invalid argument
Error opening input file .
Error opening input files: Invalid argument

=== START 2025-08-13T12:47:38.316156 | ch=33 ===
[in#0 @ 000001dc877c6540] Error opening input: Invalid argument
Error opening input file .
Error opening input files: Invalid argument

=== START 2025-08-13T12:47:43.641589 | ch=33 ===
[in#0 @ 000001483b916540] Error opening input: Invalid argument
Error opening input file .
Error opening input files: Invalid argument

=== START 2025-08-13T12:47:48.962006 | ch=33 ===
[in#0 @ 000001fbc4386540] Error opening input: Invalid argument
Error opening input file .
Error opening input files: Invalid argument

=== START 2025-08-13T12:47:54.287760 | ch=33 ===
[in#0 @ 0000027d916b6540] Error opening input: Invalid argument
Error opening input file .
Error opening input files: Invalid argument

=== START 2025-08-13T12:47:59.627105 | ch=33 ===
[in#0 @ 0000010befd06540] Error opening input: Invalid argument
Error opening input file .
Error opening input files: Invalid argument

=== START 2025-08-13T12:48:04.954941 | ch=33 ===
[in#0 @ 0000015739556540] Error opening input: Invalid argument
Error opening input file .
Error opening input files: Invalid argument

=== START 2025-08-13T12:48:10.286707 | ch=33 ===
[in#0 @ 0000020b3aa56540] Error opening input: Invalid argument
Error opening input file .
Error opening input files: Invalid argument

=== START 2025-08-13T12:48:15.620728 | ch=33 ===
[in#0 @ 0000027c745e6540] Error opening input: Invalid argument
Error opening input file .
Error opening input files: Invalid argument

=== START 2025-08-13T12:48:20.958081 | ch=33 ===
[in#0 @ 000002ae05fc6540] Error opening input: Invalid argument
Error opening input file .
Error opening input files: Invalid argument

=== START 2025-08-13T12:48:26.295019 | ch=33 ===
[in#0 @ 0000026ac3296540] Error opening input: Invalid argument
Error opening input file .
Error opening input files: Invalid argument

=== START 2025-08-13T12:48:31.623916 | ch=33 ===
[in#0 @ 0000022a9e0c6540] Error opening input: Invalid argument
Error opening input file .
Error opening input files: Invalid argument

=== START 2025-08-13T12:48:36.954729 | ch=33 ===
[in#0 @ 0000021017566540] Error opening input: Invalid argument
Error opening input file .
Error opening input files: Invalid argument

=== START 2025-08-13T12:48:42.290635 | ch=33 ===
[in#0 @ 0000022b7b426540] Error opening input: Invalid argument
Error opening input file .
Error opening input files: Invalid argument

=== START 2025-08-13T12:48:47.617937 | ch=33 ===
[in#0 @ 0000028c764a6540] Error opening input: Invalid argument
Error opening input file .
Error opening input files: Invalid argument

=== START 2025-08-13T12:48:52.955974 | ch=33 ===
[in#0 @ 0000017e54796540] Error opening input: Invalid argument
Error opening input file .
Error opening input files: Invalid argument

=== START 2025-08-13T12:48:58.272703 | ch=33 ===
[in#0 @ 00000212d9e76540] Error opening input: Invalid argument
Error opening input file .
Error opening input files: Invalid argument

=== START 2025-08-13T12:49:03.602852 | ch=33 ===
[in#0 @ 000001f0d39e6540] Error opening input: Invalid argument
Error opening input file .
Error opening input files: Invalid argument

=== START 2025-08-13T12:49:08.937337 | ch=33 ===
[in#0 @ 0000013023016540] Error opening input: Invalid argument
Error opening input file .
Error opening input files: Invalid argument

=== START 2025-08-13T12:49:14.277585 | ch=33 ===
[in#0 @ 00000260602a6540] Error opening input: Invalid argument
Error opening input file .
Error opening input files: Invalid argument

=== START 2025-08-13T12:49:19.610518 | ch=33 ===
[in#0 @ 0000024deae46540] Error opening input: Invalid argument
Error opening input file .
Error opening input files: Invalid argument

=== START 2025-08-13T12:49:24.942429 | ch=33 ===
[in#0 @ 0000020902956540] Error opening input: Invalid argument
Error opening input file .
Error opening input files: Invalid argument

=== START 2025-08-13T12:49:30.273243 | ch=33 ===
[in#0 @ 000001daaf2a6540] Error opening input: Invalid argument
Error opening input file .
Error opening input files: Invalid argument

=== START 2025-08-13T12:49:35.605159 | ch=33 ===
[in#0 @ 0000015db76d6540] Error opening input: Invalid argument
Error opening input file .
Error opening input files: Invalid argument

=== START 2025-08-13T12:49:40.939181 | ch=33 ===
[in#0 @ 0000021eb32b6540] Error opening input: Invalid argument
Error opening input file .
Error opening input files: Invalid argument

=== START 2025-08-13T12:49:46.274467 | ch=33 ===
[in#0 @ 0000022224726540] Error opening input: Invalid argument
Error opening input file .
Error opening input files: Invalid argument

=== START 2025-08-13T12:49:51.607111 | ch=33 ===
[in#0 @ 000001d9572c6540] Error opening input: Invalid argument
Error opening input file .
Error opening input files: Invalid argument

=== START 2025-08-13T12:49:56.942418 | ch=33 ===
[in#0 @ 000001700fc76540] Error opening input: Invalid argument
Error opening input file .
Error opening input files: Invalid argument

=== START 2025-08-13T12:50:02.269362 | ch=33 ===
[in#0 @ 0000024c90196540] Error opening input: Invalid argument
Error opening input file .
Error opening input files: Invalid argument

=== START 2025-08-13T12:50:07.594381 | ch=33 ===
[in#0 @ 00000196964a6540] Error opening input: Invalid argument
Error opening input file .
Error opening input files: Invalid argument

=== START 2025-08-13T12:50:12.923041 | ch=33 ===
[in#0 @ 0000022752246540] Error opening input: Invalid argument
Error opening input file .
Error opening input files: Invalid argument

=== START 2025-08-13T12:50:18.252084 | ch=33 ===
[in#0 @ 000001f83fd26540] Error opening input: Invalid argument
Error opening input file .
Error opening input files: Invalid argument

=== START 2025-08-13T12:50:23.587271 | ch=33 ===
[in#0 @ 000001e7f4626540] Error opening input: Invalid argument
Error opening input file .
Error opening input files: Invalid argument

=== START 2025-08-13T12:50:28.920034 | ch=33 ===
[in#0 @ 0000021a251c6540] Error opening input: Invalid argument
Error opening input file .
Error opening input files: Invalid argument

=== START 2025-08-13T12:50:34.255011 | ch=33 ===
[in#0 @ 0000024752516540] Error opening input: Invalid argument
Error opening input file .
Error opening input files: Invalid argument

=== START 2025-08-13T12:50:39.590768 | ch=33 ===
[in#0 @ 0000014e32dc6540] Error opening input: Invalid argument
Error opening input file .
Error opening input files: Invalid argument

=== START 2025-08-13T12:50:44.920724 | ch=33 ===
[in#0 @ 0000022c4e376540] Error opening input: Invalid argument
Error opening input file .
Error opening input files: Invalid argument

=== START 2025-08-13T12:50:50.256754 | ch=33 ===
[in#0 @ 0000017eb16d6540] Error opening input: Invalid argument
Error opening input file .
Error opening input files: Invalid argument

=== START 2025-08-13T12:50:55.592320 | ch=33 ===
[in#0 @ 000001d9f8cc6540] Error opening input: Invalid argument
Error opening input file .
Error opening input files: Invalid argument

=== START 2025-08-13T12:51:00.923104 | ch=33 ===
[in#0 @ 0000024399ea6540] Error opening input: Invalid argument
Error opening input file .
Error opening input files: Invalid argument

=== START 2025-08-13T12:51:06.251295 | ch=33 ===
[in#0 @ 00000206afcf6540] Error opening input: Invalid argument
Error opening input file .
Error opening input files: Invalid argument

=== START 2025-08-13T12:51:11.583930 | ch=33 ===
[in#0 @ 0000024fc61c6540] Error opening input: Invalid argument
Error opening input file .
Error opening input files: Invalid argument

=== START 2025-08-13T12:51:16.913506 | ch=33 ===
[in#0 @ 000002036e386540] Error opening input: Invalid argument
Error opening input file .
Error opening input files: Invalid argument

=== START 2025-08-13T12:51:22.251914 | ch=33 ===
[in#0 @ 0000019360a96540] Error opening input: Invalid argument
Error opening input file .
Error opening input files: Invalid argument

=== START 2025-08-13T12:51:27.599615 | ch=33 ===
[in#0 @ 000001df1f166540] Error opening input: Invalid argument
Error opening input file .
Error opening input files: Invalid argument

=== START 2025-08-13T12:51:32.926340 | ch=33 ===
[in#0 @ 000001c19da16540] Error opening input: Invalid argument
Error opening input file .
Error opening input files: Invalid argument

=== START 2025-08-13T12:51:38.250245 | ch=33 ===
[in#0 @ 000001fd29086540] Error opening input: Invalid argument
Error opening input file .
Error opening input files: Invalid argument

=== START 2025-08-13T12:51:43.580451 | ch=33 ===
[in#0 @ 0000021fe4b26540] Error opening input: Invalid argument
Error opening input file .
Error opening input files: Invalid argument

=== START 2025-08-13T12:51:48.913538 | ch=33 ===
[in#0 @ 000001d39f206540] Error opening input: Invalid argument
Error opening input file .
Error opening input files: Invalid argument
