
=== START 2025-08-13T12:17:03.994655 | ch=17 ===
[in#0 @ 0000018ff5e96540] Error opening input: Invalid argument
Error opening input file .
Error opening input files: Invalid argument

=== START 2025-08-13T12:17:09.382471 | ch=17 ===
[in#0 @ 00000195a3db6540] Error opening input: Invalid argument
Error opening input file .
Error opening input files: Invalid argument

=== START 2025-08-13T12:17:14.720793 | ch=17 ===
[in#0 @ 000001c3a8156540] Error opening input: Invalid argument
Error opening input file .
Error opening input files: Invalid argument

=== START 2025-08-13T12:17:20.059017 | ch=17 ===
[in#0 @ 000001e455916540] Error opening input: Invalid argument
Error opening input file .
Error opening input files: Invalid argument

=== START 2025-08-13T12:17:25.377996 | ch=17 ===
[in#0 @ 0000016cdff86540] Error opening input: Invalid argument
Error opening input file .
Error opening input files: Invalid argument

=== START 2025-08-13T12:17:30.705774 | ch=17 ===
[in#0 @ 0000021bfbb96540] Error opening input: Invalid argument
Error opening input file .
Error opening input files: Invalid argument

=== START 2025-08-13T12:17:36.033617 | ch=17 ===
[in#0 @ 0000012e91286540] Error opening input: Invalid argument
Error opening input file .
Error opening input files: Invalid argument

=== START 2025-08-13T12:17:41.358486 | ch=17 ===
[in#0 @ 00000131f8836540] Error opening input: Invalid argument
Error opening input file .
Error opening input files: Invalid argument

=== START 2025-08-13T12:17:46.734272 | ch=17 ===
[in#0 @ 0000023b27946540] Error opening input: Invalid argument
Error opening input file .
Error opening input files: Invalid argument

=== START 2025-08-13T12:17:52.080788 | ch=17 ===
[in#0 @ 000001bd010c6540] Error opening input: Invalid argument
Error opening input file .
Error opening input files: Invalid argument

=== START 2025-08-13T12:17:57.399218 | ch=17 ===
[in#0 @ 0000020ee9cb6540] Error opening input: Invalid argument
Error opening input file .
Error opening input files: Invalid argument

=== START 2025-08-13T12:18:02.731351 | ch=17 ===
[in#0 @ 000002b48caf6540] Error opening input: Invalid argument
Error opening input file .
Error opening input files: Invalid argument

=== START 2025-08-13T12:18:08.062911 | ch=17 ===
[in#0 @ 0000020c6ca16540] Error opening input: Invalid argument
Error opening input file .
Error opening input files: Invalid argument

=== START 2025-08-13T12:18:13.399843 | ch=17 ===
[in#0 @ 000001ecd9466540] Error opening input: Invalid argument
Error opening input file .
Error opening input files: Invalid argument

=== START 2025-08-13T12:18:18.718361 | ch=17 ===
[in#0 @ 000001d825d46540] Error opening input: Invalid argument
Error opening input file .
Error opening input files: Invalid argument

=== START 2025-08-13T12:18:24.049073 | ch=17 ===
[in#0 @ 0000019ec2016540] Error opening input: Invalid argument
Error opening input file .
Error opening input files: Invalid argument

=== START 2025-08-13T12:18:29.385479 | ch=17 ===
[in#0 @ 00000171a7ec6540] Error opening input: Invalid argument
Error opening input file .
Error opening input files: Invalid argument

=== START 2025-08-13T12:18:34.713255 | ch=17 ===
[in#0 @ 0000021e79e16540] Error opening input: Invalid argument
Error opening input file .
Error opening input files: Invalid argument

=== START 2025-08-13T12:18:40.039456 | ch=17 ===
[in#0 @ 0000021ae4c06540] Error opening input: Invalid argument
Error opening input file .
Error opening input files: Invalid argument

=== START 2025-08-13T12:18:45.370774 | ch=17 ===
[in#0 @ 0000018ae54e6540] Error opening input: Invalid argument
Error opening input file .
Error opening input files: Invalid argument

=== START 2025-08-13T12:18:50.689839 | ch=17 ===
[in#0 @ 000001dc3dad6540] Error opening input: Invalid argument
Error opening input file .
Error opening input files: Invalid argument

=== START 2025-08-13T12:18:56.017127 | ch=17 ===
[in#0 @ 00000252a2de6540] Error opening input: Invalid argument
Error opening input file .
Error opening input files: Invalid argument

=== START 2025-08-13T12:19:01.347206 | ch=17 ===
[in#0 @ 0000027e01fe6540] Error opening input: Invalid argument
Error opening input file .
Error opening input files: Invalid argument

=== START 2025-08-13T12:19:06.668561 | ch=17 ===
[in#0 @ 0000027443546540] Error opening input: Invalid argument
Error opening input file .
Error opening input files: Invalid argument

=== START 2025-08-13T12:19:11.992582 | ch=17 ===
[in#0 @ 0000014af4616540] Error opening input: Invalid argument
Error opening input file .
Error opening input files: Invalid argument

=== START 2025-08-13T12:19:17.320860 | ch=17 ===
[in#0 @ 0000020945866540] Error opening input: Invalid argument
Error opening input file .
Error opening input files: Invalid argument

=== START 2025-08-13T12:19:22.647315 | ch=17 ===
[in#0 @ 0000019dbd956540] Error opening input: Invalid argument
Error opening input file .
Error opening input files: Invalid argument

=== START 2025-08-13T12:19:27.968467 | ch=17 ===
[in#0 @ 0000017ee3316540] Error opening input: Invalid argument
Error opening input file .
Error opening input files: Invalid argument

=== START 2025-08-13T12:19:33.290455 | ch=17 ===
[in#0 @ 0000027a0ddd6540] Error opening input: Invalid argument
Error opening input file .
Error opening input files: Invalid argument

=== START 2025-08-13T12:19:38.608454 | ch=17 ===
[in#0 @ 000001fbd2606540] Error opening input: Invalid argument
Error opening input file .
Error opening input files: Invalid argument

=== START 2025-08-13T12:19:43.925080 | ch=17 ===
[in#0 @ 000001e03da96540] Error opening input: Invalid argument
Error opening input file .
Error opening input files: Invalid argument

=== START 2025-08-13T12:19:49.250227 | ch=17 ===
[in#0 @ 0000027cabdc6540] Error opening input: Invalid argument
Error opening input file .
Error opening input files: Invalid argument

=== START 2025-08-13T12:19:54.572824 | ch=17 ===
[in#0 @ 0000021c4b7e6540] Error opening input: Invalid argument
Error opening input file .
Error opening input files: Invalid argument

=== START 2025-08-13T12:19:59.897473 | ch=17 ===
[in#0 @ 000001d1ef7b6540] Error opening input: Invalid argument
Error opening input file .
Error opening input files: Invalid argument

=== START 2025-08-13T12:20:05.235001 | ch=17 ===
[in#0 @ 0000027cb2086540] Error opening input: Invalid argument
Error opening input file .
Error opening input files: Invalid argument

=== START 2025-08-13T12:20:10.563377 | ch=17 ===
[in#0 @ 000002237f376540] Error opening input: Invalid argument
Error opening input file .
Error opening input files: Invalid argument

=== START 2025-08-13T12:20:15.887860 | ch=17 ===
[in#0 @ 0000027b6fe36540] Error opening input: Invalid argument
Error opening input file .
Error opening input files: Invalid argument

=== START 2025-08-13T12:20:21.232353 | ch=17 ===
[in#0 @ 000001dcf8406540] Error opening input: Invalid argument
Error opening input file .
Error opening input files: Invalid argument

=== START 2025-08-13T12:20:26.569019 | ch=17 ===
[in#0 @ 0000022b015f6540] Error opening input: Invalid argument
Error opening input file .
Error opening input files: Invalid argument

=== START 2025-08-13T12:20:31.897546 | ch=17 ===
[in#0 @ 000001e3f9716540] Error opening input: Invalid argument
Error opening input file .
Error opening input files: Invalid argument

=== START 2025-08-13T12:20:37.226724 | ch=17 ===
[in#0 @ 0000028424666540] Error opening input: Invalid argument
Error opening input file .
Error opening input files: Invalid argument

=== START 2025-08-13T12:20:42.572620 | ch=17 ===
[in#0 @ 000001ae6abd6540] Error opening input: Invalid argument
Error opening input file .
Error opening input files: Invalid argument

=== START 2025-08-13T12:20:47.902609 | ch=17 ===
[in#0 @ 00000178f90f6540] Error opening input: Invalid argument
Error opening input file .
Error opening input files: Invalid argument

=== START 2025-08-13T12:20:53.232889 | ch=17 ===
[in#0 @ 00000171fb896540] Error opening input: Invalid argument
Error opening input file .
Error opening input files: Invalid argument

=== START 2025-08-13T12:20:58.571385 | ch=17 ===
[in#0 @ 0000020854516540] Error opening input: Invalid argument
Error opening input file .
Error opening input files: Invalid argument

=== START 2025-08-13T12:21:03.899608 | ch=17 ===
[in#0 @ 0000014301a86540] Error opening input: Invalid argument
Error opening input file .
Error opening input files: Invalid argument

=== START 2025-08-13T12:21:09.226335 | ch=17 ===
[in#0 @ 000001a248ee6540] Error opening input: Invalid argument
Error opening input file .
Error opening input files: Invalid argument

=== START 2025-08-13T12:21:14.556329 | ch=17 ===
[in#0 @ 000001ed2fcd6540] Error opening input: Invalid argument
Error opening input file .
Error opening input files: Invalid argument

=== START 2025-08-13T12:21:19.889763 | ch=17 ===
[in#0 @ 0000026f520c6540] Error opening input: Invalid argument
Error opening input file .
Error opening input files: Invalid argument

=== START 2025-08-13T12:21:25.236603 | ch=17 ===
[in#0 @ 0000020d3b356540] Error opening input: Invalid argument
Error opening input file .
Error opening input files: Invalid argument

=== START 2025-08-13T12:21:30.566642 | ch=17 ===
[in#0 @ 000001d7935a6540] Error opening input: Invalid argument
Error opening input file .
Error opening input files: Invalid argument

=== START 2025-08-13T12:21:35.894514 | ch=17 ===
[in#0 @ 0000020e379a6540] Error opening input: Invalid argument
Error opening input file .
Error opening input files: Invalid argument

=== START 2025-08-13T12:21:41.220789 | ch=17 ===
[in#0 @ 000001b3ecd96540] Error opening input: Invalid argument
Error opening input file .
Error opening input files: Invalid argument

=== START 2025-08-13T12:21:46.556198 | ch=17 ===
[in#0 @ 000001d77d686540] Error opening input: Invalid argument
Error opening input file .
Error opening input files: Invalid argument

=== START 2025-08-13T12:21:51.892624 | ch=17 ===
[in#0 @ 000002a27f596540] Error opening input: Invalid argument
Error opening input file .
Error opening input files: Invalid argument

=== START 2025-08-13T12:21:57.227663 | ch=17 ===
[in#0 @ 000001bca1e46540] Error opening input: Invalid argument
Error opening input file .
Error opening input files: Invalid argument

=== START 2025-08-13T12:22:02.562434 | ch=17 ===
[in#0 @ 0000027bd2de6540] Error opening input: Invalid argument
Error opening input file .
Error opening input files: Invalid argument

=== START 2025-08-13T12:22:07.886160 | ch=17 ===
[in#0 @ 000001e253d36540] Error opening input: Invalid argument
Error opening input file .
Error opening input files: Invalid argument

=== START 2025-08-13T12:22:13.213571 | ch=17 ===
[in#0 @ 00000295f7e46540] Error opening input: Invalid argument
Error opening input file .
Error opening input files: Invalid argument

=== START 2025-08-13T12:22:18.544642 | ch=17 ===
[in#0 @ 000001d9c91e6540] Error opening input: Invalid argument
Error opening input file .
Error opening input files: Invalid argument

=== START 2025-08-13T12:22:23.876855 | ch=17 ===
[in#0 @ 000001ec78bf6540] Error opening input: Invalid argument
Error opening input file .
Error opening input files: Invalid argument

=== START 2025-08-13T12:22:29.195137 | ch=17 ===
[in#0 @ 000002682a426540] Error opening input: Invalid argument
Error opening input file .
Error opening input files: Invalid argument

=== START 2025-08-13T12:22:34.521404 | ch=17 ===
[in#0 @ 000001bdfddf6540] Error opening input: Invalid argument
Error opening input file .
Error opening input files: Invalid argument

=== START 2025-08-13T12:22:39.852858 | ch=17 ===
[in#0 @ 0000018e70ff6540] Error opening input: Invalid argument
Error opening input file .
Error opening input files: Invalid argument

=== START 2025-08-13T12:22:45.180569 | ch=17 ===
[in#0 @ 0000028cacbf6540] Error opening input: Invalid argument
Error opening input file .
Error opening input files: Invalid argument

=== START 2025-08-13T12:22:50.502120 | ch=17 ===
[in#0 @ 000001da6c026540] Error opening input: Invalid argument
Error opening input file .
Error opening input files: Invalid argument

=== START 2025-08-13T12:22:55.838672 | ch=17 ===
[in#0 @ 000002a9ab3d6540] Error opening input: Invalid argument
Error opening input file .
Error opening input files: Invalid argument

=== START 2025-08-13T12:23:01.184316 | ch=17 ===
[in#0 @ 000001e4b6646540] Error opening input: Invalid argument
Error opening input file .
Error opening input files: Invalid argument

=== START 2025-08-13T12:23:06.515762 | ch=17 ===
[in#0 @ 0000027602016540] Error opening input: Invalid argument
Error opening input file .
Error opening input files: Invalid argument

=== START 2025-08-13T12:23:11.848850 | ch=17 ===
[in#0 @ 00000295152d6540] Error opening input: Invalid argument
Error opening input file .
Error opening input files: Invalid argument

=== START 2025-08-13T12:23:17.175203 | ch=17 ===
[in#0 @ 0000018d06bc6540] Error opening input: Invalid argument
Error opening input file .
Error opening input files: Invalid argument

=== START 2025-08-13T12:23:22.509551 | ch=17 ===
[in#0 @ 000002ca99c66540] Error opening input: Invalid argument
Error opening input file .
Error opening input files: Invalid argument

=== START 2025-08-13T12:23:27.838233 | ch=17 ===
[in#0 @ 0000023e872c6540] Error opening input: Invalid argument
Error opening input file .
Error opening input files: Invalid argument

=== START 2025-08-13T12:23:33.167227 | ch=17 ===
[in#0 @ 000001e6c0b46540] Error opening input: Invalid argument
Error opening input file .
Error opening input files: Invalid argument

=== START 2025-08-13T12:23:38.498249 | ch=17 ===
[in#0 @ 000002afecb46540] Error opening input: Invalid argument
Error opening input file .
Error opening input files: Invalid argument

=== START 2025-08-13T12:23:43.826528 | ch=17 ===
[in#0 @ 0000021965d66540] Error opening input: Invalid argument
Error opening input file .
Error opening input files: Invalid argument

=== START 2025-08-13T12:23:49.157185 | ch=17 ===
[in#0 @ 000001f007796540] Error opening input: Invalid argument
Error opening input file .
Error opening input files: Invalid argument

=== START 2025-08-13T12:23:54.495755 | ch=17 ===
[in#0 @ 0000020fcec36540] Error opening input: Invalid argument
Error opening input file .
Error opening input files: Invalid argument

=== START 2025-08-13T12:23:59.831922 | ch=17 ===
[in#0 @ 000001cefed86540] Error opening input: Invalid argument
Error opening input file .
Error opening input files: Invalid argument

=== START 2025-08-13T12:24:05.160512 | ch=17 ===
[in#0 @ 000002c5293b6540] Error opening input: Invalid argument
Error opening input file .
Error opening input files: Invalid argument

=== START 2025-08-13T12:24:10.495213 | ch=17 ===
[in#0 @ 0000018fd6106540] Error opening input: Invalid argument
Error opening input file .
Error opening input files: Invalid argument

=== START 2025-08-13T12:24:15.832604 | ch=17 ===
[in#0 @ 0000027499db6540] Error opening input: Invalid argument
Error opening input file .
Error opening input files: Invalid argument

=== START 2025-08-13T12:24:21.157377 | ch=17 ===
[in#0 @ 0000024631516540] Error opening input: Invalid argument
Error opening input file .
Error opening input files: Invalid argument

=== START 2025-08-13T12:24:26.478075 | ch=17 ===
[in#0 @ 00000243b1c96540] Error opening input: Invalid argument
Error opening input file .
Error opening input files: Invalid argument

=== START 2025-08-13T12:24:31.808044 | ch=17 ===
[in#0 @ 000001d6a4f36540] Error opening input: Invalid argument
Error opening input file .
Error opening input files: Invalid argument

=== START 2025-08-13T12:24:37.148779 | ch=17 ===
[in#0 @ 000001d617ad6540] Error opening input: Invalid argument
Error opening input file .
Error opening input files: Invalid argument

=== START 2025-08-13T12:24:42.475469 | ch=17 ===
[in#0 @ 000001badbf06540] Error opening input: Invalid argument
Error opening input file .
Error opening input files: Invalid argument

=== START 2025-08-13T12:24:47.807103 | ch=17 ===
[in#0 @ 000002221c6a6540] Error opening input: Invalid argument
Error opening input file .
Error opening input files: Invalid argument

=== START 2025-08-13T12:24:53.134776 | ch=17 ===
[in#0 @ 00000144ffe86540] Error opening input: Invalid argument
Error opening input file .
Error opening input files: Invalid argument

=== START 2025-08-13T12:24:58.469871 | ch=17 ===
[in#0 @ 000001ec28ca6540] Error opening input: Invalid argument
Error opening input file .
Error opening input files: Invalid argument

=== START 2025-08-13T12:25:03.795045 | ch=17 ===
[in#0 @ 0000020a33566540] Error opening input: Invalid argument
Error opening input file .
Error opening input files: Invalid argument

=== START 2025-08-13T12:25:09.132390 | ch=17 ===
[in#0 @ 00000113c81a6540] Error opening input: Invalid argument
Error opening input file .
Error opening input files: Invalid argument

=== START 2025-08-13T12:25:14.459576 | ch=17 ===
[in#0 @ 000001aa041c6540] Error opening input: Invalid argument
Error opening input file .
Error opening input files: Invalid argument

=== START 2025-08-13T12:25:19.777673 | ch=17 ===
[in#0 @ 000002c363c26540] Error opening input: Invalid argument
Error opening input file .
Error opening input files: Invalid argument

=== START 2025-08-13T12:25:25.120198 | ch=17 ===
[in#0 @ 000002116f8e6540] Error opening input: Invalid argument
Error opening input file .
Error opening input files: Invalid argument

=== START 2025-08-13T12:25:30.454449 | ch=17 ===
[in#0 @ 000002531fb36540] Error opening input: Invalid argument
Error opening input file .
Error opening input files: Invalid argument

=== START 2025-08-13T12:25:35.785790 | ch=17 ===
[in#0 @ 000001b680456540] Error opening input: Invalid argument
Error opening input file .
Error opening input files: Invalid argument

=== START 2025-08-13T12:25:41.107871 | ch=17 ===
[in#0 @ 000002a48dc66540] Error opening input: Invalid argument
Error opening input file .
Error opening input files: Invalid argument

=== START 2025-08-13T12:25:46.431147 | ch=17 ===
[in#0 @ 000002475ba56540] Error opening input: Invalid argument
Error opening input file .
Error opening input files: Invalid argument

=== START 2025-08-13T12:25:51.767470 | ch=17 ===
[in#0 @ 00000281aa6a6540] Error opening input: Invalid argument
Error opening input file .
Error opening input files: Invalid argument

=== START 2025-08-13T12:25:57.094644 | ch=17 ===
[in#0 @ 00000187df726540] Error opening input: Invalid argument
Error opening input file .
Error opening input files: Invalid argument

=== START 2025-08-13T12:26:02.427643 | ch=17 ===
[in#0 @ 000002b512176540] Error opening input: Invalid argument
Error opening input file .
Error opening input files: Invalid argument

=== START 2025-08-13T12:26:07.749390 | ch=17 ===
[in#0 @ 000002a925006540] Error opening input: Invalid argument
Error opening input file .
Error opening input files: Invalid argument

=== START 2025-08-13T12:26:13.072814 | ch=17 ===
[in#0 @ 000001c521b36540] Error opening input: Invalid argument
Error opening input file .
Error opening input files: Invalid argument

=== START 2025-08-13T12:26:18.404937 | ch=17 ===
[in#0 @ 0000023db8b66540] Error opening input: Invalid argument
Error opening input file .
Error opening input files: Invalid argument

=== START 2025-08-13T12:26:23.732708 | ch=17 ===
[in#0 @ 00000280fe406540] Error opening input: Invalid argument
Error opening input file .
Error opening input files: Invalid argument

=== START 2025-08-13T12:26:29.059699 | ch=17 ===
[in#0 @ 00000271b3d26540] Error opening input: Invalid argument
Error opening input file .
Error opening input files: Invalid argument

=== START 2025-08-13T12:26:34.395447 | ch=17 ===
[in#0 @ 000001aea89a6540] Error opening input: Invalid argument
Error opening input file .
Error opening input files: Invalid argument

=== START 2025-08-13T12:26:39.727530 | ch=17 ===
[in#0 @ 000002713d966540] Error opening input: Invalid argument
Error opening input file .
Error opening input files: Invalid argument

=== START 2025-08-13T12:26:45.059477 | ch=17 ===
[in#0 @ 000001b7b74e6540] Error opening input: Invalid argument
Error opening input file .
Error opening input files: Invalid argument

=== START 2025-08-13T12:26:50.383328 | ch=17 ===
[in#0 @ 000001c2b1cc6540] Error opening input: Invalid argument
Error opening input file .
Error opening input files: Invalid argument

=== START 2025-08-13T12:26:55.717884 | ch=17 ===
[in#0 @ 0000023cbe796540] Error opening input: Invalid argument
Error opening input file .
Error opening input files: Invalid argument

=== START 2025-08-13T12:27:01.078161 | ch=17 ===
[in#0 @ 0000019922006540] Error opening input: Invalid argument
Error opening input file .
Error opening input files: Invalid argument

=== START 2025-08-13T12:27:06.399605 | ch=17 ===
[in#0 @ 0000023845cd6540] Error opening input: Invalid argument
Error opening input file .
Error opening input files: Invalid argument

=== START 2025-08-13T12:27:11.727989 | ch=17 ===
[in#0 @ 0000018112b66540] Error opening input: Invalid argument
Error opening input file .
Error opening input files: Invalid argument

=== START 2025-08-13T12:27:17.054755 | ch=17 ===
[in#0 @ 0000028fd9716540] Error opening input: Invalid argument
Error opening input file .
Error opening input files: Invalid argument

=== START 2025-08-13T12:27:22.384270 | ch=17 ===
[in#0 @ 000002195a486540] Error opening input: Invalid argument
Error opening input file .
Error opening input files: Invalid argument

=== START 2025-08-13T12:27:27.724254 | ch=17 ===
[in#0 @ 000002685d326540] Error opening input: Invalid argument
Error opening input file .
Error opening input files: Invalid argument

=== START 2025-08-13T12:37:01.725295 | ch=17 ===
[in#0 @ 0000025ac1016540] Error opening input: Invalid argument
Error opening input file .
Error opening input files: Invalid argument

=== START 2025-08-13T12:37:07.061624 | ch=17 ===
[in#0 @ 000002065a666540] Error opening input: Invalid argument
Error opening input file .
Error opening input files: Invalid argument

=== START 2025-08-13T12:37:12.395056 | ch=17 ===
[in#0 @ 000002a0e6106540] Error opening input: Invalid argument
Error opening input file .
Error opening input files: Invalid argument

=== START 2025-08-13T12:37:17.717026 | ch=17 ===
[in#0 @ 00000244b9366540] Error opening input: Invalid argument
Error opening input file .
Error opening input files: Invalid argument

=== START 2025-08-13T12:37:23.046127 | ch=17 ===
[in#0 @ 000001cc5cb46540] Error opening input: Invalid argument
Error opening input file .
Error opening input files: Invalid argument

=== START 2025-08-13T12:37:28.396369 | ch=17 ===
[in#0 @ 00000206d66e6540] Error opening input: Invalid argument
Error opening input file .
Error opening input files: Invalid argument

=== START 2025-08-13T12:37:33.719416 | ch=17 ===
[in#0 @ 0000019b26b66540] Error opening input: Invalid argument
Error opening input file .
Error opening input files: Invalid argument

=== START 2025-08-13T12:37:39.093639 | ch=17 ===
[in#0 @ 000002c9dc706540] Error opening input: Invalid argument
Error opening input file .
Error opening input files: Invalid argument

=== START 2025-08-13T12:37:44.403087 | ch=17 ===
[in#0 @ 00000265ffb26540] Error opening input: Invalid argument
Error opening input file .
Error opening input files: Invalid argument

=== START 2025-08-13T12:37:49.738113 | ch=17 ===
[in#0 @ 000002f8598a6540] Error opening input: Invalid argument
Error opening input file .
Error opening input files: Invalid argument

=== START 2025-08-13T12:37:55.076214 | ch=17 ===
[in#0 @ 0000012dbf956540] Error opening input: Invalid argument
Error opening input file .
Error opening input files: Invalid argument

=== START 2025-08-13T12:38:00.412493 | ch=17 ===
[in#0 @ 0000019401bd6540] Error opening input: Invalid argument
Error opening input file .
Error opening input files: Invalid argument

=== START 2025-08-13T12:38:05.742296 | ch=17 ===
[in#0 @ 000001bd597a6540] Error opening input: Invalid argument
Error opening input file .
Error opening input files: Invalid argument

=== START 2025-08-13T12:38:11.066445 | ch=17 ===
[in#0 @ 00000198a81a6540] Error opening input: Invalid argument
Error opening input file .
Error opening input files: Invalid argument

=== START 2025-08-13T12:38:16.400489 | ch=17 ===
[in#0 @ 0000026173366540] Error opening input: Invalid argument
Error opening input file .
Error opening input files: Invalid argument

=== START 2025-08-13T12:38:21.729937 | ch=17 ===
[in#0 @ 0000021392436540] Error opening input: Invalid argument
Error opening input file .
Error opening input files: Invalid argument

=== START 2025-08-13T12:38:27.069566 | ch=17 ===
[in#0 @ 0000021e865e6540] Error opening input: Invalid argument
Error opening input file .
Error opening input files: Invalid argument

=== START 2025-08-13T12:38:32.417938 | ch=17 ===
[in#0 @ 0000020d95f26540] Error opening input: Invalid argument
Error opening input file .
Error opening input files: Invalid argument

=== START 2025-08-13T12:38:37.765933 | ch=17 ===
[in#0 @ 000001f008b16540] Error opening input: Invalid argument
Error opening input file .
Error opening input files: Invalid argument

=== START 2025-08-13T12:38:43.114999 | ch=17 ===
[in#0 @ 0000029f69236540] Error opening input: Invalid argument
Error opening input file .
Error opening input files: Invalid argument

=== START 2025-08-13T12:38:48.462193 | ch=17 ===
[in#0 @ 00000296bfb66540] Error opening input: Invalid argument
Error opening input file .
Error opening input files: Invalid argument

=== START 2025-08-13T12:38:53.804441 | ch=17 ===
[in#0 @ 000001f207e76540] Error opening input: Invalid argument
Error opening input file .
Error opening input files: Invalid argument

=== START 2025-08-13T12:38:59.155556 | ch=17 ===
[in#0 @ 000002b8c1466540] Error opening input: Invalid argument
Error opening input file .
Error opening input files: Invalid argument

=== START 2025-08-13T12:39:04.501383 | ch=17 ===
[in#0 @ 0000021d4f5c6540] Error opening input: Invalid argument
Error opening input file .
Error opening input files: Invalid argument

=== START 2025-08-13T12:39:09.857154 | ch=17 ===
[in#0 @ 000001da5e0b6540] Error opening input: Invalid argument
Error opening input file .
Error opening input files: Invalid argument

=== START 2025-08-13T12:39:15.217493 | ch=17 ===
[in#0 @ 00000285dc886540] Error opening input: Invalid argument
Error opening input file .
Error opening input files: Invalid argument

=== START 2025-08-13T12:39:20.557414 | ch=17 ===
[in#0 @ 000001eabc616540] Error opening input: Invalid argument
Error opening input file .
Error opening input files: Invalid argument

=== START 2025-08-13T12:40:27.022994 | ch=17 ===
[in#0 @ 0000026f0b706540] Error opening input: Invalid argument
Error opening input file .
Error opening input files: Invalid argument

=== START 2025-08-13T12:40:32.386557 | ch=17 ===
[in#0 @ 00000212784e6540] Error opening input: Invalid argument
Error opening input file .
Error opening input files: Invalid argument

=== START 2025-08-13T12:40:37.714878 | ch=17 ===
[in#0 @ 000001f061c36540] Error opening input: Invalid argument
Error opening input file .
Error opening input files: Invalid argument

=== START 2025-08-13T12:40:43.037499 | ch=17 ===
[in#0 @ 000001d1d9cd6540] Error opening input: Invalid argument
Error opening input file .
Error opening input files: Invalid argument

=== START 2025-08-13T12:40:48.356591 | ch=17 ===
[in#0 @ 0000029005bb6540] Error opening input: Invalid argument
Error opening input file .
Error opening input files: Invalid argument

=== START 2025-08-13T12:40:53.676419 | ch=17 ===
[in#0 @ 000001a590f76540] Error opening input: Invalid argument
Error opening input file .
Error opening input files: Invalid argument

=== START 2025-08-13T12:40:58.990254 | ch=17 ===
[in#0 @ 00000295ba916540] Error opening input: Invalid argument
Error opening input file .
Error opening input files: Invalid argument

=== START 2025-08-13T12:41:04.307660 | ch=17 ===
[in#0 @ 000001c80d536540] Error opening input: Invalid argument
Error opening input file .
Error opening input files: Invalid argument

=== START 2025-08-13T12:41:09.621419 | ch=17 ===
[in#0 @ 0000028c08ab6540] Error opening input: Invalid argument
Error opening input file .
Error opening input files: Invalid argument

=== START 2025-08-13T12:41:14.945323 | ch=17 ===
[in#0 @ 000002a0c8656540] Error opening input: Invalid argument
Error opening input file .
Error opening input files: Invalid argument

=== START 2025-08-13T12:41:20.273030 | ch=17 ===
[in#0 @ 0000018048626540] Error opening input: Invalid argument
Error opening input file .
Error opening input files: Invalid argument

=== START 2025-08-13T12:41:25.593505 | ch=17 ===
[in#0 @ 000001b5aa346540] Error opening input: Invalid argument
Error opening input file .
Error opening input files: Invalid argument

=== START 2025-08-13T12:41:30.920558 | ch=17 ===
[in#0 @ 0000017553a46540] Error opening input: Invalid argument
Error opening input file .
Error opening input files: Invalid argument

=== START 2025-08-13T12:41:36.246631 | ch=17 ===
[in#0 @ 00000187f33c6540] Error opening input: Invalid argument
Error opening input file .
Error opening input files: Invalid argument

=== START 2025-08-13T12:41:41.588573 | ch=17 ===
[in#0 @ 000001e44b4b6540] Error opening input: Invalid argument
Error opening input file .
Error opening input files: Invalid argument

=== START 2025-08-13T12:41:46.908385 | ch=17 ===
[in#0 @ 0000021d9f326540] Error opening input: Invalid argument
Error opening input file .
Error opening input files: Invalid argument

=== START 2025-08-13T12:41:52.225863 | ch=17 ===
[in#0 @ 0000018d3fc76540] Error opening input: Invalid argument
Error opening input file .
Error opening input files: Invalid argument

=== START 2025-08-13T12:41:57.544883 | ch=17 ===
[in#0 @ 000001251e996540] Error opening input: Invalid argument
Error opening input file .
Error opening input files: Invalid argument

=== START 2025-08-13T12:42:02.869191 | ch=17 ===
[in#0 @ 00000294369b6540] Error opening input: Invalid argument
Error opening input file .
Error opening input files: Invalid argument

=== START 2025-08-13T12:42:08.181570 | ch=17 ===
[in#0 @ 000002206b0e6540] Error opening input: Invalid argument
Error opening input file .
Error opening input files: Invalid argument

=== START 2025-08-13T12:42:13.500890 | ch=17 ===
[in#0 @ 0000016ff2946540] Error opening input: Invalid argument
Error opening input file .
Error opening input files: Invalid argument

=== START 2025-08-13T12:42:18.828082 | ch=17 ===
[in#0 @ 00000298f5326540] Error opening input: Invalid argument
Error opening input file .
Error opening input files: Invalid argument

=== START 2025-08-13T12:42:24.155588 | ch=17 ===
[in#0 @ 00000186043d6540] Error opening input: Invalid argument
Error opening input file .
Error opening input files: Invalid argument

=== START 2025-08-13T12:42:29.479993 | ch=17 ===
[in#0 @ 0000019f19936540] Error opening input: Invalid argument
Error opening input file .
Error opening input files: Invalid argument

=== START 2025-08-13T12:42:34.806202 | ch=17 ===
[in#0 @ 00000211d18b6540] Error opening input: Invalid argument
Error opening input file .
Error opening input files: Invalid argument

=== START 2025-08-13T12:42:40.136381 | ch=17 ===
[in#0 @ 0000025e4e7a6540] Error opening input: Invalid argument
Error opening input file .
Error opening input files: Invalid argument

=== START 2025-08-13T12:42:45.468751 | ch=17 ===
[in#0 @ 000001991afb6540] Error opening input: Invalid argument
Error opening input file .
Error opening input files: Invalid argument

=== START 2025-08-13T12:42:50.792412 | ch=17 ===
[in#0 @ 000001bd60466540] Error opening input: Invalid argument
Error opening input file .
Error opening input files: Invalid argument

=== START 2025-08-13T12:42:56.106516 | ch=17 ===
[in#0 @ 000001e679786540] Error opening input: Invalid argument
Error opening input file .
Error opening input files: Invalid argument

=== START 2025-08-13T12:43:01.420236 | ch=17 ===
[in#0 @ 00000218b0e36540] Error opening input: Invalid argument
Error opening input file .
Error opening input files: Invalid argument

=== START 2025-08-13T12:43:06.741527 | ch=17 ===
[in#0 @ 0000017e81dc6540] Error opening input: Invalid argument
Error opening input file .
Error opening input files: Invalid argument

=== START 2025-08-13T12:43:12.065381 | ch=17 ===
[in#0 @ 00000274b0326540] Error opening input: Invalid argument
Error opening input file .
Error opening input files: Invalid argument

=== START 2025-08-13T12:43:17.400944 | ch=17 ===
[in#0 @ 00000231753b6540] Error opening input: Invalid argument
Error opening input file .
Error opening input files: Invalid argument

=== START 2025-08-13T12:43:22.711967 | ch=17 ===
[in#0 @ 0000022656b56540] Error opening input: Invalid argument
Error opening input file .
Error opening input files: Invalid argument

=== START 2025-08-13T12:43:28.024571 | ch=17 ===
[in#0 @ 00000170621a6540] Error opening input: Invalid argument
Error opening input file .
Error opening input files: Invalid argument

=== START 2025-08-13T12:43:33.351209 | ch=17 ===
[in#0 @ 00000296e0cf6540] Error opening input: Invalid argument
Error opening input file .
Error opening input files: Invalid argument

=== START 2025-08-13T12:43:38.683701 | ch=17 ===
[in#0 @ 0000014cdd6a6540] Error opening input: Invalid argument
Error opening input file .
Error opening input files: Invalid argument

=== START 2025-08-13T12:43:44.013312 | ch=17 ===
[in#0 @ 0000020d144c6540] Error opening input: Invalid argument
Error opening input file .
Error opening input files: Invalid argument

=== START 2025-08-13T12:43:49.336533 | ch=17 ===
[in#0 @ 0000026f61ba6540] Error opening input: Invalid argument
Error opening input file .
Error opening input files: Invalid argument

=== START 2025-08-13T12:43:54.661809 | ch=17 ===
[in#0 @ 000001a1e8596540] Error opening input: Invalid argument
Error opening input file .
Error opening input files: Invalid argument

=== START 2025-08-13T12:43:59.985578 | ch=17 ===
[in#0 @ 0000024b5bee6540] Error opening input: Invalid argument
Error opening input file .
Error opening input files: Invalid argument

=== START 2025-08-13T12:44:05.307956 | ch=17 ===
[in#0 @ 00000209f0d96540] Error opening input: Invalid argument
Error opening input file .
Error opening input files: Invalid argument

=== START 2025-08-13T12:44:10.630342 | ch=17 ===
[in#0 @ 000001e912356540] Error opening input: Invalid argument
Error opening input file .
Error opening input files: Invalid argument

=== START 2025-08-13T12:44:15.950055 | ch=17 ===
[in#0 @ 00000233eba36540] Error opening input: Invalid argument
Error opening input file .
Error opening input files: Invalid argument

=== START 2025-08-13T12:44:21.270026 | ch=17 ===
[in#0 @ 0000013e1eb36540] Error opening input: Invalid argument
Error opening input file .
Error opening input files: Invalid argument

=== START 2025-08-13T12:44:26.596534 | ch=17 ===
[in#0 @ 00000195f4ab6540] Error opening input: Invalid argument
Error opening input file .
Error opening input files: Invalid argument

=== START 2025-08-13T12:44:31.915619 | ch=17 ===
[in#0 @ 000001dbc1b66540] Error opening input: Invalid argument
Error opening input file .
Error opening input files: Invalid argument

=== START 2025-08-13T12:44:37.226189 | ch=17 ===
[in#0 @ 00000202eb516540] Error opening input: Invalid argument
Error opening input file .
Error opening input files: Invalid argument

=== START 2025-08-13T12:44:42.547993 | ch=17 ===
[in#0 @ 000002ba31726540] Error opening input: Invalid argument
Error opening input file .
Error opening input files: Invalid argument

=== START 2025-08-13T12:44:47.632901 | ch=17 ===
[in#0 @ 000001b67bed6540] Error opening input: Invalid argument
Error opening input file .
Error opening input files: Invalid argument

=== START 2025-08-13T12:44:52.956865 | ch=17 ===
[in#0 @ 00000178253c6540] Error opening input: Invalid argument
Error opening input file .
Error opening input files: Invalid argument

=== START 2025-08-13T12:44:58.296301 | ch=17 ===
[in#0 @ 000001a7cb8a6540] Error opening input: Invalid argument
Error opening input file .
Error opening input files: Invalid argument

=== START 2025-08-13T12:45:03.618334 | ch=17 ===
[in#0 @ 0000021fc2af6540] Error opening input: Invalid argument
Error opening input file .
Error opening input files: Invalid argument

=== START 2025-08-13T12:45:08.955372 | ch=17 ===
[in#0 @ 00000202862c6540] Error opening input: Invalid argument
Error opening input file .
Error opening input files: Invalid argument

=== START 2025-08-13T12:45:14.280876 | ch=17 ===
[in#0 @ 000002b3d9ce6540] Error opening input: Invalid argument
Error opening input file .
Error opening input files: Invalid argument

=== START 2025-08-13T12:45:19.625333 | ch=17 ===
[in#0 @ 000002807f0c6540] Error opening input: Invalid argument
Error opening input file .
Error opening input files: Invalid argument

=== START 2025-08-13T12:45:24.958737 | ch=17 ===
[in#0 @ 000001d2ca816540] Error opening input: Invalid argument
Error opening input file .
Error opening input files: Invalid argument

=== START 2025-08-13T12:45:30.287726 | ch=17 ===
[in#0 @ 0000016f983c6540] Error opening input: Invalid argument
Error opening input file .
Error opening input files: Invalid argument

=== START 2025-08-13T12:45:35.611798 | ch=17 ===
[in#0 @ 0000023547b36540] Error opening input: Invalid argument
Error opening input file .
Error opening input files: Invalid argument

=== START 2025-08-13T12:45:40.948510 | ch=17 ===
[in#0 @ 00000264b4dc6540] Error opening input: Invalid argument
Error opening input file .
Error opening input files: Invalid argument

=== START 2025-08-13T12:45:46.287250 | ch=17 ===
[in#0 @ 00000255a29b6540] Error opening input: Invalid argument
Error opening input file .
Error opening input files: Invalid argument

=== START 2025-08-13T12:45:51.624567 | ch=17 ===
[in#0 @ 0000016a538e6540] Error opening input: Invalid argument
Error opening input file .
Error opening input files: Invalid argument

=== START 2025-08-13T12:45:56.961535 | ch=17 ===
[in#0 @ 000001a7d5766540] Error opening input: Invalid argument
Error opening input file .
Error opening input files: Invalid argument

=== START 2025-08-13T12:46:02.292015 | ch=17 ===
[in#0 @ 00000227a29d6540] Error opening input: Invalid argument
Error opening input file .
Error opening input files: Invalid argument

=== START 2025-08-13T12:46:07.624500 | ch=17 ===
[in#0 @ 00000299229d6540] Error opening input: Invalid argument
Error opening input file .
Error opening input files: Invalid argument

=== START 2025-08-13T12:46:12.976330 | ch=17 ===
[in#0 @ 0000026ecf1e6540] Error opening input: Invalid argument
Error opening input file .
Error opening input files: Invalid argument

=== START 2025-08-13T12:46:18.320114 | ch=17 ===
[in#0 @ 000001824a346540] Error opening input: Invalid argument
Error opening input file .
Error opening input files: Invalid argument

=== START 2025-08-13T12:46:23.651076 | ch=17 ===
[in#0 @ 0000017790ea6540] Error opening input: Invalid argument
Error opening input file .
Error opening input files: Invalid argument

=== START 2025-08-13T12:46:28.977328 | ch=17 ===
[in#0 @ 000001ad2eec6540] Error opening input: Invalid argument
Error opening input file .
Error opening input files: Invalid argument

=== START 2025-08-13T12:46:34.298652 | ch=17 ===
[in#0 @ 000001cc8eed6540] Error opening input: Invalid argument
Error opening input file .
Error opening input files: Invalid argument

=== START 2025-08-13T12:46:39.635580 | ch=17 ===
[in#0 @ 000001ec0e646540] Error opening input: Invalid argument
Error opening input file .
Error opening input files: Invalid argument

=== START 2025-08-13T12:46:44.977122 | ch=17 ===
[in#0 @ 00000144bfb96540] Error opening input: Invalid argument
Error opening input file .
Error opening input files: Invalid argument

=== START 2025-08-13T12:46:50.312292 | ch=17 ===
[in#0 @ 0000011b5f776540] Error opening input: Invalid argument
Error opening input file .
Error opening input files: Invalid argument

=== START 2025-08-13T12:46:55.657533 | ch=17 ===
[in#0 @ 000001ecc02c6540] Error opening input: Invalid argument
Error opening input file .
Error opening input files: Invalid argument

=== START 2025-08-13T12:47:00.976099 | ch=17 ===
[in#0 @ 000001ed2bf86540] Error opening input: Invalid argument
Error opening input file .
Error opening input files: Invalid argument

=== START 2025-08-13T12:47:06.310354 | ch=17 ===
[in#0 @ 00000126e7536540] Error opening input: Invalid argument
Error opening input file .
Error opening input files: Invalid argument

=== START 2025-08-13T12:47:11.641193 | ch=17 ===
[in#0 @ 0000028053336540] Error opening input: Invalid argument
Error opening input file .
Error opening input files: Invalid argument

=== START 2025-08-13T12:47:16.967627 | ch=17 ===
[in#0 @ 000001ee86af6540] Error opening input: Invalid argument
Error opening input file .
Error opening input files: Invalid argument

=== START 2025-08-13T12:47:22.298685 | ch=17 ===
[in#0 @ 000001ef558a6540] Error opening input: Invalid argument
Error opening input file .
Error opening input files: Invalid argument

=== START 2025-08-13T12:47:27.628341 | ch=17 ===
[in#0 @ 000002b750026540] Error opening input: Invalid argument
Error opening input file .
Error opening input files: Invalid argument

=== START 2025-08-13T12:47:32.955418 | ch=17 ===
[in#0 @ 000001e602ed6540] Error opening input: Invalid argument
Error opening input file .
Error opening input files: Invalid argument

=== START 2025-08-13T12:47:38.282183 | ch=17 ===
[in#0 @ 0000021488546540] Error opening input: Invalid argument
Error opening input file .
Error opening input files: Invalid argument

=== START 2025-08-13T12:47:43.607876 | ch=17 ===
[in#0 @ 00000259e2be6540] Error opening input: Invalid argument
Error opening input file .
Error opening input files: Invalid argument

=== START 2025-08-13T12:47:48.928351 | ch=17 ===
[in#0 @ 000001fa63056540] Error opening input: Invalid argument
Error opening input file .
Error opening input files: Invalid argument

=== START 2025-08-13T12:47:54.253901 | ch=17 ===
[in#0 @ 0000026974c66540] Error opening input: Invalid argument
Error opening input file .
Error opening input files: Invalid argument

=== START 2025-08-13T12:47:59.595941 | ch=17 ===
[in#0 @ 000001c4977f6540] Error opening input: Invalid argument
Error opening input file .
Error opening input files: Invalid argument

=== START 2025-08-13T12:48:04.920559 | ch=17 ===
[in#0 @ 000002b4966d6540] Error opening input: Invalid argument
Error opening input file .
Error opening input files: Invalid argument

=== START 2025-08-13T12:48:10.252321 | ch=17 ===
[in#0 @ 00000224bf196540] Error opening input: Invalid argument
Error opening input file .
Error opening input files: Invalid argument

=== START 2025-08-13T12:48:15.586849 | ch=17 ===
[in#0 @ 0000028f259b6540] Error opening input: Invalid argument
Error opening input file .
Error opening input files: Invalid argument

=== START 2025-08-13T12:48:20.927117 | ch=17 ===
[in#0 @ 000001bfff666540] Error opening input: Invalid argument
Error opening input file .
Error opening input files: Invalid argument

=== START 2025-08-13T12:48:26.263978 | ch=17 ===
[in#0 @ 0000028d1dd26540] Error opening input: Invalid argument
Error opening input file .
Error opening input files: Invalid argument

=== START 2025-08-13T12:48:31.592874 | ch=17 ===
[in#0 @ 000001a611626540] Error opening input: Invalid argument
Error opening input file .
Error opening input files: Invalid argument

=== START 2025-08-13T12:48:36.923764 | ch=17 ===
[in#0 @ 000002ac71656540] Error opening input: Invalid argument
Error opening input file .
Error opening input files: Invalid argument

=== START 2025-08-13T12:48:42.259455 | ch=17 ===
[in#0 @ 000002a8a4d16540] Error opening input: Invalid argument
Error opening input file .
Error opening input files: Invalid argument

=== START 2025-08-13T12:48:47.587082 | ch=17 ===
[in#0 @ 000001b0768b6540] Error opening input: Invalid argument
Error opening input file .
Error opening input files: Invalid argument

=== START 2025-08-13T12:48:52.924562 | ch=17 ===
[in#0 @ 000001ef52056540] Error opening input: Invalid argument
Error opening input file .
Error opening input files: Invalid argument

=== START 2025-08-13T12:48:58.239142 | ch=17 ===
[in#0 @ 0000025257976540] Error opening input: Invalid argument
Error opening input file .
Error opening input files: Invalid argument

=== START 2025-08-13T12:49:03.571694 | ch=17 ===
[in#0 @ 00000230795b6540] Error opening input: Invalid argument
Error opening input file .
Error opening input files: Invalid argument

=== START 2025-08-13T12:49:08.906322 | ch=17 ===
[in#0 @ 0000018755906540] Error opening input: Invalid argument
Error opening input file .
Error opening input files: Invalid argument

=== START 2025-08-13T12:49:14.245769 | ch=17 ===
[in#0 @ 0000021ef38e6540] Error opening input: Invalid argument
Error opening input file .
Error opening input files: Invalid argument

=== START 2025-08-13T12:49:19.579423 | ch=17 ===
[in#0 @ 0000025ca35f6540] Error opening input: Invalid argument
Error opening input file .
Error opening input files: Invalid argument

=== START 2025-08-13T12:49:24.911387 | ch=17 ===
[in#0 @ 0000013e9c286540] Error opening input: Invalid argument
Error opening input file .
Error opening input files: Invalid argument

=== START 2025-08-13T12:49:30.242004 | ch=17 ===
[in#0 @ 000001c040366540] Error opening input: Invalid argument
Error opening input file .
Error opening input files: Invalid argument

=== START 2025-08-13T12:49:35.574124 | ch=17 ===
[in#0 @ 0000018b321b6540] Error opening input: Invalid argument
Error opening input file .
Error opening input files: Invalid argument

=== START 2025-08-13T12:49:40.908853 | ch=17 ===
[in#0 @ 000001db02c26540] Error opening input: Invalid argument
Error opening input file .
Error opening input files: Invalid argument

=== START 2025-08-13T12:49:46.243308 | ch=17 ===
[in#0 @ 00000236a07b6540] Error opening input: Invalid argument
Error opening input file .
Error opening input files: Invalid argument

=== START 2025-08-13T12:49:51.576004 | ch=17 ===
[in#0 @ 000002a48abd6540] Error opening input: Invalid argument
Error opening input file .
Error opening input files: Invalid argument

=== START 2025-08-13T12:49:56.912275 | ch=17 ===
[in#0 @ 000002c0bd4c6540] Error opening input: Invalid argument
Error opening input file .
Error opening input files: Invalid argument

=== START 2025-08-13T12:50:02.239108 | ch=17 ===
[in#0 @ 00000228e53d6540] Error opening input: Invalid argument
Error opening input file .
Error opening input files: Invalid argument

=== START 2025-08-13T12:50:07.563079 | ch=17 ===
[in#0 @ 0000010f31196540] Error opening input: Invalid argument
Error opening input file .
Error opening input files: Invalid argument

=== START 2025-08-13T12:50:12.892123 | ch=17 ===
[in#0 @ 00000216c2ae6540] Error opening input: Invalid argument
Error opening input file .
Error opening input files: Invalid argument

=== START 2025-08-13T12:50:18.220746 | ch=17 ===
[in#0 @ 000001dc30516540] Error opening input: Invalid argument
Error opening input file .
Error opening input files: Invalid argument

=== START 2025-08-13T12:50:23.556492 | ch=17 ===
[in#0 @ 0000023cffed6540] Error opening input: Invalid argument
Error opening input file .
Error opening input files: Invalid argument

=== START 2025-08-13T12:50:28.889082 | ch=17 ===
[in#0 @ 000001da430b6540] Error opening input: Invalid argument
Error opening input file .
Error opening input files: Invalid argument

=== START 2025-08-13T12:50:34.223947 | ch=17 ===
[in#0 @ 0000018ee4a46540] Error opening input: Invalid argument
Error opening input file .
Error opening input files: Invalid argument

=== START 2025-08-13T12:50:39.559380 | ch=17 ===
[in#0 @ 000001822a016540] Error opening input: Invalid argument
Error opening input file .
Error opening input files: Invalid argument

=== START 2025-08-13T12:50:44.889896 | ch=17 ===
[in#0 @ 00000190506f6540] Error opening input: Invalid argument
Error opening input file .
Error opening input files: Invalid argument

=== START 2025-08-13T12:50:50.225266 | ch=17 ===
[in#0 @ 0000021d5d236540] Error opening input: Invalid argument
Error opening input file .
Error opening input files: Invalid argument

=== START 2025-08-13T12:50:55.561359 | ch=17 ===
[in#0 @ 000001a0c2e16540] Error opening input: Invalid argument
Error opening input file .
Error opening input files: Invalid argument

=== START 2025-08-13T12:51:00.888788 | ch=17 ===
[in#0 @ 000002b1a6cf6540] Error opening input: Invalid argument
Error opening input file .
Error opening input files: Invalid argument

=== START 2025-08-13T12:51:06.220330 | ch=17 ===
[in#0 @ 0000025f7b106540] Error opening input: Invalid argument
Error opening input file .
Error opening input files: Invalid argument

=== START 2025-08-13T12:51:11.552929 | ch=17 ===
[in#0 @ 0000026310946540] Error opening input: Invalid argument
Error opening input file .
Error opening input files: Invalid argument

=== START 2025-08-13T12:51:16.882934 | ch=17 ===
[in#0 @ 00000213a8f36540] Error opening input: Invalid argument
Error opening input file .
Error opening input files: Invalid argument

=== START 2025-08-13T12:51:22.220855 | ch=17 ===
[in#0 @ 0000029e9f1f6540] Error opening input: Invalid argument
Error opening input file .
Error opening input files: Invalid argument

=== START 2025-08-13T12:51:27.568995 | ch=17 ===
[in#0 @ 000002bedb756540] Error opening input: Invalid argument
Error opening input file .
Error opening input files: Invalid argument

=== START 2025-08-13T12:51:32.892384 | ch=17 ===
[in#0 @ 000001b64f2e6540] Error opening input: Invalid argument
Error opening input file .
Error opening input files: Invalid argument

=== START 2025-08-13T12:51:38.216280 | ch=17 ===
[in#0 @ 000001784ef56540] Error opening input: Invalid argument
Error opening input file .
Error opening input files: Invalid argument

=== START 2025-08-13T12:51:43.549130 | ch=17 ===
[in#0 @ 00000208aa386540] Error opening input: Invalid argument
Error opening input file .
Error opening input files: Invalid argument

=== START 2025-08-13T12:51:48.880896 | ch=17 ===
[in#0 @ 000002059f3c6540] Error opening input: Invalid argument
Error opening input file .
Error opening input files: Invalid argument
