
=== START 2025-08-13T12:17:04.015909 | ch=19 ===
[in#0 @ 0000013eca606540] Error opening input: Invalid argument
Error opening input file .
Error opening input files: Invalid argument

=== START 2025-08-13T12:17:09.395582 | ch=19 ===
[in#0 @ 0000022825966540] Error opening input: Invalid argument
Error opening input file .
Error opening input files: Invalid argument

=== START 2025-08-13T12:17:14.735097 | ch=19 ===
[in#0 @ 0000017ce1ef6540] Error opening input: Invalid argument
Error opening input file .
Error opening input files: Invalid argument

=== START 2025-08-13T12:17:20.072588 | ch=19 ===
[in#0 @ 00000259b7a56540] Error opening input: Invalid argument
Error opening input file .
Error opening input files: Invalid argument

=== START 2025-08-13T12:17:25.391835 | ch=19 ===
[in#0 @ 000002a4be7a6540] Error opening input: Invalid argument
Error opening input file .
Error opening input files: Invalid argument

=== START 2025-08-13T12:17:30.720187 | ch=19 ===
[in#0 @ 000001a416576540] Error opening input: Invalid argument
Error opening input file .
Error opening input files: Invalid argument

=== START 2025-08-13T12:17:36.046693 | ch=19 ===
[in#0 @ 0000022489286540] Error opening input: Invalid argument
Error opening input file .
Error opening input files: Invalid argument

=== START 2025-08-13T12:17:41.372754 | ch=19 ===
[in#0 @ 00000187df0f6540] Error opening input: Invalid argument
Error opening input file .
Error opening input files: Invalid argument

=== START 2025-08-13T12:17:46.752982 | ch=19 ===
[in#0 @ 0000015f30ad6540] Error opening input: Invalid argument
Error opening input file .
Error opening input files: Invalid argument

=== START 2025-08-13T12:17:52.094559 | ch=19 ===
[in#0 @ 000001ca8a506540] Error opening input: Invalid argument
Error opening input file .
Error opening input files: Invalid argument

=== START 2025-08-13T12:17:57.413176 | ch=19 ===
[in#0 @ 0000016b8e186540] Error opening input: Invalid argument
Error opening input file .
Error opening input files: Invalid argument

=== START 2025-08-13T12:18:02.744523 | ch=19 ===
[in#0 @ 0000025bfbad6540] Error opening input: Invalid argument
Error opening input file .
Error opening input files: Invalid argument

=== START 2025-08-13T12:18:08.077169 | ch=19 ===
[in#0 @ 000001d5a96a6540] Error opening input: Invalid argument
Error opening input file .
Error opening input files: Invalid argument

=== START 2025-08-13T12:18:13.412829 | ch=19 ===
[in#0 @ 0000026190646540] Error opening input: Invalid argument
Error opening input file .
Error opening input files: Invalid argument

=== START 2025-08-13T12:18:18.732813 | ch=19 ===
[in#0 @ 000001f3a97d6540] Error opening input: Invalid argument
Error opening input file .
Error opening input files: Invalid argument

=== START 2025-08-13T12:18:24.062189 | ch=19 ===
[in#0 @ 0000021448476540] Error opening input: Invalid argument
Error opening input file .
Error opening input files: Invalid argument

=== START 2025-08-13T12:18:29.398551 | ch=19 ===
[in#0 @ 0000021bcaba6540] Error opening input: Invalid argument
Error opening input file .
Error opening input files: Invalid argument

=== START 2025-08-13T12:18:34.726382 | ch=19 ===
[in#0 @ 0000014ca0b96540] Error opening input: Invalid argument
Error opening input file .
Error opening input files: Invalid argument

=== START 2025-08-13T12:18:40.053811 | ch=19 ===
[in#0 @ 000001f39c5c6540] Error opening input: Invalid argument
Error opening input file .
Error opening input files: Invalid argument

=== START 2025-08-13T12:18:45.383977 | ch=19 ===
[in#0 @ 000001b0e1996540] Error opening input: Invalid argument
Error opening input file .
Error opening input files: Invalid argument

=== START 2025-08-13T12:18:50.704225 | ch=19 ===
[in#0 @ 000001cec3486540] Error opening input: Invalid argument
Error opening input file .
Error opening input files: Invalid argument

=== START 2025-08-13T12:18:56.030132 | ch=19 ===
[in#0 @ 000001451cfd6540] Error opening input: Invalid argument
Error opening input file .
Error opening input files: Invalid argument

=== START 2025-08-13T12:19:01.360170 | ch=19 ===
[in#0 @ 0000024a9a0a6540] Error opening input: Invalid argument
Error opening input file .
Error opening input files: Invalid argument

=== START 2025-08-13T12:19:06.681703 | ch=19 ===
[in#0 @ 0000021a25b86540] Error opening input: Invalid argument
Error opening input file .
Error opening input files: Invalid argument

=== START 2025-08-13T12:19:12.005563 | ch=19 ===
[in#0 @ 000001cfc3e16540] Error opening input: Invalid argument
Error opening input file .
Error opening input files: Invalid argument

=== START 2025-08-13T12:19:17.334470 | ch=19 ===
[in#0 @ 000002a827e26540] Error opening input: Invalid argument
Error opening input file .
Error opening input files: Invalid argument

=== START 2025-08-13T12:19:22.661541 | ch=19 ===
[in#0 @ 000002b6f77b6540] Error opening input: Invalid argument
Error opening input file .
Error opening input files: Invalid argument

=== START 2025-08-13T12:19:27.982284 | ch=19 ===
[in#0 @ 0000022802346540] Error opening input: Invalid argument
Error opening input file .
Error opening input files: Invalid argument

=== START 2025-08-13T12:19:33.304499 | ch=19 ===
[in#0 @ 000001adb04f6540] Error opening input: Invalid argument
Error opening input file .
Error opening input files: Invalid argument

=== START 2025-08-13T12:19:38.622344 | ch=19 ===
[in#0 @ 000002d7f9106540] Error opening input: Invalid argument
Error opening input file .
Error opening input files: Invalid argument

=== START 2025-08-13T12:19:43.939108 | ch=19 ===
[in#0 @ 0000025f8faa6540] Error opening input: Invalid argument
Error opening input file .
Error opening input files: Invalid argument

=== START 2025-08-13T12:19:49.264467 | ch=19 ===
[in#0 @ 000001b3326d6540] Error opening input: Invalid argument
Error opening input file .
Error opening input files: Invalid argument

=== START 2025-08-13T12:19:54.587074 | ch=19 ===
[in#0 @ 000001fe7e036540] Error opening input: Invalid argument
Error opening input file .
Error opening input files: Invalid argument

=== START 2025-08-13T12:19:59.911710 | ch=19 ===
[in#0 @ 000001d687b16540] Error opening input: Invalid argument
Error opening input file .
Error opening input files: Invalid argument

=== START 2025-08-13T12:20:05.248145 | ch=19 ===
[in#0 @ 00000220483b6540] Error opening input: Invalid argument
Error opening input file .
Error opening input files: Invalid argument

=== START 2025-08-13T12:20:10.576448 | ch=19 ===
[in#0 @ 0000024582096540] Error opening input: Invalid argument
Error opening input file .
Error opening input files: Invalid argument

=== START 2025-08-13T12:20:15.902174 | ch=19 ===
[in#0 @ 000002c786bd6540] Error opening input: Invalid argument
Error opening input file .
Error opening input files: Invalid argument

=== START 2025-08-13T12:20:21.245430 | ch=19 ===
[in#0 @ 0000015576086540] Error opening input: Invalid argument
Error opening input file .
Error opening input files: Invalid argument

=== START 2025-08-13T12:20:26.581975 | ch=19 ===
[in#0 @ 0000029c67996540] Error opening input: Invalid argument
Error opening input file .
Error opening input files: Invalid argument

=== START 2025-08-13T12:20:31.910812 | ch=19 ===
[in#0 @ 000002112bfb6540] Error opening input: Invalid argument
Error opening input file .
Error opening input files: Invalid argument

=== START 2025-08-13T12:20:37.240152 | ch=19 ===
[in#0 @ 000001d81fb86540] Error opening input: Invalid argument
Error opening input file .
Error opening input files: Invalid argument

=== START 2025-08-13T12:20:42.586931 | ch=19 ===
[in#0 @ 000001a1330f6540] Error opening input: Invalid argument
Error opening input file .
Error opening input files: Invalid argument

=== START 2025-08-13T12:20:47.915422 | ch=19 ===
[in#0 @ 0000021d94516540] Error opening input: Invalid argument
Error opening input file .
Error opening input files: Invalid argument

=== START 2025-08-13T12:20:53.246276 | ch=19 ===
[in#0 @ 0000020984156540] Error opening input: Invalid argument
Error opening input file .
Error opening input files: Invalid argument

=== START 2025-08-13T12:20:58.584506 | ch=19 ===
[in#0 @ 0000018a457c6540] Error opening input: Invalid argument
Error opening input file .
Error opening input files: Invalid argument

=== START 2025-08-13T12:21:03.912669 | ch=19 ===
[in#0 @ 0000021f35d26540] Error opening input: Invalid argument
Error opening input file .
Error opening input files: Invalid argument

=== START 2025-08-13T12:21:09.239384 | ch=19 ===
[in#0 @ 000002aef1f26540] Error opening input: Invalid argument
Error opening input file .
Error opening input files: Invalid argument

=== START 2025-08-13T12:21:14.569453 | ch=19 ===
[in#0 @ 000001e3f6b76540] Error opening input: Invalid argument
Error opening input file .
Error opening input files: Invalid argument

=== START 2025-08-13T12:21:19.902934 | ch=19 ===
[in#0 @ 0000015ee2176540] Error opening input: Invalid argument
Error opening input file .
Error opening input files: Invalid argument

=== START 2025-08-13T12:21:25.249562 | ch=19 ===
[in#0 @ 0000027243c56540] Error opening input: Invalid argument
Error opening input file .
Error opening input files: Invalid argument

=== START 2025-08-13T12:21:30.579671 | ch=19 ===
[in#0 @ 0000014f6d816540] Error opening input: Invalid argument
Error opening input file .
Error opening input files: Invalid argument

=== START 2025-08-13T12:21:35.907737 | ch=19 ===
[in#0 @ 00000221b9926540] Error opening input: Invalid argument
Error opening input file .
Error opening input files: Invalid argument

=== START 2025-08-13T12:21:41.235214 | ch=19 ===
[in#0 @ 000002276f956540] Error opening input: Invalid argument
Error opening input file .
Error opening input files: Invalid argument

=== START 2025-08-13T12:21:46.569402 | ch=19 ===
[in#0 @ 000001cb579c6540] Error opening input: Invalid argument
Error opening input file .
Error opening input files: Invalid argument

=== START 2025-08-13T12:21:51.905609 | ch=19 ===
[in#0 @ 000002910c516540] Error opening input: Invalid argument
Error opening input file .
Error opening input files: Invalid argument

=== START 2025-08-13T12:21:57.241581 | ch=19 ===
[in#0 @ 00000276420d6540] Error opening input: Invalid argument
Error opening input file .
Error opening input files: Invalid argument

=== START 2025-08-13T12:22:02.575703 | ch=19 ===
[in#0 @ 000002b65b0c6540] Error opening input: Invalid argument
Error opening input file .
Error opening input files: Invalid argument

=== START 2025-08-13T12:22:07.900401 | ch=19 ===
[in#0 @ 000002c13f206540] Error opening input: Invalid argument
Error opening input file .
Error opening input files: Invalid argument

=== START 2025-08-13T12:22:13.226601 | ch=19 ===
[in#0 @ 0000010d71d06540] Error opening input: Invalid argument
Error opening input file .
Error opening input files: Invalid argument

=== START 2025-08-13T12:22:18.557625 | ch=19 ===
[in#0 @ 000002acb56e6540] Error opening input: Invalid argument
Error opening input file .
Error opening input files: Invalid argument

=== START 2025-08-13T12:22:23.890047 | ch=19 ===
[in#0 @ 000002727b386540] Error opening input: Invalid argument
Error opening input file .
Error opening input files: Invalid argument

=== START 2025-08-13T12:22:29.210140 | ch=19 ===
[in#0 @ 0000013c06316540] Error opening input: Invalid argument
Error opening input file .
Error opening input files: Invalid argument

=== START 2025-08-13T12:22:34.536311 | ch=19 ===
[in#0 @ 0000022a9bd06540] Error opening input: Invalid argument
Error opening input file .
Error opening input files: Invalid argument

=== START 2025-08-13T12:22:39.867547 | ch=19 ===
[in#0 @ 000001aa28cf6540] Error opening input: Invalid argument
Error opening input file .
Error opening input files: Invalid argument

=== START 2025-08-13T12:22:45.193506 | ch=19 ===
[in#0 @ 000001e80dbf6540] Error opening input: Invalid argument
Error opening input file .
Error opening input files: Invalid argument

=== START 2025-08-13T12:22:50.516461 | ch=19 ===
[in#0 @ 00000242b88f6540] Error opening input: Invalid argument
Error opening input file .
Error opening input files: Invalid argument

=== START 2025-08-13T12:22:55.851632 | ch=19 ===
[in#0 @ 0000021af0096540] Error opening input: Invalid argument
Error opening input file .
Error opening input files: Invalid argument

=== START 2025-08-13T12:23:01.197500 | ch=19 ===
[in#0 @ 00000239a6656540] Error opening input: Invalid argument
Error opening input file .
Error opening input files: Invalid argument

=== START 2025-08-13T12:23:06.528866 | ch=19 ===
[in#0 @ 000001cdc0d66540] Error opening input: Invalid argument
Error opening input file .
Error opening input files: Invalid argument

=== START 2025-08-13T12:23:11.862290 | ch=19 ===
[in#0 @ 00000232e7de6540] Error opening input: Invalid argument
Error opening input file .
Error opening input files: Invalid argument

=== START 2025-08-13T12:23:17.188279 | ch=19 ===
[in#0 @ 000002603d786540] Error opening input: Invalid argument
Error opening input file .
Error opening input files: Invalid argument

=== START 2025-08-13T12:23:22.522473 | ch=19 ===
[in#0 @ 000001561c126540] Error opening input: Invalid argument
Error opening input file .
Error opening input files: Invalid argument

=== START 2025-08-13T12:23:27.851435 | ch=19 ===
[in#0 @ 00000270b0976540] Error opening input: Invalid argument
Error opening input file .
Error opening input files: Invalid argument

=== START 2025-08-13T12:23:33.180305 | ch=19 ===
[in#0 @ 0000026cb10d6540] Error opening input: Invalid argument
Error opening input file .
Error opening input files: Invalid argument

=== START 2025-08-13T12:23:38.511168 | ch=19 ===
[in#0 @ 00000197997f6540] Error opening input: Invalid argument
Error opening input file .
Error opening input files: Invalid argument

=== START 2025-08-13T12:23:43.840577 | ch=19 ===
[in#0 @ 0000024d67466540] Error opening input: Invalid argument
Error opening input file .
Error opening input files: Invalid argument

=== START 2025-08-13T12:23:49.170274 | ch=19 ===
[in#0 @ 000002526ad26540] Error opening input: Invalid argument
Error opening input file .
Error opening input files: Invalid argument

=== START 2025-08-13T12:23:54.508885 | ch=19 ===
[in#0 @ 000002a7b9e66540] Error opening input: Invalid argument
Error opening input file .
Error opening input files: Invalid argument

=== START 2025-08-13T12:23:59.844993 | ch=19 ===
[in#0 @ 0000016dce7b6540] Error opening input: Invalid argument
Error opening input file .
Error opening input files: Invalid argument

=== START 2025-08-13T12:24:05.173672 | ch=19 ===
[in#0 @ 000001c4a6bf6540] Error opening input: Invalid argument
Error opening input file .
Error opening input files: Invalid argument

=== START 2025-08-13T12:24:10.508475 | ch=19 ===
[in#0 @ 000002aeb7866540] Error opening input: Invalid argument
Error opening input file .
Error opening input files: Invalid argument

=== START 2025-08-13T12:24:15.845700 | ch=19 ===
[in#0 @ 00000164b6b56540] Error opening input: Invalid argument
Error opening input file .
Error opening input files: Invalid argument

=== START 2025-08-13T12:24:21.170368 | ch=19 ===
[in#0 @ 000001e282ef6540] Error opening input: Invalid argument
Error opening input file .
Error opening input files: Invalid argument

=== START 2025-08-13T12:24:26.492305 | ch=19 ===
[in#0 @ 000002b8b6446540] Error opening input: Invalid argument
Error opening input file .
Error opening input files: Invalid argument

=== START 2025-08-13T12:24:31.821347 | ch=19 ===
[in#0 @ 000001c6ebb66540] Error opening input: Invalid argument
Error opening input file .
Error opening input files: Invalid argument

=== START 2025-08-13T12:24:37.162011 | ch=19 ===
[in#0 @ 00000246cfd86540] Error opening input: Invalid argument
Error opening input file .
Error opening input files: Invalid argument

=== START 2025-08-13T12:24:42.489793 | ch=19 ===
[in#0 @ 000001d3109b6540] Error opening input: Invalid argument
Error opening input file .
Error opening input files: Invalid argument

=== START 2025-08-13T12:24:47.820449 | ch=19 ===
[in#0 @ 000001cea91e6540] Error opening input: Invalid argument
Error opening input file .
Error opening input files: Invalid argument

=== START 2025-08-13T12:24:53.149139 | ch=19 ===
[in#0 @ 000002bbc3636540] Error opening input: Invalid argument
Error opening input file .
Error opening input files: Invalid argument

=== START 2025-08-13T12:24:58.483023 | ch=19 ===
[in#0 @ 00000226f0ea6540] Error opening input: Invalid argument
Error opening input file .
Error opening input files: Invalid argument

=== START 2025-08-13T12:25:03.809193 | ch=19 ===
[in#0 @ 000001a6a42d6540] Error opening input: Invalid argument
Error opening input file .
Error opening input files: Invalid argument

=== START 2025-08-13T12:25:09.145572 | ch=19 ===
[in#0 @ 0000025c3d8e6540] Error opening input: Invalid argument
Error opening input file .
Error opening input files: Invalid argument

=== START 2025-08-13T12:25:14.472739 | ch=19 ===
[in#0 @ 000001e648286540] Error opening input: Invalid argument
Error opening input file .
Error opening input files: Invalid argument

=== START 2025-08-13T12:25:19.791999 | ch=19 ===
[in#0 @ 000001a1c4bc6540] Error opening input: Invalid argument
Error opening input file .
Error opening input files: Invalid argument

=== START 2025-08-13T12:25:25.133286 | ch=19 ===
[in#0 @ 00000247bdf46540] Error opening input: Invalid argument
Error opening input file .
Error opening input files: Invalid argument

=== START 2025-08-13T12:25:30.468786 | ch=19 ===
[in#0 @ 0000026d95b06540] Error opening input: Invalid argument
Error opening input file .
Error opening input files: Invalid argument

=== START 2025-08-13T12:25:35.798956 | ch=19 ===
[in#0 @ 000002ce879e6540] Error opening input: Invalid argument
Error opening input file .
Error opening input files: Invalid argument

=== START 2025-08-13T12:25:41.120991 | ch=19 ===
[in#0 @ 00000195fe106540] Error opening input: Invalid argument
Error opening input file .
Error opening input files: Invalid argument

=== START 2025-08-13T12:25:46.445822 | ch=19 ===
[in#0 @ 0000026a6e916540] Error opening input: Invalid argument
Error opening input file .
Error opening input files: Invalid argument

=== START 2025-08-13T12:25:51.780522 | ch=19 ===
[in#0 @ 0000023b02016540] Error opening input: Invalid argument
Error opening input file .
Error opening input files: Invalid argument

=== START 2025-08-13T12:25:57.107733 | ch=19 ===
[in#0 @ 000001d0b6426540] Error opening input: Invalid argument
Error opening input file .
Error opening input files: Invalid argument

=== START 2025-08-13T12:26:02.440831 | ch=19 ===
[in#0 @ 000001c1db946540] Error opening input: Invalid argument
Error opening input file .
Error opening input files: Invalid argument

=== START 2025-08-13T12:26:07.763459 | ch=19 ===
[in#0 @ 000001a92ab46540] Error opening input: Invalid argument
Error opening input file .
Error opening input files: Invalid argument

=== START 2025-08-13T12:26:13.087013 | ch=19 ===
[in#0 @ 0000012abf426540] Error opening input: Invalid argument
Error opening input file .
Error opening input files: Invalid argument

=== START 2025-08-13T12:26:18.418051 | ch=19 ===
[in#0 @ 0000022a35f66540] Error opening input: Invalid argument
Error opening input file .
Error opening input files: Invalid argument

=== START 2025-08-13T12:26:23.745945 | ch=19 ===
[in#0 @ 0000018fdcfb6540] Error opening input: Invalid argument
Error opening input file .
Error opening input files: Invalid argument

=== START 2025-08-13T12:26:29.072747 | ch=19 ===
[in#0 @ 000001b6197f6540] Error opening input: Invalid argument
Error opening input file .
Error opening input files: Invalid argument

=== START 2025-08-13T12:26:34.408418 | ch=19 ===
[in#0 @ 0000021a58806540] Error opening input: Invalid argument
Error opening input file .
Error opening input files: Invalid argument

=== START 2025-08-13T12:26:39.742277 | ch=19 ===
[in#0 @ 000001a1e3446540] Error opening input: Invalid argument
Error opening input file .
Error opening input files: Invalid argument

=== START 2025-08-13T12:26:45.073957 | ch=19 ===
[in#0 @ 0000027c560c6540] Error opening input: Invalid argument
Error opening input file .
Error opening input files: Invalid argument

=== START 2025-08-13T12:26:50.398165 | ch=19 ===
[in#0 @ 00000288b5286540] Error opening input: Invalid argument
Error opening input file .
Error opening input files: Invalid argument

=== START 2025-08-13T12:26:55.730660 | ch=19 ===
[in#0 @ 000002286d566540] Error opening input: Invalid argument
Error opening input file .
Error opening input files: Invalid argument

=== START 2025-08-13T12:27:01.091088 | ch=19 ===
[in#0 @ 000001c12f896540] Error opening input: Invalid argument
Error opening input file .
Error opening input files: Invalid argument

=== START 2025-08-13T12:27:06.413820 | ch=19 ===
[in#0 @ 000001fb314c6540] Error opening input: Invalid argument
Error opening input file .
Error opening input files: Invalid argument

=== START 2025-08-13T12:27:11.741189 | ch=19 ===
[in#0 @ 000001f121f96540] Error opening input: Invalid argument
Error opening input file .
Error opening input files: Invalid argument

=== START 2025-08-13T12:27:17.068988 | ch=19 ===
[in#0 @ 000001ef72506540] Error opening input: Invalid argument
Error opening input file .
Error opening input files: Invalid argument

=== START 2025-08-13T12:27:22.397528 | ch=19 ===
[in#0 @ 0000020bffed6540] Error opening input: Invalid argument
Error opening input file .
Error opening input files: Invalid argument

=== START 2025-08-13T12:27:27.737311 | ch=19 ===
[in#0 @ 000001fa616e6540] Error opening input: Invalid argument
Error opening input file .
Error opening input files: Invalid argument

=== START 2025-08-13T12:37:01.739920 | ch=19 ===
[in#0 @ 0000017403866540] Error opening input: Invalid argument
Error opening input file .
Error opening input files: Invalid argument

=== START 2025-08-13T12:37:07.074837 | ch=19 ===
[in#0 @ 0000018a7c366540] Error opening input: Invalid argument
Error opening input file .
Error opening input files: Invalid argument

=== START 2025-08-13T12:37:12.406431 | ch=19 ===
[in#0 @ 000001eeaa646540] Error opening input: Invalid argument
Error opening input file .
Error opening input files: Invalid argument

=== START 2025-08-13T12:37:17.728984 | ch=19 ===
[in#0 @ 00000237c3346540] Error opening input: Invalid argument
Error opening input file .
Error opening input files: Invalid argument

=== START 2025-08-13T12:37:23.062389 | ch=19 ===
[in#0 @ 000001c57aec6540] Error opening input: Invalid argument
Error opening input file .
Error opening input files: Invalid argument

=== START 2025-08-13T12:37:28.408884 | ch=19 ===
[in#0 @ 00000270d7f96540] Error opening input: Invalid argument
Error opening input file .
Error opening input files: Invalid argument

=== START 2025-08-13T12:37:33.733492 | ch=19 ===
[in#0 @ 000002603e3e6540] Error opening input: Invalid argument
Error opening input file .
Error opening input files: Invalid argument

=== START 2025-08-13T12:37:39.103160 | ch=19 ===
[in#0 @ 0000022cfb4d6540] Error opening input: Invalid argument
Error opening input file .
Error opening input files: Invalid argument

=== START 2025-08-13T12:37:44.415803 | ch=19 ===
[in#0 @ 000001d4f61f6540] Error opening input: Invalid argument
Error opening input file .
Error opening input files: Invalid argument

=== START 2025-08-13T12:37:49.750622 | ch=19 ===
[in#0 @ 0000028356896540] Error opening input: Invalid argument
Error opening input file .
Error opening input files: Invalid argument

=== START 2025-08-13T12:37:55.088503 | ch=19 ===
[in#0 @ 000001c943f76540] Error opening input: Invalid argument
Error opening input file .
Error opening input files: Invalid argument

=== START 2025-08-13T12:38:00.424503 | ch=19 ===
[in#0 @ 000002a47bcc6540] Error opening input: Invalid argument
Error opening input file .
Error opening input files: Invalid argument

=== START 2025-08-13T12:38:05.754728 | ch=19 ===
[in#0 @ 000001eff8ea6540] Error opening input: Invalid argument
Error opening input file .
Error opening input files: Invalid argument

=== START 2025-08-13T12:38:11.078826 | ch=19 ===
[in#0 @ 000001a87ca96540] Error opening input: Invalid argument
Error opening input file .
Error opening input files: Invalid argument

=== START 2025-08-13T12:38:16.412659 | ch=19 ===
[in#0 @ 000001e47b966540] Error opening input: Invalid argument
Error opening input file .
Error opening input files: Invalid argument

=== START 2025-08-13T12:38:21.742138 | ch=19 ===
[in#0 @ 000001b5ba2d6540] Error opening input: Invalid argument
Error opening input file .
Error opening input files: Invalid argument

=== START 2025-08-13T12:38:27.081685 | ch=19 ===
[in#0 @ 000001c1264b6540] Error opening input: Invalid argument
Error opening input file .
Error opening input files: Invalid argument

=== START 2025-08-13T12:38:32.430222 | ch=19 ===
[in#0 @ 0000015bd6a96540] Error opening input: Invalid argument
Error opening input file .
Error opening input files: Invalid argument

=== START 2025-08-13T12:38:37.778260 | ch=19 ===
[in#0 @ 000001f70f8a6540] Error opening input: Invalid argument
Error opening input file .
Error opening input files: Invalid argument

=== START 2025-08-13T12:38:43.127744 | ch=19 ===
[in#0 @ 00000265aa036540] Error opening input: Invalid argument
Error opening input file .
Error opening input files: Invalid argument

=== START 2025-08-13T12:38:48.475689 | ch=19 ===
[in#0 @ 000001be172c6540] Error opening input: Invalid argument
Error opening input file .
Error opening input files: Invalid argument

=== START 2025-08-13T12:38:53.817481 | ch=19 ===
[in#0 @ 00000271e92b6540] Error opening input: Invalid argument
Error opening input file .
Error opening input files: Invalid argument

=== START 2025-08-13T12:38:59.167875 | ch=19 ===
[in#0 @ 0000024f908b6540] Error opening input: Invalid argument
Error opening input file .
Error opening input files: Invalid argument

=== START 2025-08-13T12:39:04.514266 | ch=19 ===
[in#0 @ 000001858a516540] Error opening input: Invalid argument
Error opening input file .
Error opening input files: Invalid argument

=== START 2025-08-13T12:39:09.870187 | ch=19 ===
[in#0 @ 00000254c4b36540] Error opening input: Invalid argument
Error opening input file .
Error opening input files: Invalid argument

=== START 2025-08-13T12:39:15.229233 | ch=19 ===
[in#0 @ 000001fd87766540] Error opening input: Invalid argument
Error opening input file .
Error opening input files: Invalid argument

=== START 2025-08-13T12:39:20.570929 | ch=19 ===
[in#0 @ 0000023a3fe76540] Error opening input: Invalid argument
Error opening input file .
Error opening input files: Invalid argument

=== START 2025-08-13T12:40:27.040765 | ch=19 ===
[in#0 @ 000001ea446b6540] Error opening input: Invalid argument
Error opening input file .
Error opening input files: Invalid argument

=== START 2025-08-13T12:40:32.399405 | ch=19 ===
[in#0 @ 000001b3dcbd6540] Error opening input: Invalid argument
Error opening input file .
Error opening input files: Invalid argument

=== START 2025-08-13T12:40:37.727859 | ch=19 ===
[in#0 @ 0000017a76e76540] Error opening input: Invalid argument
Error opening input file .
Error opening input files: Invalid argument

=== START 2025-08-13T12:40:43.051017 | ch=19 ===
[in#0 @ 000001c9f29d6540] Error opening input: Invalid argument
Error opening input file .
Error opening input files: Invalid argument

=== START 2025-08-13T12:40:48.369695 | ch=19 ===
[in#0 @ 000001991b4e6540] Error opening input: Invalid argument
Error opening input file .
Error opening input files: Invalid argument

=== START 2025-08-13T12:40:53.689578 | ch=19 ===
[in#0 @ 000002a61ee56540] Error opening input: Invalid argument
Error opening input file .
Error opening input files: Invalid argument

=== START 2025-08-13T12:40:59.003251 | ch=19 ===
[in#0 @ 0000022e6ef56540] Error opening input: Invalid argument
Error opening input file .
Error opening input files: Invalid argument

=== START 2025-08-13T12:41:04.320572 | ch=19 ===
[in#0 @ 00000299fbf76540] Error opening input: Invalid argument
Error opening input file .
Error opening input files: Invalid argument

=== START 2025-08-13T12:41:09.634426 | ch=19 ===
[in#0 @ 00000270348d6540] Error opening input: Invalid argument
Error opening input file .
Error opening input files: Invalid argument

=== START 2025-08-13T12:41:14.957338 | ch=19 ===
[in#0 @ 0000020afc336540] Error opening input: Invalid argument
Error opening input file .
Error opening input files: Invalid argument

=== START 2025-08-13T12:41:20.285381 | ch=19 ===
[in#0 @ 000001f161956540] Error opening input: Invalid argument
Error opening input file .
Error opening input files: Invalid argument

=== START 2025-08-13T12:41:25.606797 | ch=19 ===
[in#0 @ 000001b762c76540] Error opening input: Invalid argument
Error opening input file .
Error opening input files: Invalid argument

=== START 2025-08-13T12:41:30.932454 | ch=19 ===
[in#0 @ 000001f9031f6540] Error opening input: Invalid argument
Error opening input file .
Error opening input files: Invalid argument

=== START 2025-08-13T12:41:36.259393 | ch=19 ===
[in#0 @ 0000025f89286540] Error opening input: Invalid argument
Error opening input file .
Error opening input files: Invalid argument

=== START 2025-08-13T12:41:41.600761 | ch=19 ===
[in#0 @ 000001a320f96540] Error opening input: Invalid argument
Error opening input file .
Error opening input files: Invalid argument

=== START 2025-08-13T12:41:46.921680 | ch=19 ===
[in#0 @ 00000262c2226540] Error opening input: Invalid argument
Error opening input file .
Error opening input files: Invalid argument

=== START 2025-08-13T12:41:52.238708 | ch=19 ===
[in#0 @ 000001c4a8d36540] Error opening input: Invalid argument
Error opening input file .
Error opening input files: Invalid argument

=== START 2025-08-13T12:41:57.557953 | ch=19 ===
[in#0 @ 0000023e42c26540] Error opening input: Invalid argument
Error opening input file .
Error opening input files: Invalid argument

=== START 2025-08-13T12:42:02.881798 | ch=19 ===
[in#0 @ 0000021f7a6c6540] Error opening input: Invalid argument
Error opening input file .
Error opening input files: Invalid argument

=== START 2025-08-13T12:42:08.194395 | ch=19 ===
[in#0 @ 0000021ad79c6540] Error opening input: Invalid argument
Error opening input file .
Error opening input files: Invalid argument

=== START 2025-08-13T12:42:13.515142 | ch=19 ===
[in#0 @ 000001d02f586540] Error opening input: Invalid argument
Error opening input file .
Error opening input files: Invalid argument

=== START 2025-08-13T12:42:18.840101 | ch=19 ===
[in#0 @ 00000117ed136540] Error opening input: Invalid argument
Error opening input file .
Error opening input files: Invalid argument

=== START 2025-08-13T12:42:24.167969 | ch=19 ===
[in#0 @ 000001e1e1856540] Error opening input: Invalid argument
Error opening input file .
Error opening input files: Invalid argument

=== START 2025-08-13T12:42:29.493090 | ch=19 ===
[in#0 @ 000001698aae6540] Error opening input: Invalid argument
Error opening input file .
Error opening input files: Invalid argument

=== START 2025-08-13T12:42:34.819086 | ch=19 ===
[in#0 @ 0000024386466540] Error opening input: Invalid argument
Error opening input file .
Error opening input files: Invalid argument

=== START 2025-08-13T12:42:40.148976 | ch=19 ===
[in#0 @ 00000238da0a6540] Error opening input: Invalid argument
Error opening input file .
Error opening input files: Invalid argument

=== START 2025-08-13T12:42:45.481580 | ch=19 ===
[in#0 @ 0000018221586540] Error opening input: Invalid argument
Error opening input file .
Error opening input files: Invalid argument

=== START 2025-08-13T12:42:50.804419 | ch=19 ===
[in#0 @ 0000020bff556540] Error opening input: Invalid argument
Error opening input file .
Error opening input files: Invalid argument

=== START 2025-08-13T12:42:56.119413 | ch=19 ===
[in#0 @ 0000012c37106540] Error opening input: Invalid argument
Error opening input file .
Error opening input files: Invalid argument

=== START 2025-08-13T12:43:01.433407 | ch=19 ===
[in#0 @ 000001c764736540] Error opening input: Invalid argument
Error opening input file .
Error opening input files: Invalid argument

=== START 2025-08-13T12:43:06.753876 | ch=19 ===
[in#0 @ 0000027b13db6540] Error opening input: Invalid argument
Error opening input file .
Error opening input files: Invalid argument

=== START 2025-08-13T12:43:12.079511 | ch=19 ===
[in#0 @ 000001d4ef566540] Error opening input: Invalid argument
Error opening input file .
Error opening input files: Invalid argument

=== START 2025-08-13T12:43:17.413165 | ch=19 ===
[in#0 @ 0000023faedb6540] Error opening input: Invalid argument
Error opening input file .
Error opening input files: Invalid argument

=== START 2025-08-13T12:43:22.724822 | ch=19 ===
[in#0 @ 000001d68c4a6540] Error opening input: Invalid argument
Error opening input file .
Error opening input files: Invalid argument

=== START 2025-08-13T12:43:28.037481 | ch=19 ===
[in#0 @ 000002641b4e6540] Error opening input: Invalid argument
Error opening input file .
Error opening input files: Invalid argument

=== START 2025-08-13T12:43:33.363961 | ch=19 ===
[in#0 @ 0000016d286b6540] Error opening input: Invalid argument
Error opening input file .
Error opening input files: Invalid argument

=== START 2025-08-13T12:43:38.696097 | ch=19 ===
[in#0 @ 000001b2df9d6540] Error opening input: Invalid argument
Error opening input file .
Error opening input files: Invalid argument

=== START 2025-08-13T12:43:44.025288 | ch=19 ===
[in#0 @ 0000021277776540] Error opening input: Invalid argument
Error opening input file .
Error opening input files: Invalid argument

=== START 2025-08-13T12:43:49.349141 | ch=19 ===
[in#0 @ 000002bc671b6540] Error opening input: Invalid argument
Error opening input file .
Error opening input files: Invalid argument

=== START 2025-08-13T12:43:54.675055 | ch=19 ===
[in#0 @ 000001df55a86540] Error opening input: Invalid argument
Error opening input file .
Error opening input files: Invalid argument

=== START 2025-08-13T12:43:59.998692 | ch=19 ===
[in#0 @ 000002a0be076540] Error opening input: Invalid argument
Error opening input file .
Error opening input files: Invalid argument

=== START 2025-08-13T12:44:05.320213 | ch=19 ===
[in#0 @ 000001a7f2ef6540] Error opening input: Invalid argument
Error opening input file .
Error opening input files: Invalid argument

=== START 2025-08-13T12:44:10.642601 | ch=19 ===
[in#0 @ 00000257fd9f6540] Error opening input: Invalid argument
Error opening input file .
Error opening input files: Invalid argument

=== START 2025-08-13T12:44:15.963103 | ch=19 ===
[in#0 @ 00000240e7dc6540] Error opening input: Invalid argument
Error opening input file .
Error opening input files: Invalid argument

=== START 2025-08-13T12:44:21.283283 | ch=19 ===
[in#0 @ 000001656d696540] Error opening input: Invalid argument
Error opening input file .
Error opening input files: Invalid argument

=== START 2025-08-13T12:44:26.608742 | ch=19 ===
[in#0 @ 000002ccff676540] Error opening input: Invalid argument
Error opening input file .
Error opening input files: Invalid argument

=== START 2025-08-13T12:44:31.928819 | ch=19 ===
[in#0 @ 0000013ec2206540] Error opening input: Invalid argument
Error opening input file .
Error opening input files: Invalid argument

=== START 2025-08-13T12:44:37.239268 | ch=19 ===
[in#0 @ 000001d5f4896540] Error opening input: Invalid argument
Error opening input file .
Error opening input files: Invalid argument

=== START 2025-08-13T12:44:42.561857 | ch=19 ===
[in#0 @ 000002fad9426540] Error opening input: Invalid argument
Error opening input file .
Error opening input files: Invalid argument

=== START 2025-08-13T12:44:47.650523 | ch=19 ===
[in#0 @ 000002ca4dea6540] Error opening input: Invalid argument
Error opening input file .
Error opening input files: Invalid argument

=== START 2025-08-13T12:44:52.969600 | ch=19 ===
[in#0 @ 0000027dcd816540] Error opening input: Invalid argument
Error opening input file .
Error opening input files: Invalid argument

=== START 2025-08-13T12:44:58.307962 | ch=19 ===
[in#0 @ 000001a5f2756540] Error opening input: Invalid argument
Error opening input file .
Error opening input files: Invalid argument

=== START 2025-08-13T12:45:03.632002 | ch=19 ===
[in#0 @ 000001ad3fae6540] Error opening input: Invalid argument
Error opening input file .
Error opening input files: Invalid argument

=== START 2025-08-13T12:45:08.966248 | ch=19 ===
[in#0 @ 000001d3fefe6540] Error opening input: Invalid argument
Error opening input file .
Error opening input files: Invalid argument

=== START 2025-08-13T12:45:14.293193 | ch=19 ===
[in#0 @ 00000193157c6540] Error opening input: Invalid argument
Error opening input file .
Error opening input files: Invalid argument

=== START 2025-08-13T12:45:19.638829 | ch=19 ===
[in#0 @ 0000015d70fc6540] Error opening input: Invalid argument
Error opening input file .
Error opening input files: Invalid argument

=== START 2025-08-13T12:45:24.972227 | ch=19 ===
[in#0 @ 000001c897dc6540] Error opening input: Invalid argument
Error opening input file .
Error opening input files: Invalid argument

=== START 2025-08-13T12:45:30.301323 | ch=19 ===
[in#0 @ 0000013b58186540] Error opening input: Invalid argument
Error opening input file .
Error opening input files: Invalid argument

=== START 2025-08-13T12:45:35.625069 | ch=19 ===
[in#0 @ 000001900c436540] Error opening input: Invalid argument
Error opening input file .
Error opening input files: Invalid argument

=== START 2025-08-13T12:45:40.961942 | ch=19 ===
[in#0 @ 0000023844856540] Error opening input: Invalid argument
Error opening input file .
Error opening input files: Invalid argument

=== START 2025-08-13T12:45:46.299563 | ch=19 ===
[in#0 @ 000002d7d6b96540] Error opening input: Invalid argument
Error opening input file .
Error opening input files: Invalid argument

=== START 2025-08-13T12:45:51.636951 | ch=19 ===
[in#0 @ 0000012e3b596540] Error opening input: Invalid argument
Error opening input file .
Error opening input files: Invalid argument

=== START 2025-08-13T12:45:56.973954 | ch=19 ===
[in#0 @ 0000023cfdb56540] Error opening input: Invalid argument
Error opening input file .
Error opening input files: Invalid argument

=== START 2025-08-13T12:46:02.305688 | ch=19 ===
[in#0 @ 000001b853c96540] Error opening input: Invalid argument
Error opening input file .
Error opening input files: Invalid argument

=== START 2025-08-13T12:46:07.638035 | ch=19 ===
[in#0 @ 0000029f3c096540] Error opening input: Invalid argument
Error opening input file .
Error opening input files: Invalid argument

=== START 2025-08-13T12:46:12.990037 | ch=19 ===
[in#0 @ 000001a8ceeb6540] Error opening input: Invalid argument
Error opening input file .
Error opening input files: Invalid argument

=== START 2025-08-13T12:46:18.332262 | ch=19 ===
[in#0 @ 000001d854026540] Error opening input: Invalid argument
Error opening input file .
Error opening input files: Invalid argument

=== START 2025-08-13T12:46:23.664772 | ch=19 ===
[in#0 @ 00000160ff5a6540] Error opening input: Invalid argument
Error opening input file .
Error opening input files: Invalid argument

=== START 2025-08-13T12:46:28.990619 | ch=19 ===
[in#0 @ 000002c88ac16540] Error opening input: Invalid argument
Error opening input file .
Error opening input files: Invalid argument

=== START 2025-08-13T12:46:34.311989 | ch=19 ===
[in#0 @ 00000273819a6540] Error opening input: Invalid argument
Error opening input file .
Error opening input files: Invalid argument

=== START 2025-08-13T12:46:39.649334 | ch=19 ===
[in#0 @ 0000013ee69a6540] Error opening input: Invalid argument
Error opening input file .
Error opening input files: Invalid argument

=== START 2025-08-13T12:46:44.989338 | ch=19 ===
[in#0 @ 000001c082026540] Error opening input: Invalid argument
Error opening input file .
Error opening input files: Invalid argument

=== START 2025-08-13T12:46:50.324456 | ch=19 ===
[in#0 @ 00000235bb6a6540] Error opening input: Invalid argument
Error opening input file .
Error opening input files: Invalid argument

=== START 2025-08-13T12:46:55.669801 | ch=19 ===
[in#0 @ 0000012f640b6540] Error opening input: Invalid argument
Error opening input file .
Error opening input files: Invalid argument

=== START 2025-08-13T12:47:00.990131 | ch=19 ===
[in#0 @ 0000014a9bfe6540] Error opening input: Invalid argument
Error opening input file .
Error opening input files: Invalid argument

=== START 2025-08-13T12:47:06.323938 | ch=19 ===
[in#0 @ 00000212a6da6540] Error opening input: Invalid argument
Error opening input file .
Error opening input files: Invalid argument

=== START 2025-08-13T12:47:11.654419 | ch=19 ===
[in#0 @ 000001ba7e8a6540] Error opening input: Invalid argument
Error opening input file .
Error opening input files: Invalid argument

=== START 2025-08-13T12:47:16.981214 | ch=19 ===
[in#0 @ 000001d5c6926540] Error opening input: Invalid argument
Error opening input file .
Error opening input files: Invalid argument

=== START 2025-08-13T12:47:22.311244 | ch=19 ===
[in#0 @ 000001ebc2da6540] Error opening input: Invalid argument
Error opening input file .
Error opening input files: Invalid argument

=== START 2025-08-13T12:47:27.640624 | ch=19 ===
[in#0 @ 0000015f390c6540] Error opening input: Invalid argument
Error opening input file .
Error opening input files: Invalid argument

=== START 2025-08-13T12:47:32.969067 | ch=19 ===
[in#0 @ 0000023a5b026540] Error opening input: Invalid argument
Error opening input file .
Error opening input files: Invalid argument

=== START 2025-08-13T12:47:38.295409 | ch=19 ===
[in#0 @ 000001deca3f6540] Error opening input: Invalid argument
Error opening input file .
Error opening input files: Invalid argument

=== START 2025-08-13T12:47:43.621114 | ch=19 ===
[in#0 @ 000001b22e976540] Error opening input: Invalid argument
Error opening input file .
Error opening input files: Invalid argument

=== START 2025-08-13T12:47:48.941609 | ch=19 ===
[in#0 @ 000002114ff46540] Error opening input: Invalid argument
Error opening input file .
Error opening input files: Invalid argument

=== START 2025-08-13T12:47:54.267318 | ch=19 ===
[in#0 @ 0000023caa966540] Error opening input: Invalid argument
Error opening input file .
Error opening input files: Invalid argument

=== START 2025-08-13T12:47:59.608339 | ch=19 ===
[in#0 @ 000001914b1c6540] Error opening input: Invalid argument
Error opening input file .
Error opening input files: Invalid argument

=== START 2025-08-13T12:48:04.934298 | ch=19 ===
[in#0 @ 000001cafa9e6540] Error opening input: Invalid argument
Error opening input file .
Error opening input files: Invalid argument

=== START 2025-08-13T12:48:10.265971 | ch=19 ===
[in#0 @ 000001d622ce6540] Error opening input: Invalid argument
Error opening input file .
Error opening input files: Invalid argument

=== START 2025-08-13T12:48:15.600466 | ch=19 ===
[in#0 @ 000001fda72f6540] Error opening input: Invalid argument
Error opening input file .
Error opening input files: Invalid argument

=== START 2025-08-13T12:48:20.939634 | ch=19 ===
[in#0 @ 000001d2c6986540] Error opening input: Invalid argument
Error opening input file .
Error opening input files: Invalid argument

=== START 2025-08-13T12:48:26.276361 | ch=19 ===
[in#0 @ 000002135ef26540] Error opening input: Invalid argument
Error opening input file .
Error opening input files: Invalid argument

=== START 2025-08-13T12:48:31.605181 | ch=19 ===
[in#0 @ 0000021773dd6540] Error opening input: Invalid argument
Error opening input file .
Error opening input files: Invalid argument

=== START 2025-08-13T12:48:36.936060 | ch=19 ===
[in#0 @ 0000025db49a6540] Error opening input: Invalid argument
Error opening input file .
Error opening input files: Invalid argument

=== START 2025-08-13T12:48:42.271964 | ch=19 ===
[in#0 @ 0000027ac0356540] Error opening input: Invalid argument
Error opening input file .
Error opening input files: Invalid argument

=== START 2025-08-13T12:48:47.599495 | ch=19 ===
[in#0 @ 000001af13bc6540] Error opening input: Invalid argument
Error opening input file .
Error opening input files: Invalid argument

=== START 2025-08-13T12:48:52.936892 | ch=19 ===
[in#0 @ 0000021f3db56540] Error opening input: Invalid argument
Error opening input file .
Error opening input files: Invalid argument

=== START 2025-08-13T12:48:58.252206 | ch=19 ===
[in#0 @ 0000016828c66540] Error opening input: Invalid argument
Error opening input file .
Error opening input files: Invalid argument

=== START 2025-08-13T12:49:03.584020 | ch=19 ===
[in#0 @ 000002178d336540] Error opening input: Invalid argument
Error opening input file .
Error opening input files: Invalid argument

=== START 2025-08-13T12:49:08.918670 | ch=19 ===
[in#0 @ 000002761f286540] Error opening input: Invalid argument
Error opening input file .
Error opening input files: Invalid argument

=== START 2025-08-13T12:49:14.258221 | ch=19 ===
[in#0 @ 000001e012b26540] Error opening input: Invalid argument
Error opening input file .
Error opening input files: Invalid argument

=== START 2025-08-13T12:49:19.591744 | ch=19 ===
[in#0 @ 000001af06da6540] Error opening input: Invalid argument
Error opening input file .
Error opening input files: Invalid argument

=== START 2025-08-13T12:49:24.923840 | ch=19 ===
[in#0 @ 000001b10f716540] Error opening input: Invalid argument
Error opening input file .
Error opening input files: Invalid argument

=== START 2025-08-13T12:49:30.254378 | ch=19 ===
[in#0 @ 0000027bab086540] Error opening input: Invalid argument
Error opening input file .
Error opening input files: Invalid argument

=== START 2025-08-13T12:49:35.586553 | ch=19 ===
[in#0 @ 0000016a531f6540] Error opening input: Invalid argument
Error opening input file .
Error opening input files: Invalid argument

=== START 2025-08-13T12:49:40.921168 | ch=19 ===
[in#0 @ 0000018b93d26540] Error opening input: Invalid argument
Error opening input file .
Error opening input files: Invalid argument

=== START 2025-08-13T12:49:46.255721 | ch=19 ===
[in#0 @ 000002aafad66540] Error opening input: Invalid argument
Error opening input file .
Error opening input files: Invalid argument

=== START 2025-08-13T12:49:51.588372 | ch=19 ===
[in#0 @ 0000021a10336540] Error opening input: Invalid argument
Error opening input file .
Error opening input files: Invalid argument

=== START 2025-08-13T12:49:56.924593 | ch=19 ===
[in#0 @ 000001e3daf06540] Error opening input: Invalid argument
Error opening input file .
Error opening input files: Invalid argument

=== START 2025-08-13T12:50:02.251279 | ch=19 ===
[in#0 @ 0000027c0ff96540] Error opening input: Invalid argument
Error opening input file .
Error opening input files: Invalid argument

=== START 2025-08-13T12:50:07.575612 | ch=19 ===
[in#0 @ 0000026506956540] Error opening input: Invalid argument
Error opening input file .
Error opening input files: Invalid argument

=== START 2025-08-13T12:50:12.904429 | ch=19 ===
[in#0 @ 000001f3cc516540] Error opening input: Invalid argument
Error opening input file .
Error opening input files: Invalid argument

=== START 2025-08-13T12:50:18.233128 | ch=19 ===
[in#0 @ 000001c032e16540] Error opening input: Invalid argument
Error opening input file .
Error opening input files: Invalid argument

=== START 2025-08-13T12:50:23.568849 | ch=19 ===
[in#0 @ 0000020b366d6540] Error opening input: Invalid argument
Error opening input file .
Error opening input files: Invalid argument

=== START 2025-08-13T12:50:28.901402 | ch=19 ===
[in#0 @ 000001ddba5d6540] Error opening input: Invalid argument
Error opening input file .
Error opening input files: Invalid argument

=== START 2025-08-13T12:50:34.236413 | ch=19 ===
[in#0 @ 0000016c24646540] Error opening input: Invalid argument
Error opening input file .
Error opening input files: Invalid argument

=== START 2025-08-13T12:50:39.572004 | ch=19 ===
[in#0 @ 0000024023a36540] Error opening input: Invalid argument
Error opening input file .
Error opening input files: Invalid argument

=== START 2025-08-13T12:50:44.902056 | ch=19 ===
[in#0 @ 0000018141816540] Error opening input: Invalid argument
Error opening input file .
Error opening input files: Invalid argument

=== START 2025-08-13T12:50:50.237566 | ch=19 ===
[in#0 @ 00000270cc406540] Error opening input: Invalid argument
Error opening input file .
Error opening input files: Invalid argument

=== START 2025-08-13T12:50:55.573688 | ch=19 ===
[in#0 @ 0000020522266540] Error opening input: Invalid argument
Error opening input file .
Error opening input files: Invalid argument

=== START 2025-08-13T12:51:00.902530 | ch=19 ===
[in#0 @ 000002c7aa556540] Error opening input: Invalid argument
Error opening input file .
Error opening input files: Invalid argument

=== START 2025-08-13T12:51:06.232813 | ch=19 ===
[in#0 @ 000002618b006540] Error opening input: Invalid argument
Error opening input file .
Error opening input files: Invalid argument

=== START 2025-08-13T12:51:11.565205 | ch=19 ===
[in#0 @ 00000220d0626540] Error opening input: Invalid argument
Error opening input file .
Error opening input files: Invalid argument

=== START 2025-08-13T12:51:16.895383 | ch=19 ===
[in#0 @ 000001e63bed6540] Error opening input: Invalid argument
Error opening input file .
Error opening input files: Invalid argument

=== START 2025-08-13T12:51:22.233334 | ch=19 ===
[in#0 @ 00000173e2966540] Error opening input: Invalid argument
Error opening input file .
Error opening input files: Invalid argument

=== START 2025-08-13T12:51:27.581424 | ch=19 ===
[in#0 @ 00000228e51a6540] Error opening input: Invalid argument
Error opening input file .
Error opening input files: Invalid argument

=== START 2025-08-13T12:51:32.905963 | ch=19 ===
[in#0 @ 0000014bcdeb6540] Error opening input: Invalid argument
Error opening input file .
Error opening input files: Invalid argument

=== START 2025-08-13T12:51:38.229434 | ch=19 ===
[in#0 @ 000002ec0c726540] Error opening input: Invalid argument
Error opening input file .
Error opening input files: Invalid argument

=== START 2025-08-13T12:51:43.561509 | ch=19 ===
[in#0 @ 0000016b52d76540] Error opening input: Invalid argument
Error opening input file .
Error opening input files: Invalid argument

=== START 2025-08-13T12:51:48.893858 | ch=19 ===
[in#0 @ 0000020351766540] Error opening input: Invalid argument
Error opening input file .
Error opening input files: Invalid argument
